#
# There is insufficient memory for the Java Runtime Environment to continue.
# Native memory allocation (malloc) failed to allocate 146576 bytes for Chunk::new
# Possible reasons:
#   The system is out of physical RAM or swap space
#   The process is running with CompressedOops enabled, and the Java Heap may be blocking the growth of the native heap
# Possible solutions:
#   Reduce memory load on the system
#   Increase physical memory or swap space
#   Check if swap backing store is full
#   Decrease Java heap size (-Xmx/-Xms)
#   Decrease number of Java threads
#   Decrease Java thread stack sizes (-Xss)
#   Set larger code cache with -XX:ReservedCodeCacheSize=
#   JVM is running with Unscaled Compressed Oops mode in which the Java heap is
#     placed in the first 4GB address space. The Java Heap base address is the
#     maximum limit for the native heap growth. Please use -XX:HeapBaseMinAddress
#     to set the Java Heap base and to place the Java Heap above 4GB virtual address.
# This output file may be truncated or incomplete.
#
#  Out of Memory Error (./src/hotspot/share/memory/arena.cpp:197), pid=14960, tid=4736
#
# JRE version: OpenJDK Runtime Environment (11.0.13) (build 11.0.13+0-b1751.21-8125866)
# Java VM: OpenJDK 64-Bit Server VM (11.0.13+0-b1751.21-8125866, mixed mode, tiered, compressed oops, g1 gc, windows-amd64)
# No core dump will be written. Minidumps are not enabled by default on client versions of Windows
#

---------------  S U M M A R Y ------------

Command Line: --add-opens=java.base/java.util=ALL-UNNAMED --add-opens=java.base/java.lang=ALL-UNNAMED --add-opens=java.base/java.lang.invoke=ALL-UNNAMED --add-opens=java.base/java.util=ALL-UNNAMED --add-opens=java.prefs/java.util.prefs=ALL-UNNAMED --add-opens=java.prefs/java.util.prefs=ALL-UNNAMED --add-opens=java.base/java.nio.charset=ALL-UNNAMED --add-opens=java.base/java.net=ALL-UNNAMED --add-opens=java.base/java.util.concurrent.atomic=ALL-UNNAMED -Xmx2048m -Dfile.encoding=UTF-8 -Duser.country=IN -Duser.language=en -Duser.variant org.gradle.launcher.daemon.bootstrap.GradleDaemon 7.4

Host: 11th Gen Intel(R) Core(TM) i5-1135G7 @ 2.40GHz, 8 cores, 7G,  Windows 11 , 64 bit Build 22000 (10.0.22000.708)
Time: Sat Oct 29 22:39:35 2022 India Standard Time elapsed time: 27.878381 seconds (0d 0h 0m 27s)

---------------  T H R E A D  ---------------

Current thread (0x000001d46864c000):  JavaThread "C2 CompilerThread0" daemon [_thread_in_native, id=4736, stack(0x00000018b7c00000,0x00000018b7d00000)]


Current CompileTask:
C2:  27878 10913   !   4       java.util.zip.InflaterInputStream::read (138 bytes)

Stack: [0x00000018b7c00000,0x00000018b7d00000]
Native frames: (J=compiled Java code, j=interpreted, Vv=VM code, C=native code)
V  [jvm.dll+0x6100fa]
V  [jvm.dll+0x747090]
V  [jvm.dll+0x7486ad]
V  [jvm.dll+0x748d83]
V  [jvm.dll+0x24ab48]
V  [jvm.dll+0xc04dc]
V  [jvm.dll+0xc0a0c]
V  [jvm.dll+0x35eb9d]
V  [jvm.dll+0x19d420]
V  [jvm.dll+0x2033be]
V  [jvm.dll+0x202437]
V  [jvm.dll+0x188e01]
V  [jvm.dll+0x21106b]
V  [jvm.dll+0x20f8c1]
V  [jvm.dll+0x70de0f]
V  [jvm.dll+0x706a75]
V  [jvm.dll+0x60ed66]
C  [ucrtbase.dll+0x26c0c]
C  [KERNEL32.DLL+0x154e0]
C  [ntdll.dll+0x485b]


---------------  P R O C E S S  ---------------

Threads class SMR info:
_java_thread_list=0x000001d46df31ca0, length=125, elements={
0x000001d44d82d800, 0x000001d467cc8800, 0x000001d467ccc000, 0x000001d468646800,
0x000001d468648000, 0x000001d468649000, 0x000001d46864c000, 0x000001d46864f800,
0x000001d468651800, 0x000001d46879b000, 0x000001d468fc7800, 0x000001d469de8800,
0x000001d46b080800, 0x000001d4698f7800, 0x000001d46a48c000, 0x000001d4695e5800,
0x000001d469f1b800, 0x000001d46ac30000, 0x000001d46ac31000, 0x000001d46b76a000,
0x000001d46ac8c800, 0x000001d46ac8d000, 0x000001d46ac8e000, 0x000001d46ac8e800,
0x000001d46ac8f800, 0x000001d46ac8a000, 0x000001d46ac90800, 0x000001d46ac8a800,
0x000001d46ac8b800, 0x000001d46ac6e000, 0x000001d46ac6a000, 0x000001d46ac6d000,
0x000001d46ac70800, 0x000001d46ac6e800, 0x000001d46ac6b800, 0x000001d46ac6c800,
0x000001d46ac6f800, 0x000001d46ac6a800, 0x000001d46ac74800, 0x000001d46ac75000,
0x000001d46ac71000, 0x000001d46ac73800, 0x000001d46ac76000, 0x000001d46ac73000,
0x000001d46ac77800, 0x000001d46ac72000, 0x000001d46ac78800, 0x000001d468d92800,
0x000001d468d8e000, 0x000001d468d93000, 0x000001d468d94000, 0x000001d468d8f000,
0x000001d468d90800, 0x000001d468d91800, 0x000001d468d94800, 0x000001d468d95800,
0x000001d468d90000, 0x000001d468d98000, 0x000001d468d99800, 0x000001d468d99000,
0x000001d468d96800, 0x000001d468d9a800, 0x000001d468d9b800, 0x000001d468d9c000,
0x000001d468d9d000, 0x000001d468d97000, 0x000001d4686a6000, 0x000001d4686a8800,
0x000001d4686a4800, 0x000001d4686a9800, 0x000001d4686ab000, 0x000001d4686a8000,
0x000001d4686aa800, 0x000001d4686a7000, 0x000001d4686a5800, 0x000001d46be68800,
0x000001d46be6f000, 0x000001d46be6c000, 0x000001d46be6c800, 0x000001d46be6d800,
0x000001d46be6e800, 0x000001d46be69800, 0x000001d46be6a000, 0x000001d46be6b000,
0x000001d469438000, 0x000001d469439000, 0x000001d46943a800, 0x000001d46943a000,
0x000001d469435800, 0x000001d469435000, 0x000001d46943b800, 0x000001d46943c000,
0x000001d469436800, 0x000001d46943d000, 0x000001d469437800, 0x000001d469443800,
0x000001d469441000, 0x000001d469442000, 0x000001d46943e000, 0x000001d46943e800,
0x000001d46943f800, 0x000001d469440800, 0x000001d469443000, 0x000001d46afb9800,
0x000001d46afba000, 0x000001d46afbb000, 0x000001d46afb5800, 0x000001d46afbc000,
0x000001d46afb7800, 0x000001d46afb6000, 0x000001d46afb7000, 0x000001d46afbd800,
0x000001d46afbe800, 0x000001d46afb8800, 0x000001d46afc0800, 0x000001d46afbf000,
0x000001d46afc1800, 0x000001d46afc2800, 0x000001d46afbc800, 0x000001d46afc3000,
0x000001d46afc4000, 0x000001d46afc0000, 0x000001d46f216800, 0x000001d46f218800,
0x000001d46f222000
}

Java Threads: ( => current thread )
  0x000001d44d82d800 JavaThread "main" [_thread_blocked, id=19292, stack(0x00000018b7000000,0x00000018b7100000)]
  0x000001d467cc8800 JavaThread "Reference Handler" daemon [_thread_blocked, id=12728, stack(0x00000018b7700000,0x00000018b7800000)]
  0x000001d467ccc000 JavaThread "Finalizer" daemon [_thread_blocked, id=11972, stack(0x00000018b7800000,0x00000018b7900000)]
  0x000001d468646800 JavaThread "Signal Dispatcher" daemon [_thread_blocked, id=5784, stack(0x00000018b7900000,0x00000018b7a00000)]
  0x000001d468648000 JavaThread "Attach Listener" daemon [_thread_blocked, id=4128, stack(0x00000018b7a00000,0x00000018b7b00000)]
  0x000001d468649000 JavaThread "Service Thread" daemon [_thread_blocked, id=2352, stack(0x00000018b7b00000,0x00000018b7c00000)]
=>0x000001d46864c000 JavaThread "C2 CompilerThread0" daemon [_thread_in_native, id=4736, stack(0x00000018b7c00000,0x00000018b7d00000)]
  0x000001d46864f800 JavaThread "C1 CompilerThread0" daemon [_thread_blocked, id=20560, stack(0x00000018b7d00000,0x00000018b7e00000)]
  0x000001d468651800 JavaThread "Sweeper thread" daemon [_thread_blocked, id=19536, stack(0x00000018b7e00000,0x00000018b7f00000)]
  0x000001d46879b000 JavaThread "Common-Cleaner" daemon [_thread_blocked, id=19840, stack(0x00000018b7f00000,0x00000018b8000000)]
  0x000001d468fc7800 JavaThread "Daemon health stats" [_thread_blocked, id=16172, stack(0x00000018b8400000,0x00000018b8500000)]
  0x000001d469de8800 JavaThread "Incoming local TCP Connector on port 56423" [_thread_in_native, id=13192, stack(0x00000018b8100000,0x00000018b8200000)]
  0x000001d46b080800 JavaThread "Daemon periodic checks" [_thread_blocked, id=19508, stack(0x00000018b8200000,0x00000018b8300000)]
  0x000001d4698f7800 JavaThread "Daemon" [_thread_blocked, id=20876, stack(0x00000018b8700000,0x00000018b8800000)]
  0x000001d46a48c000 JavaThread "Handler for socket connection from /127.0.0.1:56423 to /127.0.0.1:56424" [_thread_in_native, id=16220, stack(0x00000018b8800000,0x00000018b8900000)]
  0x000001d4695e5800 JavaThread "Cancel handler" [_thread_blocked, id=15628, stack(0x00000018b8900000,0x00000018b8a00000)]
  0x000001d469f1b800 JavaThread "Daemon worker" [_thread_blocked, id=20380, stack(0x00000018b8a00000,0x00000018b8b00000)]
  0x000001d46ac30000 JavaThread "Asynchronous log dispatcher for DefaultDaemonConnection: socket connection from /127.0.0.1:56423 to /127.0.0.1:56424" [_thread_blocked, id=18516, stack(0x00000018b8b00000,0x00000018b8c00000)]
  0x000001d46ac31000 JavaThread "Stdin handler" [_thread_blocked, id=11600, stack(0x00000018b8c00000,0x00000018b8d00000)]
  0x000001d46b76a000 JavaThread "Daemon client event forwarder" [_thread_blocked, id=8460, stack(0x00000018b8d00000,0x00000018b8e00000)]
  0x000001d46ac8c800 JavaThread "Cache worker for journal cache (E:\BUS APP\Android Payment Gateway APK\Android_Non-Seamless_Version.1.0\Non-Seamless\NonSeamless-Simple\caches\journal-1)" [_thread_blocked, id=21696, stack(0x00000018b8e00000,0x00000018b8f00000)]
  0x000001d46ac8d000 JavaThread "File lock request listener" [_thread_in_native, id=16400, stack(0x00000018b8f00000,0x00000018b9000000)]
  0x000001d46ac8e000 JavaThread "Cache worker for file hash cache (E:\BUS APP\Android Payment Gateway APK\Android_Non-Seamless_Version.1.0\Non-Seamless\NonSeamless-Simple\caches\7.4\fileHashes)" [_thread_blocked, id=2896, stack(0x00000018b9500000,0x00000018b9600000)]
  0x000001d46ac8e800 JavaThread "File watcher server" daemon [_thread_in_native, id=20496, stack(0x00000018b9600000,0x00000018b9700000)]
  0x000001d46ac8f800 JavaThread "File watcher consumer" daemon [_thread_blocked, id=14812, stack(0x00000018b9700000,0x00000018b9800000)]
  0x000001d46ac8a000 JavaThread "jar transforms" [_thread_blocked, id=10632, stack(0x00000018b9800000,0x00000018b9900000)]
  0x000001d46ac90800 JavaThread "jar transforms Thread 2" [_thread_blocked, id=17432, stack(0x00000018b9900000,0x00000018b9a00000)]
  0x000001d46ac8a800 JavaThread "jar transforms Thread 3" [_thread_blocked, id=7272, stack(0x00000018b9a00000,0x00000018b9b00000)]
  0x000001d46ac8b800 JavaThread "jar transforms Thread 4" [_thread_blocked, id=2420, stack(0x00000018b9b00000,0x00000018b9c00000)]
  0x000001d46ac6e000 JavaThread "jar transforms Thread 5" [_thread_blocked, id=17908, stack(0x00000018b9c00000,0x00000018b9d00000)]
  0x000001d46ac6a000 JavaThread "jar transforms Thread 6" [_thread_blocked, id=4364, stack(0x00000018b9d00000,0x00000018b9e00000)]
  0x000001d46ac6d000 JavaThread "jar transforms Thread 7" [_thread_blocked, id=15448, stack(0x00000018b9e00000,0x00000018b9f00000)]
  0x000001d46ac70800 JavaThread "jar transforms Thread 8" [_thread_blocked, id=21936, stack(0x00000018b9f00000,0x00000018ba000000)]
  0x000001d46ac6e800 JavaThread "Cache worker for checksums cache (C:\Users\DELL\GMRBus\.gradle\7.4\checksums)" [_thread_blocked, id=4908, stack(0x00000018ba100000,0x00000018ba200000)]
  0x000001d46ac6b800 JavaThread "Cache worker for cache directory md-rule (E:\BUS APP\Android Payment Gateway APK\Android_Non-Seamless_Version.1.0\Non-Seamless\NonSeamless-Simple\caches\7.4\md-rule)" [_thread_blocked, id=21180, stack(0x00000018ba200000,0x00000018ba300000)]
  0x000001d46ac6c800 JavaThread "Cache worker for file hash cache (C:\Users\DELL\GMRBus\.gradle\7.4\fileHashes)" [_thread_blocked, id=20196, stack(0x00000018ba300000,0x00000018ba400000)]
  0x000001d46ac6f800 JavaThread "Cache worker for cache directory md-supplier (E:\BUS APP\Android Payment Gateway APK\Android_Non-Seamless_Version.1.0\Non-Seamless\NonSeamless-Simple\caches\7.4\md-supplier)" [_thread_blocked, id=21000, stack(0x00000018ba400000,0x00000018ba500000)]
  0x000001d46ac6a800 JavaThread "Cache worker for execution history cache (E:\BUS APP\Android Payment Gateway APK\Android_Non-Seamless_Version.1.0\Non-Seamless\NonSeamless-Simple\caches\7.4\executionHistory)" [_thread_blocked, id=4468, stack(0x00000018ba500000,0x00000018ba600000)]
  0x000001d46ac74800 JavaThread "Cache worker for file content cache (E:\BUS APP\Android Payment Gateway APK\Android_Non-Seamless_Version.1.0\Non-Seamless\NonSeamless-Simple\caches\7.4\fileContent)" [_thread_blocked, id=18572, stack(0x00000018ba600000,0x00000018ba700000)]
  0x000001d46ac75000 JavaThread "Cache worker for dependencies-accessors (C:\Users\DELL\GMRBus\.gradle\7.4\dependencies-accessors)" [_thread_blocked, id=3936, stack(0x00000018ba700000,0x00000018ba800000)]
  0x000001d46ac71000 JavaThread "Cache worker for Build Output Cleanup Cache (C:\Users\DELL\GMRBus\.gradle\buildOutputCleanup)" [_thread_blocked, id=1588, stack(0x00000018ba800000,0x00000018ba900000)]
  0x000001d46ac73800 JavaThread "Unconstrained build operations" [_thread_in_native, id=16760, stack(0x00000018ba900000,0x00000018baa00000)]
  0x000001d46ac76000 JavaThread "Unconstrained build operations Thread 2" [_thread_blocked, id=6920, stack(0x00000018baa00000,0x00000018bab00000)]
  0x000001d46ac73000 JavaThread "Unconstrained build operations Thread 3" [_thread_blocked, id=21220, stack(0x00000018bab00000,0x00000018bac00000)]
  0x000001d46ac77800 JavaThread "Unconstrained build operations Thread 4" [_thread_blocked, id=10916, stack(0x00000018bac00000,0x00000018bad00000)]
  0x000001d46ac72000 JavaThread "Unconstrained build operations Thread 5" [_thread_blocked, id=22056, stack(0x00000018bad00000,0x00000018bae00000)]
  0x000001d46ac78800 JavaThread "Unconstrained build operations Thread 6" [_thread_in_native, id=22456, stack(0x00000018bae00000,0x00000018baf00000)]
  0x000001d468d92800 JavaThread "Unconstrained build operations Thread 7" [_thread_blocked, id=4396, stack(0x00000018baf00000,0x00000018bb000000)]
  0x000001d468d8e000 JavaThread "Unconstrained build operations Thread 8" [_thread_blocked, id=18908, stack(0x00000018bb000000,0x00000018bb100000)]
  0x000001d468d93000 JavaThread "Unconstrained build operations Thread 9" [_thread_blocked, id=13952, stack(0x00000018bb100000,0x00000018bb200000)]
  0x000001d468d94000 JavaThread "Unconstrained build operations Thread 10" [_thread_blocked, id=2140, stack(0x00000018bb200000,0x00000018bb300000)]
  0x000001d468d8f000 JavaThread "Unconstrained build operations Thread 11" [_thread_blocked, id=14440, stack(0x00000018bb300000,0x00000018bb400000)]
  0x000001d468d90800 JavaThread "Unconstrained build operations Thread 12" [_thread_blocked, id=20724, stack(0x00000018bb400000,0x00000018bb500000)]
  0x000001d468d91800 JavaThread "Unconstrained build operations Thread 13" [_thread_blocked, id=7796, stack(0x00000018bb500000,0x00000018bb600000)]
  0x000001d468d94800 JavaThread "Unconstrained build operations Thread 14" [_thread_blocked, id=8324, stack(0x00000018bb600000,0x00000018bb700000)]
  0x000001d468d95800 JavaThread "Unconstrained build operations Thread 15" [_thread_blocked, id=8000, stack(0x00000018bb700000,0x00000018bb800000)]
  0x000001d468d90000 JavaThread "Unconstrained build operations Thread 16" [_thread_blocked, id=21984, stack(0x00000018bb800000,0x00000018bb900000)]
  0x000001d468d98000 JavaThread "Unconstrained build operations Thread 17" [_thread_blocked, id=21680, stack(0x00000018bb900000,0x00000018bba00000)]
  0x000001d468d99800 JavaThread "Unconstrained build operations Thread 18" [_thread_blocked, id=17732, stack(0x00000018bba00000,0x00000018bbb00000)]
  0x000001d468d99000 JavaThread "Unconstrained build operations Thread 19" [_thread_blocked, id=3244, stack(0x00000018bbb00000,0x00000018bbc00000)]
  0x000001d468d96800 JavaThread "Unconstrained build operations Thread 20" [_thread_blocked, id=1136, stack(0x00000018bbc00000,0x00000018bbd00000)]
  0x000001d468d9a800 JavaThread "Unconstrained build operations Thread 21" [_thread_blocked, id=13760, stack(0x00000018bbd00000,0x00000018bbe00000)]
  0x000001d468d9b800 JavaThread "Unconstrained build operations Thread 22" [_thread_blocked, id=7588, stack(0x00000018bbe00000,0x00000018bbf00000)]
  0x000001d468d9c000 JavaThread "Unconstrained build operations Thread 23" [_thread_blocked, id=4944, stack(0x00000018bbf00000,0x00000018bc000000)]
  0x000001d468d9d000 JavaThread "Unconstrained build operations Thread 24" [_thread_blocked, id=5008, stack(0x00000018bc000000,0x00000018bc100000)]
  0x000001d468d97000 JavaThread "Unconstrained build operations Thread 25" [_thread_blocked, id=7756, stack(0x00000018bc100000,0x00000018bc200000)]
  0x000001d4686a6000 JavaThread "Unconstrained build operations Thread 26" [_thread_blocked, id=6280, stack(0x00000018bc200000,0x00000018bc300000)]
  0x000001d4686a8800 JavaThread "Unconstrained build operations Thread 27" [_thread_blocked, id=9044, stack(0x00000018bc300000,0x00000018bc400000)]
  0x000001d4686a4800 JavaThread "Unconstrained build operations Thread 28" [_thread_blocked, id=2940, stack(0x00000018bc400000,0x00000018bc500000)]
  0x000001d4686a9800 JavaThread "Unconstrained build operations Thread 29" [_thread_blocked, id=16324, stack(0x00000018bc500000,0x00000018bc600000)]
  0x000001d4686ab000 JavaThread "Unconstrained build operations Thread 30" [_thread_in_native, id=22348, stack(0x00000018bc600000,0x00000018bc700000)]
  0x000001d4686a8000 JavaThread "Unconstrained build operations Thread 31" [_thread_blocked, id=12484, stack(0x00000018bc700000,0x00000018bc800000)]
  0x000001d4686aa800 JavaThread "Unconstrained build operations Thread 32" [_thread_blocked, id=9140, stack(0x00000018bc800000,0x00000018bc900000)]
  0x000001d4686a7000 JavaThread "Unconstrained build operations Thread 33" [_thread_blocked, id=19916, stack(0x00000018bc900000,0x00000018bca00000)]
  0x000001d4686a5800 JavaThread "Unconstrained build operations Thread 34" [_thread_blocked, id=20820, stack(0x00000018bca00000,0x00000018bcb00000)]
  0x000001d46be68800 JavaThread "Unconstrained build operations Thread 35" [_thread_blocked, id=8272, stack(0x00000018bcb00000,0x00000018bcc00000)]
  0x000001d46be6f000 JavaThread "Unconstrained build operations Thread 36" [_thread_blocked, id=19388, stack(0x00000018bcc00000,0x00000018bcd00000)]
  0x000001d46be6c000 JavaThread "Unconstrained build operations Thread 37" [_thread_blocked, id=3568, stack(0x00000018bcd00000,0x00000018bce00000)]
  0x000001d46be6c800 JavaThread "Unconstrained build operations Thread 38" [_thread_blocked, id=2228, stack(0x00000018bce00000,0x00000018bcf00000)]
  0x000001d46be6d800 JavaThread "Unconstrained build operations Thread 39" [_thread_blocked, id=32, stack(0x00000018bcf00000,0x00000018bd000000)]
  0x000001d46be6e800 JavaThread "Unconstrained build operations Thread 40" [_thread_blocked, id=21980, stack(0x00000018bd000000,0x00000018bd100000)]
  0x000001d46be69800 JavaThread "Unconstrained build operations Thread 41" [_thread_blocked, id=10948, stack(0x00000018bd100000,0x00000018bd200000)]
  0x000001d46be6a000 JavaThread "Unconstrained build operations Thread 42" [_thread_blocked, id=19852, stack(0x00000018bd200000,0x00000018bd300000)]
  0x000001d46be6b000 JavaThread "Unconstrained build operations Thread 43" [_thread_blocked, id=12840, stack(0x00000018bd300000,0x00000018bd400000)]
  0x000001d469438000 JavaThread "Unconstrained build operations Thread 44" [_thread_blocked, id=14764, stack(0x00000018bd400000,0x00000018bd500000)]
  0x000001d469439000 JavaThread "Unconstrained build operations Thread 45" [_thread_blocked, id=16140, stack(0x00000018bd500000,0x00000018bd600000)]
  0x000001d46943a800 JavaThread "Unconstrained build operations Thread 46" [_thread_blocked, id=21996, stack(0x00000018bd600000,0x00000018bd700000)]
  0x000001d46943a000 JavaThread "Unconstrained build operations Thread 47" [_thread_blocked, id=14848, stack(0x00000018bd700000,0x00000018bd800000)]
  0x000001d469435800 JavaThread "Unconstrained build operations Thread 48" [_thread_blocked, id=8596, stack(0x00000018bd800000,0x00000018bd900000)]
  0x000001d469435000 JavaThread "Unconstrained build operations Thread 49" [_thread_blocked, id=8264, stack(0x00000018bd900000,0x00000018bda00000)]
  0x000001d46943b800 JavaThread "Unconstrained build operations Thread 50" [_thread_blocked, id=1580, stack(0x00000018bda00000,0x00000018bdb00000)]
  0x000001d46943c000 JavaThread "Unconstrained build operations Thread 51" [_thread_blocked, id=21020, stack(0x00000018bdb00000,0x00000018bdc00000)]
  0x000001d469436800 JavaThread "Unconstrained build operations Thread 52" [_thread_blocked, id=12320, stack(0x00000018bdc00000,0x00000018bdd00000)]
  0x000001d46943d000 JavaThread "Unconstrained build operations Thread 53" [_thread_blocked, id=14236, stack(0x00000018bdd00000,0x00000018bde00000)]
  0x000001d469437800 JavaThread "Unconstrained build operations Thread 54" [_thread_blocked, id=19288, stack(0x00000018bde00000,0x00000018bdf00000)]
  0x000001d469443800 JavaThread "Unconstrained build operations Thread 55" [_thread_blocked, id=17936, stack(0x00000018bdf00000,0x00000018be000000)]
  0x000001d469441000 JavaThread "Unconstrained build operations Thread 56" [_thread_blocked, id=12072, stack(0x00000018be000000,0x00000018be100000)]
  0x000001d469442000 JavaThread "Unconstrained build operations Thread 57" [_thread_blocked, id=11208, stack(0x00000018be100000,0x00000018be200000)]
  0x000001d46943e000 JavaThread "Unconstrained build operations Thread 58" [_thread_blocked, id=19744, stack(0x00000018be200000,0x00000018be300000)]
  0x000001d46943e800 JavaThread "Unconstrained build operations Thread 59" [_thread_blocked, id=19596, stack(0x00000018be300000,0x00000018be400000)]
  0x000001d46943f800 JavaThread "Unconstrained build operations Thread 60" [_thread_blocked, id=16312, stack(0x00000018be400000,0x00000018be500000)]
  0x000001d469440800 JavaThread "Unconstrained build operations Thread 61" [_thread_blocked, id=10572, stack(0x00000018be500000,0x00000018be600000)]
  0x000001d469443000 JavaThread "Unconstrained build operations Thread 62" [_thread_blocked, id=22260, stack(0x00000018be600000,0x00000018be700000)]
  0x000001d46afb9800 JavaThread "Unconstrained build operations Thread 63" [_thread_blocked, id=9888, stack(0x00000018be700000,0x00000018be800000)]
  0x000001d46afba000 JavaThread "Unconstrained build operations Thread 64" [_thread_blocked, id=5540, stack(0x00000018be800000,0x00000018be900000)]
  0x000001d46afbb000 JavaThread "Unconstrained build operations Thread 65" [_thread_blocked, id=19472, stack(0x00000018be900000,0x00000018bea00000)]
  0x000001d46afb5800 JavaThread "Unconstrained build operations Thread 66" [_thread_blocked, id=10104, stack(0x00000018bea00000,0x00000018beb00000)]
  0x000001d46afbc000 JavaThread "Unconstrained build operations Thread 67" [_thread_blocked, id=19816, stack(0x00000018beb00000,0x00000018bec00000)]
  0x000001d46afb7800 JavaThread "Unconstrained build operations Thread 68" [_thread_blocked, id=20892, stack(0x00000018bec00000,0x00000018bed00000)]
  0x000001d46afb6000 JavaThread "Unconstrained build operations Thread 69" [_thread_blocked, id=12336, stack(0x00000018bed00000,0x00000018bee00000)]
  0x000001d46afb7000 JavaThread "Unconstrained build operations Thread 70" [_thread_blocked, id=21108, stack(0x00000018bee00000,0x00000018bef00000)]
  0x000001d46afbd800 JavaThread "Unconstrained build operations Thread 71" [_thread_in_native, id=20680, stack(0x00000018bef00000,0x00000018bf000000)]
  0x000001d46afbe800 JavaThread "Unconstrained build operations Thread 72" [_thread_blocked, id=18196, stack(0x00000018bf000000,0x00000018bf100000)]
  0x000001d46afb8800 JavaThread "Unconstrained build operations Thread 73" [_thread_blocked, id=14716, stack(0x00000018bf100000,0x00000018bf200000)]
  0x000001d46afc0800 JavaThread "Unconstrained build operations Thread 74" [_thread_blocked, id=16284, stack(0x00000018bf200000,0x00000018bf300000)]
  0x000001d46afbf000 JavaThread "Unconstrained build operations Thread 75" [_thread_blocked, id=4860, stack(0x00000018bf300000,0x00000018bf400000)]
  0x000001d46afc1800 JavaThread "Unconstrained build operations Thread 76" [_thread_blocked, id=6304, stack(0x00000018bf400000,0x00000018bf500000)]
  0x000001d46afc2800 JavaThread "Unconstrained build operations Thread 77" [_thread_blocked, id=18732, stack(0x00000018bf500000,0x00000018bf600000)]
  0x000001d46afbc800 JavaThread "Unconstrained build operations Thread 78" [_thread_blocked, id=21972, stack(0x00000018bf600000,0x00000018bf700000)]
  0x000001d46afc3000 JavaThread "Unconstrained build operations Thread 79" [_thread_blocked, id=3116, stack(0x00000018bf700000,0x00000018bf800000)]
  0x000001d46afc4000 JavaThread "Unconstrained build operations Thread 80" [_thread_blocked, id=17868, stack(0x00000018bf800000,0x00000018bf900000)]
  0x000001d46afc0000 JavaThread "Memory manager" [_thread_blocked, id=10488, stack(0x00000018ba000000,0x00000018ba100000)]
  0x000001d46f216800 JavaThread "pool-3-thread-1" [_thread_blocked, id=12060, stack(0x00000018bf900000,0x00000018bfa00000)]
  0x000001d46f218800 JavaThread "included builds" [_thread_blocked, id=10760, stack(0x00000018bfa00000,0x00000018bfb00000)]
  0x000001d46f222000 JavaThread "Cache worker for execution history cache (C:\Users\DELL\GMRBus\.gradle\7.4\executionHistory)" [_thread_blocked, id=1168, stack(0x00000018c0200000,0x00000018c0300000)]

Other Threads:
  0x000001d467cc4000 VMThread "VM Thread" [stack: 0x00000018b7600000,0x00000018b7700000] [id=16948]
  0x000001d4687d3000 WatcherThread [stack: 0x00000018b8000000,0x00000018b8100000] [id=20020]
  0x000001d44d845800 GCTaskThread "GC Thread#0" [stack: 0x00000018b7100000,0x00000018b7200000] [id=7192]
  0x000001d46906a800 GCTaskThread "GC Thread#1" [stack: 0x00000018b8300000,0x00000018b8400000] [id=21212]
  0x000001d46c010000 GCTaskThread "GC Thread#2" [stack: 0x00000018b8500000,0x00000018b8600000] [id=18744]
  0x000001d46a7b6800 GCTaskThread "GC Thread#3" [stack: 0x00000018b8600000,0x00000018b8700000] [id=19028]
  0x000001d46984e000 GCTaskThread "GC Thread#4" [stack: 0x00000018b9000000,0x00000018b9100000] [id=11496]
  0x000001d46abcc000 GCTaskThread "GC Thread#5" [stack: 0x00000018b9100000,0x00000018b9200000] [id=15608]
  0x000001d469b7a800 GCTaskThread "GC Thread#6" [stack: 0x00000018b9200000,0x00000018b9300000] [id=19924]
  0x000001d46a155000 GCTaskThread "GC Thread#7" [stack: 0x00000018b9300000,0x00000018b9400000] [id=18928]
  0x000001d44d879800 ConcurrentGCThread "G1 Main Marker" [stack: 0x00000018b7200000,0x00000018b7300000] [id=19448]
  0x000001d44d87b800 ConcurrentGCThread "G1 Conc#0" [stack: 0x00000018b7300000,0x00000018b7400000] [id=9180]
  0x000001d46b769000 ConcurrentGCThread "G1 Conc#1" [stack: 0x00000018b9400000,0x00000018b9500000] [id=21152]
  0x000001d44d90d800 ConcurrentGCThread "G1 Refine#0" [stack: 0x00000018b7400000,0x00000018b7500000] [id=17652]
  0x000001d467b14800 ConcurrentGCThread "G1 Young RemSet Sampling" [stack: 0x00000018b7500000,0x00000018b7600000] [id=19188]

Threads with active compile tasks:
C2 CompilerThread0  27900 10913   !   4       java.util.zip.InflaterInputStream::read (138 bytes)

VM state:not at safepoint (normal execution)

VM Mutex/Monitor currently owned by a thread: None

Heap address: 0x0000000080000000, size: 2048 MB, Compressed Oops mode: 32-bit
Narrow klass base: 0x0000000000000000, Narrow klass shift: 3
Compressed class space size: 1073741824 Address: 0x0000000100000000

Heap:
 garbage-first heap   total 221184K, used 169840K [0x0000000080000000, 0x0000000100000000)
  region size 1024K, 16 young (16384K), 3 survivors (3072K)
 Metaspace       used 105177K, capacity 107778K, committed 108032K, reserved 1142784K
  class space    used 13344K, capacity 14258K, committed 14336K, reserved 1048576K
Heap Regions: E=young(eden), S=young(survivor), O=old, HS=humongous(starts), HC=humongous(continues), CS=collection set, F=free, A=archive, TAMS=top-at-mark-start (previous, next)
|   0|0x0000000080000000, 0x0000000080100000, 0x0000000080100000|100%| O|  |TAMS 0x0000000080100000, 0x0000000080000000| Untracked 
|   1|0x0000000080100000, 0x0000000080200000, 0x0000000080200000|100%| O|  |TAMS 0x0000000080200000, 0x0000000080100000| Untracked 
|   2|0x0000000080200000, 0x0000000080300000, 0x0000000080300000|100%| O|  |TAMS 0x0000000080300000, 0x0000000080200000| Untracked 
|   3|0x0000000080300000, 0x0000000080400000, 0x0000000080400000|100%|HS|  |TAMS 0x0000000080400000, 0x0000000080300000| Complete 
|   4|0x0000000080400000, 0x0000000080500000, 0x0000000080500000|100%|HC|  |TAMS 0x0000000080500000, 0x0000000080400000| Complete 
|   5|0x0000000080500000, 0x0000000080600000, 0x0000000080600000|100%|HC|  |TAMS 0x0000000080600000, 0x0000000080500000| Complete 
|   6|0x0000000080600000, 0x0000000080700000, 0x0000000080700000|100%| O|  |TAMS 0x0000000080700000, 0x0000000080600000| Untracked 
|   7|0x0000000080700000, 0x0000000080800000, 0x0000000080800000|100%| O|  |TAMS 0x0000000080800000, 0x0000000080700000| Untracked 
|   8|0x0000000080800000, 0x0000000080900000, 0x0000000080900000|100%| O|  |TAMS 0x0000000080900000, 0x0000000080800000| Untracked 
|   9|0x0000000080900000, 0x0000000080a00000, 0x0000000080a00000|100%| O|  |TAMS 0x0000000080a00000, 0x0000000080900000| Untracked 
|  10|0x0000000080a00000, 0x0000000080b00000, 0x0000000080b00000|100%| O|  |TAMS 0x0000000080b00000, 0x0000000080a00000| Untracked 
|  11|0x0000000080b00000, 0x0000000080c00000, 0x0000000080c00000|100%| O|  |TAMS 0x0000000080c00000, 0x0000000080b00000| Untracked 
|  12|0x0000000080c00000, 0x0000000080d00000, 0x0000000080d00000|100%| O|  |TAMS 0x0000000080d00000, 0x0000000080c00000| Untracked 
|  13|0x0000000080d00000, 0x0000000080e00000, 0x0000000080e00000|100%| O|  |TAMS 0x0000000080e00000, 0x0000000080d00000| Untracked 
|  14|0x0000000080e00000, 0x0000000080f00000, 0x0000000080f00000|100%| O|  |TAMS 0x0000000080f00000, 0x0000000080e00000| Untracked 
|  15|0x0000000080f00000, 0x0000000081000000, 0x0000000081000000|100%|HS|  |TAMS 0x0000000081000000, 0x0000000080f00000| Complete 
|  16|0x0000000081000000, 0x0000000081100000, 0x0000000081100000|100%|HC|  |TAMS 0x0000000081100000, 0x0000000081000000| Complete 
|  17|0x0000000081100000, 0x0000000081200000, 0x0000000081200000|100%|HS|  |TAMS 0x0000000081200000, 0x0000000081100000| Complete 
|  18|0x0000000081200000, 0x0000000081300000, 0x0000000081300000|100%|HC|  |TAMS 0x0000000081300000, 0x0000000081200000| Complete 
|  19|0x0000000081300000, 0x0000000081400000, 0x0000000081400000|100%|HC|  |TAMS 0x0000000081400000, 0x0000000081300000| Complete 
|  20|0x0000000081400000, 0x0000000081500000, 0x0000000081500000|100%|HS|  |TAMS 0x0000000081500000, 0x0000000081400000| Complete 
|  21|0x0000000081500000, 0x0000000081600000, 0x0000000081600000|100%|HC|  |TAMS 0x0000000081600000, 0x0000000081500000| Complete 
|  22|0x0000000081600000, 0x0000000081700000, 0x0000000081700000|100%|HC|  |TAMS 0x0000000081700000, 0x0000000081600000| Complete 
|  23|0x0000000081700000, 0x0000000081800000, 0x0000000081800000|100%|HS|  |TAMS 0x0000000081800000, 0x0000000081700000| Complete 
|  24|0x0000000081800000, 0x0000000081900000, 0x0000000081900000|100%|HC|  |TAMS 0x0000000081900000, 0x0000000081800000| Complete 
|  25|0x0000000081900000, 0x0000000081a00000, 0x0000000081a00000|100%|HC|  |TAMS 0x0000000081a00000, 0x0000000081900000| Complete 
|  26|0x0000000081a00000, 0x0000000081b00000, 0x0000000081b00000|100%|HC|  |TAMS 0x0000000081b00000, 0x0000000081a00000| Complete 
|  27|0x0000000081b00000, 0x0000000081c00000, 0x0000000081c00000|100%|HC|  |TAMS 0x0000000081c00000, 0x0000000081b00000| Complete 
|  28|0x0000000081c00000, 0x0000000081d00000, 0x0000000081d00000|100%|HS|  |TAMS 0x0000000081d00000, 0x0000000081c00000| Complete 
|  29|0x0000000081d00000, 0x0000000081e00000, 0x0000000081e00000|100%|HS|  |TAMS 0x0000000081e00000, 0x0000000081d00000| Complete 
|  30|0x0000000081e00000, 0x0000000081f00000, 0x0000000081f00000|100%|HC|  |TAMS 0x0000000081f00000, 0x0000000081e00000| Complete 
|  31|0x0000000081f00000, 0x0000000082000000, 0x0000000082000000|100%|HC|  |TAMS 0x0000000082000000, 0x0000000081f00000| Complete 
|  32|0x0000000082000000, 0x0000000082100000, 0x0000000082100000|100%|HC|  |TAMS 0x0000000082100000, 0x0000000082000000| Complete 
|  33|0x0000000082100000, 0x0000000082200000, 0x0000000082200000|100%| O|  |TAMS 0x0000000082200000, 0x0000000082100000| Untracked 
|  34|0x0000000082200000, 0x0000000082300000, 0x0000000082300000|100%| O|  |TAMS 0x0000000082300000, 0x0000000082200000| Untracked 
|  35|0x0000000082300000, 0x0000000082400000, 0x0000000082400000|100%| O|  |TAMS 0x0000000082400000, 0x0000000082300000| Untracked 
|  36|0x0000000082400000, 0x0000000082500000, 0x0000000082500000|100%| O|  |TAMS 0x0000000082500000, 0x0000000082400000| Untracked 
|  37|0x0000000082500000, 0x0000000082600000, 0x0000000082600000|100%| O|  |TAMS 0x0000000082600000, 0x0000000082500000| Untracked 
|  38|0x0000000082600000, 0x0000000082700000, 0x0000000082700000|100%| O|  |TAMS 0x0000000082700000, 0x0000000082600000| Untracked 
|  39|0x0000000082700000, 0x0000000082800000, 0x0000000082800000|100%| O|  |TAMS 0x0000000082800000, 0x0000000082700000| Untracked 
|  40|0x0000000082800000, 0x0000000082900000, 0x0000000082900000|100%| O|  |TAMS 0x0000000082900000, 0x0000000082800000| Untracked 
|  41|0x0000000082900000, 0x0000000082a00000, 0x0000000082a00000|100%| O|  |TAMS 0x0000000082a00000, 0x0000000082900000| Untracked 
|  42|0x0000000082a00000, 0x0000000082b00000, 0x0000000082b00000|100%|HS|  |TAMS 0x0000000082b00000, 0x0000000082a00000| Complete 
|  43|0x0000000082b00000, 0x0000000082c00000, 0x0000000082c00000|100%|HC|  |TAMS 0x0000000082c00000, 0x0000000082b00000| Complete 
|  44|0x0000000082c00000, 0x0000000082d00000, 0x0000000082d00000|100%|HC|  |TAMS 0x0000000082d00000, 0x0000000082c00000| Complete 
|  45|0x0000000082d00000, 0x0000000082e00000, 0x0000000082e00000|100%|HC|  |TAMS 0x0000000082e00000, 0x0000000082d00000| Complete 
|  46|0x0000000082e00000, 0x0000000082f00000, 0x0000000082f00000|100%|HS|  |TAMS 0x0000000082f00000, 0x0000000082e00000| Complete 
|  47|0x0000000082f00000, 0x0000000083000000, 0x0000000083000000|100%|HC|  |TAMS 0x0000000083000000, 0x0000000082f00000| Complete 
|  48|0x0000000083000000, 0x0000000083100000, 0x0000000083100000|100%|HC|  |TAMS 0x0000000083100000, 0x0000000083000000| Complete 
|  49|0x0000000083100000, 0x0000000083200000, 0x0000000083200000|100%|HS|  |TAMS 0x0000000083200000, 0x0000000083100000| Complete 
|  50|0x0000000083200000, 0x0000000083300000, 0x0000000083300000|100%|HC|  |TAMS 0x0000000083300000, 0x0000000083200000| Complete 
|  51|0x0000000083300000, 0x0000000083400000, 0x0000000083400000|100%|HS|  |TAMS 0x0000000083400000, 0x0000000083300000| Complete 
|  52|0x0000000083400000, 0x0000000083500000, 0x0000000083500000|100%|HC|  |TAMS 0x0000000083500000, 0x0000000083400000| Complete 
|  53|0x0000000083500000, 0x0000000083600000, 0x0000000083600000|100%|HC|  |TAMS 0x0000000083600000, 0x0000000083500000| Complete 
|  54|0x0000000083600000, 0x0000000083700000, 0x0000000083700000|100%| O|  |TAMS 0x0000000083700000, 0x0000000083600000| Untracked 
|  55|0x0000000083700000, 0x0000000083800000, 0x0000000083800000|100%| O|  |TAMS 0x0000000083800000, 0x0000000083700000| Untracked 
|  56|0x0000000083800000, 0x0000000083900000, 0x0000000083900000|100%| O|  |TAMS 0x0000000083900000, 0x0000000083800000| Untracked 
|  57|0x0000000083900000, 0x0000000083a00000, 0x0000000083a00000|100%| O|  |TAMS 0x0000000083a00000, 0x0000000083900000| Untracked 
|  58|0x0000000083a00000, 0x0000000083b00000, 0x0000000083b00000|100%| O|  |TAMS 0x0000000083b00000, 0x0000000083a00000| Untracked 
|  59|0x0000000083b00000, 0x0000000083c00000, 0x0000000083c00000|100%| O|  |TAMS 0x0000000083c00000, 0x0000000083b00000| Untracked 
|  60|0x0000000083c00000, 0x0000000083d00000, 0x0000000083d00000|100%| O|  |TAMS 0x0000000083d00000, 0x0000000083c00000| Untracked 
|  61|0x0000000083d00000, 0x0000000083e00000, 0x0000000083e00000|100%| O|  |TAMS 0x0000000083e00000, 0x0000000083d00000| Untracked 
|  62|0x0000000083e00000, 0x0000000083f00000, 0x0000000083f00000|100%| O|  |TAMS 0x0000000083f00000, 0x0000000083e00000| Untracked 
|  63|0x0000000083f00000, 0x0000000084000000, 0x0000000084000000|100%| O|  |TAMS 0x0000000084000000, 0x0000000083f00000| Untracked 
|  64|0x0000000084000000, 0x0000000084100000, 0x0000000084100000|100%| O|  |TAMS 0x0000000084100000, 0x0000000084000000| Untracked 
|  65|0x0000000084100000, 0x0000000084200000, 0x0000000084200000|100%| O|  |TAMS 0x0000000084200000, 0x0000000084100000| Untracked 
|  66|0x0000000084200000, 0x0000000084300000, 0x0000000084300000|100%|HS|  |TAMS 0x0000000084300000, 0x0000000084200000| Complete 
|  67|0x0000000084300000, 0x0000000084400000, 0x0000000084400000|100%|HC|  |TAMS 0x0000000084400000, 0x0000000084300000| Complete 
|  68|0x0000000084400000, 0x0000000084500000, 0x0000000084500000|100%|HC|  |TAMS 0x0000000084500000, 0x0000000084400000| Complete 
|  69|0x0000000084500000, 0x0000000084600000, 0x0000000084600000|100%|HC|  |TAMS 0x0000000084600000, 0x0000000084500000| Complete 
|  70|0x0000000084600000, 0x0000000084700000, 0x0000000084700000|100%|HC|  |TAMS 0x0000000084700000, 0x0000000084600000| Complete 
|  71|0x0000000084700000, 0x0000000084800000, 0x0000000084800000|100%| O|  |TAMS 0x0000000084800000, 0x0000000084700000| Untracked 
|  72|0x0000000084800000, 0x0000000084900000, 0x0000000084900000|100%| O|  |TAMS 0x0000000084900000, 0x0000000084800000| Untracked 
|  73|0x0000000084900000, 0x0000000084a00000, 0x0000000084a00000|100%| O|  |TAMS 0x0000000084a00000, 0x0000000084900000| Untracked 
|  74|0x0000000084a00000, 0x0000000084b00000, 0x0000000084b00000|100%|HS|  |TAMS 0x0000000084b00000, 0x0000000084a00000| Complete 
|  75|0x0000000084b00000, 0x0000000084c00000, 0x0000000084c00000|100%| O|  |TAMS 0x0000000084c00000, 0x0000000084b00000| Untracked 
|  76|0x0000000084c00000, 0x0000000084d00000, 0x0000000084d00000|100%| O|  |TAMS 0x0000000084d00000, 0x0000000084c00000| Untracked 
|  77|0x0000000084d00000, 0x0000000084e00000, 0x0000000084e00000|100%|HS|  |TAMS 0x0000000084e00000, 0x0000000084d00000| Complete 
|  78|0x0000000084e00000, 0x0000000084f00000, 0x0000000084f00000|100%|HS|  |TAMS 0x0000000084f00000, 0x0000000084e00000| Complete 
|  79|0x0000000084f00000, 0x0000000085000000, 0x0000000085000000|100%| O|  |TAMS 0x0000000085000000, 0x0000000084f00000| Untracked 
|  80|0x0000000085000000, 0x0000000085100000, 0x0000000085100000|100%| O|  |TAMS 0x0000000085100000, 0x0000000085000000| Untracked 
|  81|0x0000000085100000, 0x0000000085200000, 0x0000000085200000|100%|HS|  |TAMS 0x0000000085200000, 0x0000000085100000| Complete 
|  82|0x0000000085200000, 0x0000000085300000, 0x0000000085300000|100%|HC|  |TAMS 0x0000000085300000, 0x0000000085200000| Complete 
|  83|0x0000000085300000, 0x0000000085400000, 0x0000000085400000|100%|HC|  |TAMS 0x0000000085400000, 0x0000000085300000| Complete 
|  84|0x0000000085400000, 0x0000000085500000, 0x0000000085500000|100%| O|  |TAMS 0x0000000085500000, 0x0000000085400000| Untracked 
|  85|0x0000000085500000, 0x0000000085600000, 0x0000000085600000|100%| O|  |TAMS 0x0000000085600000, 0x0000000085500000| Untracked 
|  86|0x0000000085600000, 0x0000000085700000, 0x0000000085700000|100%| O|  |TAMS 0x0000000085700000, 0x0000000085600000| Untracked 
|  87|0x0000000085700000, 0x0000000085800000, 0x0000000085800000|100%| O|  |TAMS 0x0000000085800000, 0x0000000085700000| Untracked 
|  88|0x0000000085800000, 0x0000000085900000, 0x0000000085900000|100%| O|  |TAMS 0x0000000085900000, 0x0000000085800000| Untracked 
|  89|0x0000000085900000, 0x0000000085a00000, 0x0000000085a00000|100%|HS|  |TAMS 0x0000000085a00000, 0x0000000085900000| Complete 
|  90|0x0000000085a00000, 0x0000000085b00000, 0x0000000085b00000|100%|HC|  |TAMS 0x0000000085b00000, 0x0000000085a00000| Complete 
|  91|0x0000000085b00000, 0x0000000085c00000, 0x0000000085c00000|100%| O|  |TAMS 0x0000000085c00000, 0x0000000085b00000| Untracked 
|  92|0x0000000085c00000, 0x0000000085d00000, 0x0000000085d00000|100%| O|  |TAMS 0x0000000085d00000, 0x0000000085c00000| Untracked 
|  93|0x0000000085d00000, 0x0000000085e00000, 0x0000000085e00000|100%| O|  |TAMS 0x0000000085e00000, 0x0000000085d00000| Untracked 
|  94|0x0000000085e00000, 0x0000000085f00000, 0x0000000085f00000|100%| O|  |TAMS 0x0000000085f00000, 0x0000000085e00000| Untracked 
|  95|0x0000000085f00000, 0x0000000086000000, 0x0000000086000000|100%| O|  |TAMS 0x0000000086000000, 0x0000000085f00000| Untracked 
|  96|0x0000000086000000, 0x0000000086100000, 0x0000000086100000|100%| O|  |TAMS 0x0000000086100000, 0x0000000086000000| Untracked 
|  97|0x0000000086100000, 0x0000000086200000, 0x0000000086200000|100%| O|  |TAMS 0x0000000086200000, 0x0000000086100000| Untracked 
|  98|0x0000000086200000, 0x0000000086300000, 0x0000000086300000|100%| O|  |TAMS 0x0000000086300000, 0x0000000086200000| Untracked 
|  99|0x0000000086300000, 0x0000000086400000, 0x0000000086400000|100%| O|  |TAMS 0x0000000086400000, 0x0000000086300000| Untracked 
| 100|0x0000000086400000, 0x0000000086500000, 0x0000000086500000|100%| O|  |TAMS 0x0000000086500000, 0x0000000086400000| Untracked 
| 101|0x0000000086500000, 0x0000000086600000, 0x0000000086600000|100%| O|  |TAMS 0x0000000086600000, 0x0000000086500000| Untracked 
| 102|0x0000000086600000, 0x0000000086700000, 0x0000000086700000|100%| O|  |TAMS 0x0000000086700000, 0x0000000086600000| Untracked 
| 103|0x0000000086700000, 0x0000000086800000, 0x0000000086800000|100%| O|  |TAMS 0x0000000086800000, 0x0000000086700000| Untracked 
| 104|0x0000000086800000, 0x0000000086900000, 0x0000000086900000|100%| O|  |TAMS 0x0000000086900000, 0x0000000086800000| Untracked 
| 105|0x0000000086900000, 0x0000000086a00000, 0x0000000086a00000|100%| O|  |TAMS 0x0000000086a00000, 0x0000000086900000| Untracked 
| 106|0x0000000086a00000, 0x0000000086b00000, 0x0000000086b00000|100%| O|  |TAMS 0x0000000086b00000, 0x0000000086a00000| Untracked 
| 107|0x0000000086b00000, 0x0000000086c00000, 0x0000000086c00000|100%| O|  |TAMS 0x0000000086c00000, 0x0000000086b00000| Untracked 
| 108|0x0000000086c00000, 0x0000000086d00000, 0x0000000086d00000|100%| O|  |TAMS 0x0000000086d00000, 0x0000000086c00000| Untracked 
| 109|0x0000000086d00000, 0x0000000086e00000, 0x0000000086e00000|100%| O|  |TAMS 0x0000000086e00000, 0x0000000086d00000| Untracked 
| 110|0x0000000086e00000, 0x0000000086f00000, 0x0000000086f00000|100%| O|  |TAMS 0x0000000086f00000, 0x0000000086e00000| Untracked 
| 111|0x0000000086f00000, 0x0000000087000000, 0x0000000087000000|100%| O|  |TAMS 0x0000000087000000, 0x0000000086f00000| Untracked 
| 112|0x0000000087000000, 0x0000000087100000, 0x0000000087100000|100%| O|  |TAMS 0x0000000087100000, 0x0000000087000000| Untracked 
| 113|0x0000000087100000, 0x0000000087200000, 0x0000000087200000|100%| O|  |TAMS 0x0000000087200000, 0x0000000087100000| Untracked 
| 114|0x0000000087200000, 0x0000000087300000, 0x0000000087300000|100%| O|  |TAMS 0x0000000087300000, 0x0000000087200000| Untracked 
| 115|0x0000000087300000, 0x0000000087400000, 0x0000000087400000|100%| O|  |TAMS 0x0000000087400000, 0x0000000087300000| Untracked 
| 116|0x0000000087400000, 0x0000000087500000, 0x0000000087500000|100%|HS|  |TAMS 0x0000000087500000, 0x0000000087400000| Complete 
| 117|0x0000000087500000, 0x0000000087600000, 0x0000000087600000|100%|HC|  |TAMS 0x0000000087600000, 0x0000000087500000| Complete 
| 118|0x0000000087600000, 0x0000000087700000, 0x0000000087700000|100%|HS|  |TAMS 0x0000000087700000, 0x0000000087600000| Complete 
| 119|0x0000000087700000, 0x0000000087800000, 0x0000000087800000|100%|HC|  |TAMS 0x0000000087800000, 0x0000000087700000| Complete 
| 120|0x0000000087800000, 0x0000000087900000, 0x0000000087900000|100%|HC|  |TAMS 0x0000000087900000, 0x0000000087800000| Complete 
| 121|0x0000000087900000, 0x0000000087a00000, 0x0000000087a00000|100%|HS|  |TAMS 0x0000000087a00000, 0x0000000087900000| Complete 
| 122|0x0000000087a00000, 0x0000000087b00000, 0x0000000087b00000|100%|HC|  |TAMS 0x0000000087b00000, 0x0000000087a00000| Complete 
| 123|0x0000000087b00000, 0x0000000087c00000, 0x0000000087c00000|100%|HC|  |TAMS 0x0000000087c00000, 0x0000000087b00000| Complete 
| 124|0x0000000087c00000, 0x0000000087d00000, 0x0000000087d00000|100%|HS|  |TAMS 0x0000000087d00000, 0x0000000087c00000| Complete 
| 125|0x0000000087d00000, 0x0000000087e00000, 0x0000000087e00000|100%|HC|  |TAMS 0x0000000087e00000, 0x0000000087d00000| Complete 
| 126|0x0000000087e00000, 0x0000000087f00000, 0x0000000087f00000|100%|HC|  |TAMS 0x0000000087f00000, 0x0000000087e00000| Complete 
| 127|0x0000000087f00000, 0x0000000088000000, 0x0000000088000000|100%|HC|  |TAMS 0x0000000088000000, 0x0000000087f00000| Complete 
| 128|0x0000000088000000, 0x0000000088100000, 0x0000000088100000|100%|HC|  |TAMS 0x0000000088100000, 0x0000000088000000| Complete 
| 129|0x0000000088100000, 0x0000000088200000, 0x0000000088200000|100%|HS|  |TAMS 0x0000000088200000, 0x0000000088100000| Complete 
| 130|0x0000000088200000, 0x0000000088300000, 0x0000000088300000|100%|HS|  |TAMS 0x0000000088300000, 0x0000000088200000| Complete 
| 131|0x0000000088300000, 0x0000000088400000, 0x0000000088400000|100%|HC|  |TAMS 0x0000000088400000, 0x0000000088300000| Complete 
| 132|0x0000000088400000, 0x0000000088500000, 0x0000000088500000|100%|HC|  |TAMS 0x0000000088500000, 0x0000000088400000| Complete 
| 133|0x0000000088500000, 0x0000000088600000, 0x0000000088600000|100%|HC|  |TAMS 0x0000000088600000, 0x0000000088500000| Complete 
| 134|0x0000000088600000, 0x0000000088700000, 0x0000000088700000|100%| O|  |TAMS 0x0000000088700000, 0x0000000088600000| Untracked 
| 135|0x0000000088700000, 0x0000000088800000, 0x0000000088800000|100%| O|  |TAMS 0x0000000088800000, 0x0000000088700000| Untracked 
| 136|0x0000000088800000, 0x0000000088900000, 0x0000000088900000|100%| O|  |TAMS 0x0000000088900000, 0x0000000088800000| Untracked 
| 137|0x0000000088900000, 0x0000000088a00000, 0x0000000088a00000|100%| O|  |TAMS 0x0000000088a00000, 0x0000000088900000| Untracked 
| 138|0x0000000088a00000, 0x0000000088b00000, 0x0000000088b00000|100%| O|  |TAMS 0x0000000088b00000, 0x0000000088a00000| Untracked 
| 139|0x0000000088b00000, 0x0000000088c00000, 0x0000000088c00000|100%| O|  |TAMS 0x0000000088c00000, 0x0000000088b00000| Untracked 
| 140|0x0000000088c00000, 0x0000000088d00000, 0x0000000088d00000|100%| O|  |TAMS 0x0000000088d00000, 0x0000000088c00000| Untracked 
| 141|0x0000000088d00000, 0x0000000088e00000, 0x0000000088e00000|100%| O|  |TAMS 0x0000000088e00000, 0x0000000088d00000| Untracked 
| 142|0x0000000088e00000, 0x0000000088f00000, 0x0000000088f00000|100%| O|  |TAMS 0x0000000088f00000, 0x0000000088e00000| Untracked 
| 143|0x0000000088f00000, 0x0000000089000000, 0x0000000089000000|100%| O|  |TAMS 0x0000000089000000, 0x0000000088f00000| Untracked 
| 144|0x0000000089000000, 0x0000000089100000, 0x0000000089100000|100%| O|  |TAMS 0x0000000089100000, 0x0000000089000000| Untracked 
| 145|0x0000000089100000, 0x0000000089200000, 0x0000000089200000|100%| O|  |TAMS 0x0000000089200000, 0x0000000089100000| Untracked 
| 146|0x0000000089200000, 0x0000000089300000, 0x0000000089300000|100%| O|  |TAMS 0x0000000089300000, 0x0000000089200000| Untracked 
| 147|0x0000000089300000, 0x0000000089400000, 0x0000000089400000|100%| O|  |TAMS 0x0000000089400000, 0x0000000089300000| Untracked 
| 148|0x0000000089400000, 0x0000000089500000, 0x0000000089500000|100%| O|  |TAMS 0x00000000894a5c00, 0x0000000089400000| Untracked 
| 149|0x0000000089500000, 0x0000000089600000, 0x0000000089600000|100%| O|  |TAMS 0x0000000089600000, 0x0000000089500000| Untracked 
| 150|0x0000000089600000, 0x0000000089700000, 0x0000000089700000|100%| O|  |TAMS 0x0000000089600000, 0x0000000089600000| Untracked 
| 151|0x0000000089700000, 0x0000000089800000, 0x0000000089800000|100%| O|  |TAMS 0x0000000089700000, 0x0000000089700000| Untracked 
| 152|0x0000000089800000, 0x0000000089895200, 0x0000000089900000| 58%| O|  |TAMS 0x0000000089800000, 0x0000000089800000| Untracked 
| 153|0x0000000089900000, 0x0000000089900000, 0x0000000089a00000|  0%| F|  |TAMS 0x0000000089900000, 0x0000000089900000| Untracked 
| 154|0x0000000089a00000, 0x0000000089a00000, 0x0000000089b00000|  0%| F|  |TAMS 0x0000000089a00000, 0x0000000089a00000| Untracked 
| 155|0x0000000089b00000, 0x0000000089b00000, 0x0000000089c00000|  0%| F|  |TAMS 0x0000000089b00000, 0x0000000089b00000| Untracked 
| 156|0x0000000089c00000, 0x0000000089c00000, 0x0000000089d00000|  0%| F|  |TAMS 0x0000000089c00000, 0x0000000089c00000| Untracked 
| 157|0x0000000089d00000, 0x0000000089d00000, 0x0000000089e00000|  0%| F|  |TAMS 0x0000000089d00000, 0x0000000089d00000| Untracked 
| 158|0x0000000089e00000, 0x0000000089e00000, 0x0000000089f00000|  0%| F|  |TAMS 0x0000000089e00000, 0x0000000089e00000| Untracked 
| 159|0x0000000089f00000, 0x0000000089f00000, 0x000000008a000000|  0%| F|  |TAMS 0x0000000089f00000, 0x0000000089f00000| Untracked 
| 160|0x000000008a000000, 0x000000008a000000, 0x000000008a100000|  0%| F|  |TAMS 0x000000008a000000, 0x000000008a000000| Untracked 
| 161|0x000000008a100000, 0x000000008a100000, 0x000000008a200000|  0%| F|  |TAMS 0x000000008a100000, 0x000000008a100000| Untracked 
| 162|0x000000008a200000, 0x000000008a200000, 0x000000008a300000|  0%| F|  |TAMS 0x000000008a200000, 0x000000008a200000| Untracked 
| 163|0x000000008a300000, 0x000000008a300000, 0x000000008a400000|  0%| F|  |TAMS 0x000000008a300000, 0x000000008a300000| Untracked 
| 164|0x000000008a400000, 0x000000008a400000, 0x000000008a500000|  0%| F|  |TAMS 0x000000008a400000, 0x000000008a400000| Untracked 
| 165|0x000000008a500000, 0x000000008a500000, 0x000000008a600000|  0%| F|  |TAMS 0x000000008a500000, 0x000000008a500000| Untracked 
| 166|0x000000008a600000, 0x000000008a600000, 0x000000008a700000|  0%| F|  |TAMS 0x000000008a600000, 0x000000008a600000| Untracked 
| 167|0x000000008a700000, 0x000000008a700000, 0x000000008a800000|  0%| F|  |TAMS 0x000000008a700000, 0x000000008a700000| Untracked 
| 168|0x000000008a800000, 0x000000008a800000, 0x000000008a900000|  0%| F|  |TAMS 0x000000008a800000, 0x000000008a800000| Untracked 
| 169|0x000000008a900000, 0x000000008a900000, 0x000000008aa00000|  0%| F|  |TAMS 0x000000008a900000, 0x000000008a900000| Untracked 
| 170|0x000000008aa00000, 0x000000008aa00000, 0x000000008ab00000|  0%| F|  |TAMS 0x000000008aa00000, 0x000000008aa00000| Untracked 
| 171|0x000000008ab00000, 0x000000008ab00000, 0x000000008ac00000|  0%| F|  |TAMS 0x000000008ab00000, 0x000000008ab00000| Untracked 
| 172|0x000000008ac00000, 0x000000008ac00000, 0x000000008ad00000|  0%| F|  |TAMS 0x000000008ac00000, 0x000000008ac00000| Untracked 
| 173|0x000000008ad00000, 0x000000008ad00000, 0x000000008ae00000|  0%| F|  |TAMS 0x000000008ad00000, 0x000000008ad00000| Untracked 
| 174|0x000000008ae00000, 0x000000008ae00000, 0x000000008af00000|  0%| F|  |TAMS 0x000000008ae00000, 0x000000008ae00000| Untracked 
| 175|0x000000008af00000, 0x000000008af00000, 0x000000008b000000|  0%| F|  |TAMS 0x000000008af00000, 0x000000008af00000| Untracked 
| 176|0x000000008b000000, 0x000000008b000000, 0x000000008b100000|  0%| F|  |TAMS 0x000000008b000000, 0x000000008b000000| Untracked 
| 177|0x000000008b100000, 0x000000008b100000, 0x000000008b200000|  0%| F|  |TAMS 0x000000008b100000, 0x000000008b100000| Untracked 
| 178|0x000000008b200000, 0x000000008b200000, 0x000000008b300000|  0%| F|  |TAMS 0x000000008b200000, 0x000000008b200000| Untracked 
| 179|0x000000008b300000, 0x000000008b300000, 0x000000008b400000|  0%| F|  |TAMS 0x000000008b300000, 0x000000008b300000| Untracked 
| 180|0x000000008b400000, 0x000000008b400000, 0x000000008b500000|  0%| F|  |TAMS 0x000000008b400000, 0x000000008b400000| Untracked 
| 181|0x000000008b500000, 0x000000008b500000, 0x000000008b600000|  0%| F|  |TAMS 0x000000008b500000, 0x000000008b500000| Untracked 
| 182|0x000000008b600000, 0x000000008b600000, 0x000000008b700000|  0%| F|  |TAMS 0x000000008b600000, 0x000000008b600000| Untracked 
| 183|0x000000008b700000, 0x000000008b700000, 0x000000008b800000|  0%| F|  |TAMS 0x000000008b700000, 0x000000008b700000| Untracked 
| 184|0x000000008b800000, 0x000000008b800000, 0x000000008b900000|  0%| F|  |TAMS 0x000000008b800000, 0x000000008b800000| Untracked 
| 185|0x000000008b900000, 0x000000008b947040, 0x000000008ba00000| 27%| S|CS|TAMS 0x000000008b900000, 0x000000008b900000| Complete 
| 186|0x000000008ba00000, 0x000000008bb00000, 0x000000008bb00000|100%| S|CS|TAMS 0x000000008ba00000, 0x000000008ba00000| Complete 
| 187|0x000000008bb00000, 0x000000008bb00000, 0x000000008bc00000|  0%| F|  |TAMS 0x000000008bb00000, 0x000000008bb00000| Untracked 
| 188|0x000000008bc00000, 0x000000008bc00000, 0x000000008bd00000|  0%| F|  |TAMS 0x000000008bc00000, 0x000000008bc00000| Untracked 
| 189|0x000000008bd00000, 0x000000008be00000, 0x000000008be00000|100%| S|CS|TAMS 0x000000008bd00000, 0x000000008bd00000| Complete 
| 190|0x000000008be00000, 0x000000008be00000, 0x000000008bf00000|  0%| F|  |TAMS 0x000000008be00000, 0x000000008be00000| Untracked 
| 191|0x000000008bf00000, 0x000000008bf00000, 0x000000008c000000|  0%| F|  |TAMS 0x000000008bf00000, 0x000000008bf00000| Untracked 
| 192|0x000000008c000000, 0x000000008c000000, 0x000000008c100000|  0%| F|  |TAMS 0x000000008c000000, 0x000000008c000000| Untracked 
| 193|0x000000008c100000, 0x000000008c100000, 0x000000008c200000|  0%| F|  |TAMS 0x000000008c100000, 0x000000008c100000| Untracked 
| 194|0x000000008c200000, 0x000000008c200000, 0x000000008c300000|  0%| F|  |TAMS 0x000000008c200000, 0x000000008c200000| Untracked 
| 195|0x000000008c300000, 0x000000008c300000, 0x000000008c400000|  0%| F|  |TAMS 0x000000008c300000, 0x000000008c300000| Untracked 
| 196|0x000000008c400000, 0x000000008c400000, 0x000000008c500000|  0%| F|  |TAMS 0x000000008c400000, 0x000000008c400000| Untracked 
| 197|0x000000008c500000, 0x000000008c500000, 0x000000008c600000|  0%| F|  |TAMS 0x000000008c500000, 0x000000008c500000| Untracked 
| 198|0x000000008c600000, 0x000000008c600000, 0x000000008c700000|  0%| F|  |TAMS 0x000000008c600000, 0x000000008c600000| Untracked 
| 199|0x000000008c700000, 0x000000008c700000, 0x000000008c800000|  0%| F|  |TAMS 0x000000008c700000, 0x000000008c700000| Untracked 
| 200|0x000000008c800000, 0x000000008c800000, 0x000000008c900000|  0%| F|  |TAMS 0x000000008c800000, 0x000000008c800000| Untracked 
| 201|0x000000008c900000, 0x000000008c900000, 0x000000008ca00000|  0%| F|  |TAMS 0x000000008c900000, 0x000000008c900000| Untracked 
| 202|0x000000008ca00000, 0x000000008ca00000, 0x000000008cb00000|  0%| F|  |TAMS 0x000000008ca00000, 0x000000008ca00000| Untracked 
| 203|0x000000008cb00000, 0x000000008cb1e160, 0x000000008cc00000| 11%| E|  |TAMS 0x000000008cb00000, 0x000000008cb00000| Complete 
| 204|0x000000008cc00000, 0x000000008cd00000, 0x000000008cd00000|100%| E|CS|TAMS 0x000000008cc00000, 0x000000008cc00000| Complete 
| 205|0x000000008cd00000, 0x000000008ce00000, 0x000000008ce00000|100%| E|CS|TAMS 0x000000008cd00000, 0x000000008cd00000| Complete 
| 206|0x000000008ce00000, 0x000000008cf00000, 0x000000008cf00000|100%| E|CS|TAMS 0x000000008ce00000, 0x000000008ce00000| Complete 
| 207|0x000000008cf00000, 0x000000008d000000, 0x000000008d000000|100%| E|  |TAMS 0x000000008cf00000, 0x000000008cf00000| Complete 
| 208|0x000000008d000000, 0x000000008d100000, 0x000000008d100000|100%| E|CS|TAMS 0x000000008d000000, 0x000000008d000000| Complete 
| 209|0x000000008d100000, 0x000000008d200000, 0x000000008d200000|100%| E|CS|TAMS 0x000000008d100000, 0x000000008d100000| Complete 
| 210|0x000000008d200000, 0x000000008d300000, 0x000000008d300000|100%| E|CS|TAMS 0x000000008d200000, 0x000000008d200000| Complete 
| 211|0x000000008d300000, 0x000000008d400000, 0x000000008d400000|100%| E|CS|TAMS 0x000000008d300000, 0x000000008d300000| Complete 
| 212|0x000000008d400000, 0x000000008d500000, 0x000000008d500000|100%| E|CS|TAMS 0x000000008d400000, 0x000000008d400000| Complete 
| 213|0x000000008d500000, 0x000000008d600000, 0x000000008d600000|100%| E|CS|TAMS 0x000000008d500000, 0x000000008d500000| Complete 
| 214|0x000000008d600000, 0x000000008d700000, 0x000000008d700000|100%| E|CS|TAMS 0x000000008d600000, 0x000000008d600000| Complete 
| 215|0x000000008d700000, 0x000000008d800000, 0x000000008d800000|100%| E|CS|TAMS 0x000000008d700000, 0x000000008d700000| Complete 

Card table byte_map: [0x000001d460a80000,0x000001d460e80000] _byte_map_base: 0x000001d460680000

Marking Bits (Prev, Next): (CMBitMap*) 0x000001d44d86f8a8, (CMBitMap*) 0x000001d44d86f8e0
 Prev Bits: [0x000001d461280000, 0x000001d463280000)
 Next Bits: [0x000001d463280000, 0x000001d465280000)

Polling page: 0x000001d44b7f0000

Metaspace:

Usage:
  Non-class:     91.33 MB capacity,    89.68 MB ( 98%) used,     1.37 MB (  2%) free+waste,   280.38 KB ( <1%) overhead. 
      Class:     13.92 MB capacity,    13.03 MB ( 94%) used,   785.57 KB (  6%) free+waste,   128.19 KB ( <1%) overhead. 
       Both:    105.25 MB capacity,   102.71 MB ( 98%) used,     2.14 MB (  2%) free+waste,   408.56 KB ( <1%) overhead. 

Virtual space:
  Non-class space:       92.00 MB reserved,      91.50 MB (>99%) committed 
      Class space:        1.00 GB reserved,      14.00 MB (  1%) committed 
             Both:        1.09 GB reserved,     105.50 MB (  9%) committed 

Chunk freelists:
   Non-Class:  48.00 KB
       Class:  0 bytes
        Both:  48.00 KB

MaxMetaspaceSize: 17179869184.00 GB
CompressedClassSpaceSize: 1.00 GB
Initial GC threshold: 20.80 MB
Current GC threshold: 173.96 MB
CDS: off

CodeHeap 'non-profiled nmethods': size=120000Kb used=6810Kb max_used=6810Kb free=113189Kb
 bounds [0x000001d458e20000, 0x000001d4594d0000, 0x000001d460350000]
CodeHeap 'profiled nmethods': size=120000Kb used=24493Kb max_used=24493Kb free=95506Kb
 bounds [0x000001d4518f0000, 0x000001d4530e0000, 0x000001d458e20000]
CodeHeap 'non-nmethods': size=5760Kb used=2438Kb max_used=2474Kb free=3321Kb
 bounds [0x000001d451350000, 0x000001d4515c0000, 0x000001d4518f0000]
 total_blobs=11823 nmethods=10863 adapters=872
 compilation: enabled
              stopped_count=0, restarted_count=0
 full_count=0

Compilation events (20 events):
Event: 27.813 Thread 0x000001d46864f800 nmethod 10908 0x000001d4530ce810 code [0x000001d4530cea40, 0x000001d4530cf348]
Event: 27.813 Thread 0x000001d46864f800 10909       3       org.gradle.api.internal.file.DefaultFileCollectionFactory::fixed (18 bytes)
Event: 27.814 Thread 0x000001d46864f800 nmethod 10909 0x000001d4530cf510 code [0x000001d4530cf760, 0x000001d4530d0008]
Event: 27.815 Thread 0x000001d46864f800 10910       3       java.nio.HeapByteBuffer::compact (85 bytes)
Event: 27.815 Thread 0x000001d46864f800 nmethod 10910 0x000001d4530d0310 code [0x000001d4530d0520, 0x000001d4530d0b28]
Event: 27.861 Thread 0x000001d46864f800 10911       3       java.io.ExpiringCache::entryFor (57 bytes)
Event: 27.861 Thread 0x000001d46864f800 nmethod 10911 0x000001d4530d0d10 code [0x000001d4530d0f00, 0x000001d4530d13b8]
Event: 27.862 Thread 0x000001d46864f800 10912   !   3       java.util.zip.Inflater::needsDictionary (19 bytes)
Event: 27.862 Thread 0x000001d46864f800 nmethod 10912 0x000001d4530d1510 code [0x000001d4530d16c0, 0x000001d4530d1958]
Event: 27.863 Thread 0x000001d46864c000 10913   !   4       java.util.zip.InflaterInputStream::read (138 bytes)
Event: 27.864 Thread 0x000001d46864f800 10915       3       java.io.PushbackInputStream::ensureOpen (18 bytes)
Event: 27.864 Thread 0x000001d46864f800 nmethod 10915 0x000001d4530d1a10 code [0x000001d4530d1be0, 0x000001d4530d1de8]
Event: 27.864 Thread 0x000001d46864f800 10916       3       java.io.PushbackInputStream::read (145 bytes)
Event: 27.864 Thread 0x000001d46864f800 nmethod 10916 0x000001d4530d1e90 code [0x000001d4530d20e0, 0x000001d4530d29a8]
Event: 27.864 Thread 0x000001d46864f800 10917       3       java.util.zip.ZipInputStream::ensureOpen (18 bytes)
Event: 27.865 Thread 0x000001d46864f800 nmethod 10917 0x000001d4530d2c90 code [0x000001d4530d2e60, 0x000001d4530d3068]
Event: 27.865 Thread 0x000001d46864f800 10919       3       java.util.zip.ZipInputStream::read (304 bytes)
Event: 27.866 Thread 0x000001d46864f800 nmethod 10919 0x000001d4530d3110 code [0x000001d4530d34e0, 0x000001d4530d4d78]
Event: 27.866 Thread 0x000001d46864f800 10920       3       java.util.zip.InflaterInputStream::fill (60 bytes)
Event: 27.866 Thread 0x000001d46864f800 nmethod 10920 0x000001d4530d5610 code [0x000001d4530d5820, 0x000001d4530d5cb8]

GC Heap History (20 events):
Event: 20.607 GC heap before
{Heap before GC invocations=70 (full 0):
 garbage-first heap   total 184320K, used 144726K [0x0000000080000000, 0x0000000100000000)
  region size 1024K, 3 young (3072K), 1 survivors (1024K)
 Metaspace       used 84884K, capacity 87125K, committed 87424K, reserved 1124352K
  class space    used 10840K, capacity 11602K, committed 11648K, reserved 1048576K
}
Event: 20.609 GC heap after
{Heap after GC invocations=71 (full 0):
 garbage-first heap   total 184320K, used 145244K [0x0000000080000000, 0x0000000100000000)
  region size 1024K, 2 young (2048K), 2 survivors (2048K)
 Metaspace       used 84884K, capacity 87125K, committed 87424K, reserved 1124352K
  class space    used 10840K, capacity 11602K, committed 11648K, reserved 1048576K
}
Event: 20.744 GC heap before
{Heap before GC invocations=72 (full 0):
 garbage-first heap   total 184320K, used 155484K [0x0000000080000000, 0x0000000100000000)
  region size 1024K, 12 young (12288K), 2 survivors (2048K)
 Metaspace       used 86249K, capacity 88446K, committed 88576K, reserved 1126400K
  class space    used 10928K, capacity 11701K, committed 11776K, reserved 1048576K
}
Event: 20.746 GC heap after
{Heap after GC invocations=73 (full 0):
 garbage-first heap   total 184320K, used 144879K [0x0000000080000000, 0x0000000100000000)
  region size 1024K, 1 young (1024K), 1 survivors (1024K)
 Metaspace       used 86249K, capacity 88446K, committed 88576K, reserved 1126400K
  class space    used 10928K, capacity 11701K, committed 11776K, reserved 1048576K
}
Event: 21.315 GC heap before
{Heap before GC invocations=73 (full 0):
 garbage-first heap   total 184320K, used 156143K [0x0000000080000000, 0x0000000100000000)
  region size 1024K, 12 young (12288K), 1 survivors (1024K)
 Metaspace       used 87918K, capacity 90161K, committed 90368K, reserved 1128448K
  class space    used 11162K, capacity 11930K, committed 12032K, reserved 1048576K
}
Event: 21.318 GC heap after
{Heap after GC invocations=74 (full 0):
 garbage-first heap   total 184320K, used 145196K [0x0000000080000000, 0x0000000100000000)
  region size 1024K, 1 young (1024K), 1 survivors (1024K)
 Metaspace       used 87918K, capacity 90161K, committed 90368K, reserved 1128448K
  class space    used 11162K, capacity 11930K, committed 12032K, reserved 1048576K
}
Event: 21.551 GC heap before
{Heap before GC invocations=75 (full 0):
 garbage-first heap   total 184320K, used 157484K [0x0000000080000000, 0x0000000100000000)
  region size 1024K, 13 young (13312K), 1 survivors (1024K)
 Metaspace       used 89056K, capacity 91313K, committed 91520K, reserved 1128448K
  class space    used 11348K, capacity 12122K, committed 12160K, reserved 1048576K
}
Event: 21.554 GC heap after
{Heap after GC invocations=76 (full 0):
 garbage-first heap   total 221184K, used 145490K [0x0000000080000000, 0x0000000100000000)
  region size 1024K, 2 young (2048K), 2 survivors (2048K)
 Metaspace       used 89056K, capacity 91313K, committed 91520K, reserved 1128448K
  class space    used 11348K, capacity 12122K, committed 12160K, reserved 1048576K
}
Event: 22.292 GC heap before
{Heap before GC invocations=76 (full 0):
 garbage-first heap   total 221184K, used 170066K [0x0000000080000000, 0x0000000100000000)
  region size 1024K, 26 young (26624K), 2 survivors (2048K)
 Metaspace       used 92247K, capacity 94552K, committed 94720K, reserved 1132544K
  class space    used 11740K, capacity 12507K, committed 12544K, reserved 1048576K
}
Event: 22.296 GC heap after
{Heap after GC invocations=77 (full 0):
 garbage-first heap   total 221184K, used 146873K [0x0000000080000000, 0x0000000100000000)
  region size 1024K, 3 young (3072K), 3 survivors (3072K)
 Metaspace       used 92247K, capacity 94552K, committed 94720K, reserved 1132544K
  class space    used 11740K, capacity 12507K, committed 12544K, reserved 1048576K
}
Event: 22.997 GC heap before
{Heap before GC invocations=78 (full 0):
 garbage-first heap   total 221184K, used 171449K [0x0000000080000000, 0x0000000100000000)
  region size 1024K, 28 young (28672K), 3 survivors (3072K)
 Metaspace       used 93985K, capacity 96365K, committed 96512K, reserved 1132544K
  class space    used 11979K, capacity 12784K, committed 12800K, reserved 1048576K
}
Event: 23.002 GC heap after
{Heap after GC invocations=79 (full 0):
 garbage-first heap   total 221184K, used 148890K [0x0000000080000000, 0x0000000100000000)
  region size 1024K, 4 young (4096K), 4 survivors (4096K)
 Metaspace       used 93985K, capacity 96365K, committed 96512K, reserved 1132544K
  class space    used 11979K, capacity 12784K, committed 12800K, reserved 1048576K
}
Event: 23.980 GC heap before
{Heap before GC invocations=79 (full 0):
 garbage-first heap   total 221184K, used 175514K [0x0000000080000000, 0x0000000100000000)
  region size 1024K, 30 young (30720K), 4 survivors (4096K)
 Metaspace       used 96988K, capacity 99513K, committed 99584K, reserved 1136640K
  class space    used 12387K, capacity 13259K, committed 13312K, reserved 1048576K
}
Event: 23.985 GC heap after
{Heap after GC invocations=80 (full 0):
 garbage-first heap   total 221184K, used 150549K [0x0000000080000000, 0x0000000100000000)
  region size 1024K, 4 young (4096K), 4 survivors (4096K)
 Metaspace       used 96988K, capacity 99513K, committed 99584K, reserved 1136640K
  class space    used 12387K, capacity 13259K, committed 13312K, reserved 1048576K
}
Event: 24.966 GC heap before
{Heap before GC invocations=81 (full 0):
 garbage-first heap   total 221184K, used 178197K [0x0000000080000000, 0x0000000100000000)
  region size 1024K, 31 young (31744K), 4 survivors (4096K)
 Metaspace       used 99952K, capacity 102432K, committed 102528K, reserved 1138688K
  class space    used 12756K, capacity 13629K, committed 13696K, reserved 1048576K
}
Event: 24.973 GC heap after
{Heap after GC invocations=82 (full 0):
 garbage-first heap   total 221184K, used 153087K [0x0000000080000000, 0x0000000100000000)
  region size 1024K, 4 young (4096K), 4 survivors (4096K)
 Metaspace       used 99952K, capacity 102432K, committed 102528K, reserved 1138688K
  class space    used 12756K, capacity 13629K, committed 13696K, reserved 1048576K
}
Event: 26.544 GC heap before
{Heap before GC invocations=82 (full 0):
 garbage-first heap   total 221184K, used 180735K [0x0000000080000000, 0x0000000100000000)
  region size 1024K, 31 young (31744K), 4 survivors (4096K)
 Metaspace       used 103974K, capacity 106573K, committed 106880K, reserved 1142784K
  class space    used 13233K, capacity 14144K, committed 14208K, reserved 1048576K
}
Event: 26.553 GC heap after
{Heap after GC invocations=83 (full 0):
 garbage-first heap   total 221184K, used 156311K [0x0000000080000000, 0x0000000100000000)
  region size 1024K, 3 young (3072K), 3 survivors (3072K)
 Metaspace       used 103974K, capacity 106573K, committed 106880K, reserved 1142784K
  class space    used 13233K, capacity 14144K, committed 14208K, reserved 1048576K
}
Event: 27.351 GC heap before
{Heap before GC invocations=84 (full 0):
 garbage-first heap   total 221184K, used 181911K [0x0000000080000000, 0x0000000100000000)
  region size 1024K, 29 young (29696K), 3 survivors (3072K)
 Metaspace       used 104895K, capacity 107550K, committed 107776K, reserved 1142784K
  class space    used 13316K, capacity 14249K, committed 14336K, reserved 1048576K
}
Event: 27.356 GC heap after
{Heap after GC invocations=85 (full 0):
 garbage-first heap   total 221184K, used 158576K [0x0000000080000000, 0x0000000100000000)
  region size 1024K, 3 young (3072K), 3 survivors (3072K)
 Metaspace       used 104895K, capacity 107550K, committed 107776K, reserved 1142784K
  class space    used 13316K, capacity 14249K, committed 14336K, reserved 1048576K
}

Deoptimization events (20 events):
Event: 27.792 Thread 0x000001d46ac77800 DEOPT PACKING pc=0x000001d4594c444c sp=0x00000018bacfd8b0
Event: 27.792 Thread 0x000001d469442000 DEOPT PACKING pc=0x000001d4594c444c sp=0x00000018be1fdb20
Event: 27.792 Thread 0x000001d46ac77800 DEOPT UNPACKING pc=0x000001d4513585af sp=0x00000018bacfd858 mode 2
Event: 27.792 Thread 0x000001d469442000 DEOPT UNPACKING pc=0x000001d4513585af sp=0x00000018be1fdac8 mode 2
Event: 27.857 Thread 0x000001d46ac73800 Uncommon trap: trap_request=0xffffffde fr.pc=0x000001d458f2cea0 relative=0x0000000000001080
Event: 27.857 Thread 0x000001d46ac73800 Uncommon trap: reason=class_check action=maybe_recompile pc=0x000001d458f2cea0 method=java.util.zip.InflaterInputStream.read([BII)I @ 100 c2
Event: 27.857 Thread 0x000001d46ac73800 DEOPT PACKING pc=0x000001d458f2cea0 sp=0x00000018ba9face0
Event: 27.857 Thread 0x000001d46ac73800 DEOPT UNPACKING pc=0x000001d4513585af sp=0x00000018ba9fad40 mode 2
Event: 27.857 Thread 0x000001d46ac73800 Uncommon trap: trap_request=0xffffffde fr.pc=0x000001d458f2cea0 relative=0x0000000000001080
Event: 27.857 Thread 0x000001d46ac73800 Uncommon trap: reason=class_check action=maybe_recompile pc=0x000001d458f2cea0 method=java.util.zip.InflaterInputStream.read([BII)I @ 100 c2
Event: 27.857 Thread 0x000001d46ac73800 DEOPT PACKING pc=0x000001d458f2cea0 sp=0x00000018ba9face0
Event: 27.857 Thread 0x000001d46ac73800 DEOPT UNPACKING pc=0x000001d4513585af sp=0x00000018ba9fad40 mode 2
Event: 27.857 Thread 0x000001d46ac73800 Uncommon trap: trap_request=0xffffffde fr.pc=0x000001d458f2cea0 relative=0x0000000000001080
Event: 27.857 Thread 0x000001d46ac73800 Uncommon trap: reason=class_check action=maybe_recompile pc=0x000001d458f2cea0 method=java.util.zip.InflaterInputStream.read([BII)I @ 100 c2
Event: 27.857 Thread 0x000001d46ac73800 DEOPT PACKING pc=0x000001d458f2cea0 sp=0x00000018ba9face0
Event: 27.857 Thread 0x000001d46ac73800 DEOPT UNPACKING pc=0x000001d4513585af sp=0x00000018ba9fad40 mode 2
Event: 27.857 Thread 0x000001d46ac73800 Uncommon trap: trap_request=0xffffffde fr.pc=0x000001d458f2cea0 relative=0x0000000000001080
Event: 27.857 Thread 0x000001d46ac73800 Uncommon trap: reason=class_check action=maybe_recompile pc=0x000001d458f2cea0 method=java.util.zip.InflaterInputStream.read([BII)I @ 100 c2
Event: 27.857 Thread 0x000001d46ac73800 DEOPT PACKING pc=0x000001d458f2cea0 sp=0x00000018ba9face0
Event: 27.857 Thread 0x000001d46ac73800 DEOPT UNPACKING pc=0x000001d4513585af sp=0x00000018ba9fad40 mode 2

Classes redefined (0 events):
No events

Internal exceptions (20 events):
Event: 22.554 Thread 0x000001d469f1b800 Exception <a 'java/lang/ClassNotFoundException'{0x000000008cdc5f88}: com/android/build/gradle/internal/api/ImmutableFlavorListCustomizer> (0x000000008cdc5f88) thrown at [./src/hotspot/share/classfile/systemDictionary.cpp, line 231]
Event: 22.576 Thread 0x000001d469f1b800 Exception <a 'java/lang/NoSuchMethodError'{0x000000008cc5eaf8}: 'int java.lang.invoke.DirectMethodHandle$Holder.invokeSpecialIFC(java.lang.Object, java.lang.Object, java.lang.Object)'> (0x000000008cc5eaf8) thrown at [./src/hotspot/share/interpreter/linkResolver.cpp, line 773]
Event: 22.630 Thread 0x000001d469f1b800 Exception <a 'java/lang/NoSuchMethodError'{0x000000008c961918}: 'java.lang.Object java.lang.invoke.Invokers$Holder.linkToTargetMethod(java.lang.Object, java.lang.Object, java.lang.Object, int, java.lang.Object, java.lang.Object)'> (0x000000008c961918) thrown at [./src/hotspot/share/interpreter/linkResolver.cpp, line 773]
Event: 23.087 Thread 0x000001d469f1b800 Exception <a 'java/lang/NoSuchMethodError'{0x000000008d308f58}: 'void java.lang.invoke.DirectMethodHandle$Holder.invokeStatic(java.lang.Object, java.lang.Object, java.lang.Object, java.lang.Object, int, java.lang.Object, java.lang.Object)'> (0x000000008d308f58) thrown at [./src/hotspot/share/interpreter/linkResolver.cpp, line 773]
Event: 23.103 Thread 0x000001d469f1b800 Exception <a 'java/lang/IncompatibleClassChangeError'{0x000000008d2d26c8}: Found class java.lang.Object, but interface was expected> (0x000000008d2d26c8) thrown at [./src/hotspot/share/interpreter/linkResolver.cpp, line 839]
Event: 23.414 Thread 0x000001d46ac76000 Exception <a 'java/lang/IncompatibleClassChangeError'{0x000000008cf043a0}: Found class java.lang.Object, but interface was expected> (0x000000008cf043a0) thrown at [./src/hotspot/share/interpreter/linkResolver.cpp, line 839]
Event: 23.431 Thread 0x000001d46ac76000 Exception <a 'java/lang/NoSuchMethodError'{0x000000008ceca480}: 'int java.lang.invoke.DirectMethodHandle$Holder.invokeStaticInit(java.lang.Object, java.lang.Object, java.lang.Object, java.lang.Object, java.lang.Object)'> (0x000000008ceca480) thrown at [./src/hotspot/share/interpreter/linkResolver.cpp, line 773]
Event: 24.397 Thread 0x000001d469f1b800 Implicit null exception at 0x000001d4591c5114 to 0x000001d4591c5754
Event: 24.782 Thread 0x000001d469f1b800 Exception <a 'sun/nio/fs/WindowsException'{0x000000008cd2e010}> (0x000000008cd2e010) thrown at [./src/hotspot/share/prims/jni.cpp, line 616]
Event: 26.740 Thread 0x000001d468d90800 Exception <a 'java/lang/NoSuchMethodError'{0x000000008cfa61a8}: 'void java.lang.invoke.DirectMethodHandle$Holder.invokeVirtual(java.lang.Object, java.lang.Object)'> (0x000000008cfa61a8) thrown at [./src/hotspot/share/interpreter/linkResolver.cpp, line 773]
Event: 26.740 Thread 0x000001d46ac72000 Exception <a 'java/lang/NoSuchMethodError'{0x000000008cf944b0}: 'void java.lang.invoke.DirectMethodHandle$Holder.invokeVirtual(java.lang.Object, java.lang.Object)'> (0x000000008cf944b0) thrown at [./src/hotspot/share/interpreter/linkResolver.cpp, line 773]
Event: 26.744 Thread 0x000001d46ac77800 Exception <a 'java/lang/NoSuchMethodError'{0x000000008cd35fe0}: 'java.lang.Object java.lang.invoke.DirectMethodHandle$Holder.invokeSpecialIFC(java.lang.Object, java.lang.Object, java.lang.Object)'> (0x000000008cd35fe0) thrown at [./src/hotspot/share/interpreter/linkResolver.cpp, line 773]
Event: 26.744 Thread 0x000001d46afbd800 Exception <a 'java/lang/NoSuchMethodError'{0x000000008ceee7e8}: 'java.lang.Object java.lang.invoke.DirectMethodHandle$Holder.invokeSpecialIFC(java.lang.Object, java.lang.Object, java.lang.Object)'> (0x000000008ceee7e8) thrown at [./src/hotspot/share/interpreter/linkResolver.cpp, line 773]
Event: 26.744 Thread 0x000001d46ac78800 Exception <a 'java/lang/NoSuchMethodError'{0x000000008ceff558}: 'java.lang.Object java.lang.invoke.DirectMethodHandle$Holder.invokeSpecialIFC(java.lang.Object, java.lang.Object, java.lang.Object)'> (0x000000008ceff558) thrown at [./src/hotspot/share/interpreter/linkResolver.cpp, line 773]
Event: 26.744 Thread 0x000001d469442000 Exception <a 'java/lang/NoSuchMethodError'{0x000000008cd0d1c0}: 'java.lang.Object java.lang.invoke.DirectMethodHandle$Holder.invokeSpecialIFC(java.lang.Object, java.lang.Object, java.lang.Object)'> (0x000000008cd0d1c0) thrown at [./src/hotspot/share/interpreter/linkResolver.cpp, line 773]
Event: 26.744 Thread 0x000001d46afc0800 Exception <a 'java/lang/NoSuchMethodError'{0x000000008cecd508}: 'java.lang.Object java.lang.invoke.DirectMethodHandle$Holder.invokeSpecialIFC(java.lang.Object, java.lang.Object, java.lang.Object)'> (0x000000008cecd508) thrown at [./src/hotspot/share/interpreter/linkResolver.cpp, line 773]
Event: 26.744 Thread 0x000001d469f1b800 Exception <a 'java/lang/NoSuchMethodError'{0x000000008cf274e8}: 'java.lang.Object java.lang.invoke.DirectMethodHandle$Holder.invokeSpecialIFC(java.lang.Object, java.lang.Object, java.lang.Object)'> (0x000000008cf274e8) thrown at [./src/hotspot/share/interpreter/linkResolver.cpp, line 773]
Event: 26.744 Thread 0x000001d468d93000 Exception <a 'java/lang/NoSuchMethodError'{0x000000008ceafb80}: 'java.lang.Object java.lang.invoke.DirectMethodHandle$Holder.invokeSpecialIFC(java.lang.Object, java.lang.Object, java.lang.Object)'> (0x000000008ceafb80) thrown at [./src/hotspot/share/interpreter/linkResolver.cpp, line 773]
Event: 27.475 Thread 0x000001d46ac73800 Exception <a 'java/lang/NoSuchMethodError'{0x000000008d51c178}: 'java.lang.Object java.lang.invoke.DirectMethodHandle$Holder.newInvokeSpecial(java.lang.Object, java.lang.Object, java.lang.Object, java.lang.Object)'> (0x000000008d51c178) thrown at [./src/hotspot/share/interpreter/linkResolver.cpp, line 773]
Event: 27.709 Thread 0x000001d469442000 Implicit null exception at 0x000001d4594bf6c4 to 0x000001d4594bff14

Events (20 events):
Event: 27.849 loading class com/google/common/io/ByteSink$AsCharSink done
Event: 27.849 loading class com/google/common/io/Closer
Event: 27.849 loading class com/google/common/io/Closer done
Event: 27.850 loading class com/google/common/io/Closer$Suppressor
Event: 27.850 loading class com/google/common/io/Closer$Suppressor done
Event: 27.850 loading class com/google/common/io/Closer$SuppressingSuppressor
Event: 27.850 loading class com/google/common/io/Closer$SuppressingSuppressor done
Event: 27.850 loading class com/google/common/io/ByteStreams
Event: 27.850 loading class com/google/common/io/ByteStreams done
Event: 27.851 loading class com/google/common/io/ByteStreams$1
Event: 27.851 loading class com/google/common/io/ByteStreams$1 done
Event: 27.851 loading class com/google/common/io/ByteStreams$LimitedInputStream
Event: 27.851 loading class com/google/common/io/ByteStreams$LimitedInputStream done
Event: 27.852 loading class com/google/common/io/ByteArrayDataInput
Event: 27.852 loading class com/google/common/io/ByteArrayDataInput done
Event: 27.856 loading class com/google/common/io/ByteArrayDataOutput
Event: 27.856 loading class com/google/common/io/ByteArrayDataOutput done
Event: 27.869 Loaded shared library C:\Program Files\Android\Android Studio\jre\bin\nio.dll
Event: 27.869 Executing VM operation: RevokeBias
Event: 27.870 Executing VM operation: RevokeBias done


Dynamic libraries:
0x00007ff6be640000 - 0x00007ff6be64a000 	C:\Program Files\Android\Android Studio\jre\bin\java.exe
0x00007ffca4500000 - 0x00007ffca4709000 	C:\WINDOWS\SYSTEM32\ntdll.dll
0x00007ffca41f0000 - 0x00007ffca42ad000 	C:\WINDOWS\System32\KERNEL32.DLL
0x00007ffca1e70000 - 0x00007ffca21eb000 	C:\WINDOWS\System32\KERNELBASE.dll
0x00007ffca2260000 - 0x00007ffca2371000 	C:\WINDOWS\System32\ucrtbase.dll
0x00007ffc96240000 - 0x00007ffc96259000 	C:\Program Files\Android\Android Studio\jre\bin\jli.dll
0x00007ffc96220000 - 0x00007ffc96237000 	C:\Program Files\Android\Android Studio\jre\bin\VCRUNTIME140.dll
0x00007ffca4310000 - 0x00007ffca44bd000 	C:\WINDOWS\System32\USER32.dll
0x00007ffc8eca0000 - 0x00007ffc8ef45000 	C:\WINDOWS\WinSxS\amd64_microsoft.windows.common-controls_6595b64144ccf1df_6.0.22000.120_none_9d947278b86cc467\COMCTL32.dll
0x00007ffca1d20000 - 0x00007ffca1d46000 	C:\WINDOWS\System32\win32u.dll
0x00007ffca3890000 - 0x00007ffca3933000 	C:\WINDOWS\System32\msvcrt.dll
0x00007ffca27f0000 - 0x00007ffca2819000 	C:\WINDOWS\System32\GDI32.dll
0x00007ffca1d50000 - 0x00007ffca1e68000 	C:\WINDOWS\System32\gdi32full.dll
0x00007ffca1b40000 - 0x00007ffca1bdd000 	C:\WINDOWS\System32\msvcp_win.dll
0x00007ffca3850000 - 0x00007ffca3881000 	C:\WINDOWS\System32\IMM32.DLL
0x00007ffc96180000 - 0x00007ffc9621d000 	C:\Program Files\Android\Android Studio\jre\bin\msvcp140.dll
0x00007ffc5eb50000 - 0x00007ffc5f652000 	C:\Program Files\Android\Android Studio\jre\bin\server\jvm.dll
0x00007ffca2880000 - 0x00007ffca292e000 	C:\WINDOWS\System32\ADVAPI32.dll
0x00007ffca4150000 - 0x00007ffca41ee000 	C:\WINDOWS\System32\sechost.dll
0x00007ffca2930000 - 0x00007ffca2a50000 	C:\WINDOWS\System32\RPCRT4.dll
0x00007ffca32f0000 - 0x00007ffca32f8000 	C:\WINDOWS\System32\PSAPI.DLL
0x00007ffc83270000 - 0x00007ffc83279000 	C:\WINDOWS\SYSTEM32\WSOCK32.dll
0x00007ffc9b760000 - 0x00007ffc9b793000 	C:\WINDOWS\SYSTEM32\WINMM.dll
0x00007ffc9ae00000 - 0x00007ffc9ae0a000 	C:\WINDOWS\SYSTEM32\VERSION.dll
0x00007ffca3210000 - 0x00007ffca327f000 	C:\WINDOWS\System32\WS2_32.dll
0x00007ffca0b40000 - 0x00007ffca0b58000 	C:\WINDOWS\SYSTEM32\kernel.appcore.dll
0x00007ffc9da70000 - 0x00007ffc9da81000 	C:\Program Files\Android\Android Studio\jre\bin\verify.dll
0x00007ffc9f060000 - 0x00007ffc9f281000 	C:\WINDOWS\SYSTEM32\DBGHELP.DLL
0x00007ffc8fa90000 - 0x00007ffc8fac1000 	C:\WINDOWS\SYSTEM32\dbgcore.DLL
0x00007ffca1ca0000 - 0x00007ffca1d1f000 	C:\WINDOWS\System32\bcryptPrimitives.dll
0x00007ffc85740000 - 0x00007ffc85769000 	C:\Program Files\Android\Android Studio\jre\bin\java.dll
0x00007ffc9db40000 - 0x00007ffc9db4b000 	C:\Program Files\Android\Android Studio\jre\bin\jimage.dll
0x00007ffc88e60000 - 0x00007ffc88e78000 	C:\Program Files\Android\Android Studio\jre\bin\zip.dll
0x00007ffca2a50000 - 0x00007ffca3208000 	C:\WINDOWS\System32\SHELL32.dll
0x00007ffc9fad0000 - 0x00007ffca0335000 	C:\WINDOWS\SYSTEM32\windows.storage.dll
0x00007ffca3a30000 - 0x00007ffca3da7000 	C:\WINDOWS\System32\combase.dll
0x00007ffc9f960000 - 0x00007ffc9fac6000 	C:\WINDOWS\SYSTEM32\wintypes.dll
0x00007ffca3e10000 - 0x00007ffca3efa000 	C:\WINDOWS\System32\SHCORE.dll
0x00007ffca2820000 - 0x00007ffca287d000 	C:\WINDOWS\System32\shlwapi.dll
0x00007ffca1900000 - 0x00007ffca1921000 	C:\WINDOWS\SYSTEM32\profapi.dll
0x00007ffc85720000 - 0x00007ffc8573a000 	C:\Program Files\Android\Android Studio\jre\bin\net.dll
0x00007ffc9c550000 - 0x00007ffc9c65c000 	C:\WINDOWS\SYSTEM32\WINHTTP.dll
0x00007ffca0fe0000 - 0x00007ffca1047000 	C:\WINDOWS\system32\mswsock.dll
0x00007ffc85700000 - 0x00007ffc85714000 	C:\Program Files\Android\Android Studio\jre\bin\nio.dll
0x00007ffc7e700000 - 0x00007ffc7e727000 	E:\BUS APP\Android Payment Gateway APK\Android_Non-Seamless_Version.1.0\Non-Seamless\NonSeamless-Simple\native\e1d6ef7f7dcc3fd88c89a11ec53ec762bb8ba0a96d01ffa2cd45eb1d1d8dd5c5\windows-amd64\native-platform.dll
0x00007ffc7d550000 - 0x00007ffc7d694000 	E:\BUS APP\Android Payment Gateway APK\Android_Non-Seamless_Version.1.0\Non-Seamless\NonSeamless-Simple\native\0d407fdbe67a94daf76414ababcb853783967236a71b16ec16e742cd7a986fd3\windows-amd64\native-platform-file-events.dll
0x00007ffc9db10000 - 0x00007ffc9db1a000 	C:\Program Files\Android\Android Studio\jre\bin\management.dll
0x00007ffc9da60000 - 0x00007ffc9da6d000 	C:\Program Files\Android\Android Studio\jre\bin\management_ext.dll
0x00007ffca1230000 - 0x00007ffca1248000 	C:\WINDOWS\SYSTEM32\CRYPTSP.dll
0x00007ffca0aa0000 - 0x00007ffca0ad5000 	C:\WINDOWS\system32\rsaenh.dll
0x00007ffca10d0000 - 0x00007ffca10f9000 	C:\WINDOWS\SYSTEM32\USERENV.dll
0x00007ffca13b0000 - 0x00007ffca13d7000 	C:\WINDOWS\SYSTEM32\bcrypt.dll
0x00007ffca1220000 - 0x00007ffca122c000 	C:\WINDOWS\SYSTEM32\CRYPTBASE.dll
0x00007ffca0670000 - 0x00007ffca069d000 	C:\WINDOWS\SYSTEM32\IPHLPAPI.DLL
0x00007ffca3720000 - 0x00007ffca3729000 	C:\WINDOWS\System32\NSI.dll
0x00007ffc9bc20000 - 0x00007ffc9bc39000 	C:\WINDOWS\SYSTEM32\dhcpcsvc6.DLL
0x00007ffc9bdc0000 - 0x00007ffc9bdde000 	C:\WINDOWS\SYSTEM32\dhcpcsvc.DLL
0x00007ffca06a0000 - 0x00007ffca0788000 	C:\WINDOWS\SYSTEM32\DNSAPI.dll
0x00007ffc851d0000 - 0x00007ffc851f7000 	C:\Program Files\Android\Android Studio\jre\bin\sunec.dll
0x00007ffc96390000 - 0x00007ffc9639a000 	C:\Windows\System32\rasadhlp.dll
0x00007ffc9a780000 - 0x00007ffc9a801000 	C:\WINDOWS\System32\fwpuclnt.dll

dbghelp: loaded successfully - version: 4.0.5 - missing functions: none
symbol engine: initialized successfully - sym options: 0x614 - pdb path: .;C:\Program Files\Android\Android Studio\jre\bin;C:\WINDOWS\SYSTEM32;C:\WINDOWS\WinSxS\amd64_microsoft.windows.common-controls_6595b64144ccf1df_6.0.22000.120_none_9d947278b86cc467;C:\Program Files\Android\Android Studio\jre\bin\server;E:\BUS APP\Android Payment Gateway APK\Android_Non-Seamless_Version.1.0\Non-Seamless\NonSeamless-Simple\native\e1d6ef7f7dcc3fd88c89a11ec53ec762bb8ba0a96d01ffa2cd45eb1d1d8dd5c5\windows-amd64;E:\BUS APP\Android Payment Gateway APK\Android_Non-Seamless_Version.1.0\Non-Seamless\NonSeamless-Simple\native\0d407fdbe67a94daf76414ababcb853783967236a71b16ec16e742cd7a986fd3\windows-amd64

VM Arguments:
jvm_args: --add-opens=java.base/java.util=ALL-UNNAMED --add-opens=java.base/java.lang=ALL-UNNAMED --add-opens=java.base/java.lang.invoke=ALL-UNNAMED --add-opens=java.base/java.util=ALL-UNNAMED --add-opens=java.prefs/java.util.prefs=ALL-UNNAMED --add-opens=java.prefs/java.util.prefs=ALL-UNNAMED --add-opens=java.base/java.nio.charset=ALL-UNNAMED --add-opens=java.base/java.net=ALL-UNNAMED --add-opens=java.base/java.util.concurrent.atomic=ALL-UNNAMED -Xmx2048m -Dfile.encoding=UTF-8 -Duser.country=IN -Duser.language=en -Duser.variant 
java_command: org.gradle.launcher.daemon.bootstrap.GradleDaemon 7.4
java_class_path (initial): E:\BUS APP\Android Payment Gateway APK\Android_Non-Seamless_Version.1.0\Non-Seamless\NonSeamless-Simple\wrapper\dists\gradle-7.4-bin\c0gwcg53nkjbqw7r0h0umtfvt\gradle-7.4\lib\gradle-launcher-7.4.jar
Launcher Type: SUN_STANDARD

[Global flags]
     intx CICompilerCount                          = 4                                         {product} {ergonomic}
     uint ConcGCThreads                            = 2                                         {product} {ergonomic}
     uint G1ConcRefinementThreads                  = 8                                         {product} {ergonomic}
   size_t G1HeapRegionSize                         = 1048576                                   {product} {ergonomic}
    uintx GCDrainStackTargetSize                   = 64                                        {product} {ergonomic}
   size_t InitialHeapSize                          = 130023424                                 {product} {ergonomic}
   size_t MarkStackSize                            = 4194304                                   {product} {ergonomic}
   size_t MaxHeapSize                              = 2147483648                                {product} {command line}
   size_t MaxNewSize                               = 1287651328                                {product} {ergonomic}
   size_t MinHeapDeltaBytes                        = 1048576                                   {product} {ergonomic}
    uintx NonNMethodCodeHeapSize                   = 5836300                                {pd product} {ergonomic}
    uintx NonProfiledCodeHeapSize                  = 122910970                              {pd product} {ergonomic}
    uintx ProfiledCodeHeapSize                     = 122910970                              {pd product} {ergonomic}
    uintx ReservedCodeCacheSize                    = 251658240                              {pd product} {ergonomic}
     bool SegmentedCodeCache                       = true                                      {product} {ergonomic}
     bool UseCompressedClassPointers               = true                                 {lp64_product} {ergonomic}
     bool UseCompressedOops                        = true                                 {lp64_product} {ergonomic}
     bool UseG1GC                                  = true                                      {product} {ergonomic}
     bool UseLargePagesIndividualAllocation        = false                                  {pd product} {ergonomic}

Logging:
Log output configuration:
 #0: stdout all=warning uptime,level,tags
 #1: stderr all=off uptime,level,tags

Environment Variables:
PATH=C:\Program Files (x86)\VMware\VMware Workstation\bin\;C:\oraclexe\app\oracle\product\11.2.0\server\bin;C:\Windows\system32;C:\Windows;C:\Windows\System32\Wbem;C:\Windows\System32\WindowsPowerShell\v1.0\;C:\Windows\System32\OpenSSH\;C:\Program Files\NVIDIA Corporation\NVIDIA NvDLISR;C:\Program Files (x86)\NVIDIA Corporation\PhysX\Common;C:\Program Files\dotnet\;C:\WINDOWS\system32;C:\WINDOWS;C:\WINDOWS\System32\Wbem;C:\WINDOWS\System32\WindowsPowerShell\v1.0\;C:\WINDOWS\System32\OpenSSH\;C:\Program Files\Git\cmd;C:\src\flutter\bin;C:\src\flutter\bin;C:\Program Files\Java\jdk1.8.0_202\bin;C:\Users\DELL\AppData\Local\Microsoft\WindowsApps;C:\Users\DELL\AppData\Local\atom\bin;C:\Users\DELL\AppData\Local\Programs\Microsoft VS Code\bin;
USERNAME=DELL
OS=Windows_NT
PROCESSOR_IDENTIFIER=Intel64 Family 6 Model 140 Stepping 1, GenuineIntel



---------------  S Y S T E M  ---------------

OS: Windows 11 , 64 bit Build 22000 (10.0.22000.708)
OS uptime: 0 days 5:38 hours
Hyper-V role detected

CPU:total 8 (initial active 8) (4 cores per cpu, 2 threads per core) family 6 model 140 stepping 1 microcode 0xa4, cmov, cx8, fxsr, mmx, sse, sse2, sse3, ssse3, sse4.1, sse4.2, popcnt, avx, avx2, aes, clmul, erms, 3dnowpref, lzcnt, ht, tsc, tscinvbit, bmi1, bmi2, adx, evex, sha, fma

Memory: 4k page, system-wide physical 7914M (296M free)
TotalPageFile size 29966M (AvailPageFile size 1M)
current process WorkingSet (physical memory assigned to process): 473M, peak: 473M
current process commit charge ("private bytes"): 522M, peak: 522M

vm_info: OpenJDK 64-Bit Server VM (11.0.13+0-b1751.21-8125866) for windows-amd64 JRE (11.0.13+0-b1751.21-8125866), built on Feb  2 2022 03:00:22 by "builder" with MS VC++ 14.0 (VS2015)

END.
