#
# There is insufficient memory for the Java Runtime Environment to continue.
# Native memory allocation (malloc) failed to allocate 3246096 bytes for Chunk::new
# Possible reasons:
#   The system is out of physical RAM or swap space
#   The process is running with CompressedOops enabled, and the Java Heap may be blocking the growth of the native heap
# Possible solutions:
#   Reduce memory load on the system
#   Increase physical memory or swap space
#   Check if swap backing store is full
#   Decrease Java heap size (-Xmx/-Xms)
#   Decrease number of Java threads
#   Decrease Java thread stack sizes (-Xss)
#   Set larger code cache with -XX:ReservedCodeCacheSize=
#   JVM is running with Unscaled Compressed Oops mode in which the Java heap is
#     placed in the first 4GB address space. The Java Heap base address is the
#     maximum limit for the native heap growth. Please use -XX:HeapBaseMinAddress
#     to set the Java Heap base and to place the Java Heap above 4GB virtual address.
# This output file may be truncated or incomplete.
#
#  Out of Memory Error (./src/hotspot/share/memory/arena.cpp:197), pid=21284, tid=12032
#
# JRE version: OpenJDK Runtime Environment (11.0.13) (build 11.0.13+0-b1751.21-8125866)
# Java VM: OpenJDK 64-Bit Server VM (11.0.13+0-b1751.21-8125866, mixed mode, tiered, compressed oops, g1 gc, windows-amd64)
# No core dump will be written. Minidumps are not enabled by default on client versions of Windows
#

---------------  S U M M A R Y ------------

Command Line: --add-opens=java.base/java.util=ALL-UNNAMED --add-opens=java.base/java.lang=ALL-UNNAMED --add-opens=java.base/java.lang.invoke=ALL-UNNAMED --add-opens=java.base/java.util=ALL-UNNAMED --add-opens=java.prefs/java.util.prefs=ALL-UNNAMED --add-opens=java.prefs/java.util.prefs=ALL-UNNAMED --add-opens=java.base/java.nio.charset=ALL-UNNAMED --add-opens=java.base/java.net=ALL-UNNAMED --add-opens=java.base/java.util.concurrent.atomic=ALL-UNNAMED -Xmx2048m -Dfile.encoding=UTF-8 -Duser.country=IN -Duser.language=en -Duser.variant org.gradle.launcher.daemon.bootstrap.GradleDaemon 7.4

Host: 11th Gen Intel(R) Core(TM) i5-1135G7 @ 2.40GHz, 8 cores, 7G,  Windows 11 , 64 bit Build 22000 (10.0.22000.708)
Time: Sat Oct 29 22:38:55 2022 India Standard Time elapsed time: 93.834078 seconds (0d 0h 1m 33s)

---------------  T H R E A D  ---------------

Current thread (0x00000269fb06c000):  JavaThread "C2 CompilerThread0" daemon [_thread_in_native, id=12032, stack(0x000000da95e00000,0x000000da95f00000)]


Current CompileTask:
C2:  93834 15397       4       org.gradle.tooling.internal.adapter.ProtocolToModelAdapter$PropertyCachingMethodInvoker::invoke (110 bytes)

Stack: [0x000000da95e00000,0x000000da95f00000]
Native frames: (J=compiled Java code, j=interpreted, Vv=VM code, C=native code)
V  [jvm.dll+0x6100fa]
V  [jvm.dll+0x747090]
V  [jvm.dll+0x7486ad]
V  [jvm.dll+0x748d83]
V  [jvm.dll+0x24ab48]
V  [jvm.dll+0xc04dc]
V  [jvm.dll+0xc0a0c]
V  [jvm.dll+0x35eb5b]
V  [jvm.dll+0x32b833]
V  [jvm.dll+0x32ad2a]
V  [jvm.dll+0x2032b2]
V  [jvm.dll+0x202437]
V  [jvm.dll+0x188e01]
V  [jvm.dll+0x21106b]
V  [jvm.dll+0x20f8c1]
V  [jvm.dll+0x70de0f]
V  [jvm.dll+0x706a75]
V  [jvm.dll+0x60ed66]
C  [ucrtbase.dll+0x26c0c]
C  [KERNEL32.DLL+0x154e0]
C  [ntdll.dll+0x485b]


---------------  P R O C E S S  ---------------

Threads class SMR info:
_java_thread_list=0x0000026991258210, length=127, elements={
0x00000269ef23f800, 0x00000269fa6d7800, 0x00000269fa6e3800, 0x00000269fb067800,
0x00000269fb069000, 0x00000269fb06a000, 0x00000269fb06c000, 0x00000269fb071800,
0x00000269fa6f0000, 0x00000269fb1bf800, 0x00000269fd60c800, 0x00000269fb9f9000,
0x00000269fc5f9000, 0x00000269fc1b9000, 0x00000269fbdbb800, 0x00000269fd8c1000,
0x00000269fd8c3800, 0x00000269fd8c2000, 0x00000269fd8c3000, 0x00000269fda8a800,
0x00000269fda88000, 0x00000269fda89000, 0x00000269fda87000, 0x00000269fda89800,
0x00000269fda84800, 0x00000269fda8b800, 0x00000269fda85800, 0x00000269fda8c000,
0x00000269fda8f800, 0x00000269fda92800, 0x0000026993116000, 0x0000026993114800,
0x0000026993117000, 0x0000026993117800, 0x0000026993119800, 0x0000026993115800,
0x0000026993118800, 0x00000269904da800, 0x0000026993113800, 0x000002699311b000,
0x000002699311f000, 0x0000026993120000, 0x000002699311d800, 0x000002699311c800,
0x000002699311c000, 0x000002699311a000, 0x0000026993121800, 0x0000026993120800,
0x00000269fda86800, 0x00000269fda92000, 0x00000269fda90000, 0x00000269fda8d800,
0x00000269fda8e800, 0x00000269fda91000, 0x000002699043f000, 0x0000026990442000,
0x0000026990441800, 0x0000026990443000, 0x000002699043d800, 0x0000026990440800,
0x000002699043e000, 0x0000026990444000, 0x0000026990444800, 0x0000026990445800,
0x000002699043f800, 0x0000026990446800, 0x0000026990448000, 0x000002699044b000,
0x000002699044c000, 0x0000026990448800, 0x0000026990447000, 0x0000026990449800,
0x000002699044a800, 0x0000026993060000, 0x0000026993060800, 0x0000026993061800,
0x000002699305e800, 0x0000026993064000, 0x0000026993062800, 0x0000026993063000,
0x0000026993065000, 0x000002699305f000, 0x000002699306b800, 0x0000026993066800,
0x000002699306a800, 0x0000026993067000, 0x0000026993069800, 0x0000026993068000,
0x0000026993065800, 0x000002699306d000, 0x000002699306c000, 0x0000026993069000,
0x00000269907c5000, 0x00000269907c2000, 0x00000269907c3800, 0x00000269907c4800,
0x00000269907c6800, 0x00000269907c6000, 0x00000269907c7800, 0x00000269907c8800,
0x00000269907c2800, 0x00000269907cb800, 0x00000269907cc800, 0x00000269907cd000,
0x00000269907cb000, 0x00000269907ce000, 0x00000269907cf000, 0x00000269907c9000,
0x00000269907cf800, 0x00000269907ca000, 0x00000269907d0800, 0x0000026994b41800,
0x0000026994b3d800, 0x0000026994b44000, 0x0000026994b40000, 0x0000026994b40800,
0x0000026994b3f000, 0x0000026994b42800, 0x0000026994b43000, 0x0000026994b3e800,
0x0000026994b49000, 0x0000026994b4a800, 0x0000026994b48000, 0x0000026994b46800,
0x0000026994b49800, 0x0000026994b45000, 0x000002698ff74800
}

Java Threads: ( => current thread )
  0x00000269ef23f800 JavaThread "main" [_thread_blocked, id=8308, stack(0x000000da95200000,0x000000da95300000)]
  0x00000269fa6d7800 JavaThread "Reference Handler" daemon [_thread_blocked, id=12060, stack(0x000000da95900000,0x000000da95a00000)]
  0x00000269fa6e3800 JavaThread "Finalizer" daemon [_thread_blocked, id=6776, stack(0x000000da95a00000,0x000000da95b00000)]
  0x00000269fb067800 JavaThread "Signal Dispatcher" daemon [_thread_blocked, id=20276, stack(0x000000da95b00000,0x000000da95c00000)]
  0x00000269fb069000 JavaThread "Attach Listener" daemon [_thread_blocked, id=21460, stack(0x000000da95c00000,0x000000da95d00000)]
  0x00000269fb06a000 JavaThread "Service Thread" daemon [_thread_blocked, id=12956, stack(0x000000da95d00000,0x000000da95e00000)]
=>0x00000269fb06c000 JavaThread "C2 CompilerThread0" daemon [_thread_in_native, id=12032, stack(0x000000da95e00000,0x000000da95f00000)]
  0x00000269fb071800 JavaThread "C1 CompilerThread0" daemon [_thread_blocked, id=11024, stack(0x000000da95f00000,0x000000da96000000)]
  0x00000269fa6f0000 JavaThread "Sweeper thread" daemon [_thread_blocked, id=8184, stack(0x000000da96000000,0x000000da96100000)]
  0x00000269fb1bf800 JavaThread "Common-Cleaner" daemon [_thread_blocked, id=10760, stack(0x000000da96100000,0x000000da96200000)]
  0x00000269fd60c800 JavaThread "Daemon health stats" [_thread_blocked, id=19144, stack(0x000000da96500000,0x000000da96600000)]
  0x00000269fb9f9000 JavaThread "Incoming local TCP Connector on port 56397" [_thread_in_native, id=12632, stack(0x000000da96400000,0x000000da96500000)]
  0x00000269fc5f9000 JavaThread "Daemon periodic checks" [_thread_blocked, id=11680, stack(0x000000da96800000,0x000000da96900000)]
  0x00000269fc1b9000 JavaThread "Daemon" [_thread_blocked, id=2976, stack(0x000000da96900000,0x000000da96a00000)]
  0x00000269fbdbb800 JavaThread "Daemon worker" [_thread_in_native, id=3032, stack(0x000000da96c00000,0x000000da96d00000)]
  0x00000269fd8c1000 JavaThread "Cache worker for journal cache (E:\BUS APP\Android Payment Gateway APK\Android_Non-Seamless_Version.1.0\Non-Seamless\NonSeamless-Simple\caches\journal-1)" [_thread_blocked, id=3024, stack(0x000000da97000000,0x000000da97100000)]
  0x00000269fd8c3800 JavaThread "File lock request listener" [_thread_in_native, id=3236, stack(0x000000da97100000,0x000000da97200000)]
  0x00000269fd8c2000 JavaThread "Cache worker for file hash cache (E:\BUS APP\Android Payment Gateway APK\Android_Non-Seamless_Version.1.0\Non-Seamless\NonSeamless-Simple\caches\7.4\fileHashes)" [_thread_blocked, id=1536, stack(0x000000da97700000,0x000000da97800000)]
  0x00000269fd8c3000 JavaThread "File watcher server" daemon [_thread_in_native, id=4072, stack(0x000000da97900000,0x000000da97a00000)]
  0x00000269fda8a800 JavaThread "File watcher consumer" daemon [_thread_blocked, id=9644, stack(0x000000da97a00000,0x000000da97b00000)]
  0x00000269fda88000 JavaThread "jar transforms" [_thread_blocked, id=22068, stack(0x000000da97800000,0x000000da97900000)]
  0x00000269fda89000 JavaThread "jar transforms Thread 2" [_thread_blocked, id=5744, stack(0x000000da97b00000,0x000000da97c00000)]
  0x00000269fda87000 JavaThread "jar transforms Thread 3" [_thread_blocked, id=19200, stack(0x000000da97c00000,0x000000da97d00000)]
  0x00000269fda89800 JavaThread "jar transforms Thread 4" [_thread_blocked, id=8840, stack(0x000000da97d00000,0x000000da97e00000)]
  0x00000269fda84800 JavaThread "jar transforms Thread 5" [_thread_blocked, id=1732, stack(0x000000da97e00000,0x000000da97f00000)]
  0x00000269fda8b800 JavaThread "jar transforms Thread 6" [_thread_blocked, id=22052, stack(0x000000da97f00000,0x000000da98000000)]
  0x00000269fda85800 JavaThread "jar transforms Thread 7" [_thread_blocked, id=22392, stack(0x000000da98000000,0x000000da98100000)]
  0x00000269fda8c000 JavaThread "jar transforms Thread 8" [_thread_blocked, id=11776, stack(0x000000da98100000,0x000000da98200000)]
  0x00000269fda8f800 JavaThread "Cache worker for execution history cache (E:\BUS APP\Android Payment Gateway APK\Android_Non-Seamless_Version.1.0\Non-Seamless\NonSeamless-Simple\caches\7.4\executionHistory)" [_thread_blocked, id=11796, stack(0x000000da98600000,0x000000da98700000)]
  0x00000269fda92800 JavaThread "Cache worker for file content cache (E:\BUS APP\Android Payment Gateway APK\Android_Non-Seamless_Version.1.0\Non-Seamless\NonSeamless-Simple\caches\7.4\fileContent)" [_thread_blocked, id=15776, stack(0x000000da98800000,0x000000da98900000)]
  0x0000026993116000 JavaThread "Memory manager" [_thread_blocked, id=18608, stack(0x000000da9da00000,0x000000da9db00000)]
  0x0000026993114800 JavaThread "pool-3-thread-1" [_thread_blocked, id=4224, stack(0x000000da9db00000,0x000000da9dc00000)]
  0x0000026993117000 JavaThread "Handler for socket connection from /127.0.0.1:56397 to /127.0.0.1:56413" [_thread_in_native, id=17468, stack(0x000000da95000000,0x000000da95100000)]
  0x0000026993117800 JavaThread "Cancel handler" [_thread_blocked, id=2996, stack(0x000000da95100000,0x000000da95200000)]
  0x0000026993119800 JavaThread "Asynchronous log dispatcher for DefaultDaemonConnection: socket connection from /127.0.0.1:56397 to /127.0.0.1:56413" [_thread_blocked, id=7684, stack(0x000000da96a00000,0x000000da96b00000)]
  0x0000026993115800 JavaThread "Stdin handler" [_thread_blocked, id=14412, stack(0x000000da96b00000,0x000000da96c00000)]
  0x0000026993118800 JavaThread "Daemon client event forwarder" [_thread_blocked, id=20252, stack(0x000000da96d00000,0x000000da96e00000)]
  0x00000269904da800 JavaThread "C2 CompilerThread1" daemon [_thread_in_native, id=15572, stack(0x000000da96e00000,0x000000da96f00000)]
  0x0000026993113800 JavaThread "Cache worker for checksums cache (C:\Users\DELL\GMRBus\.gradle\7.4\checksums)" [_thread_blocked, id=18776, stack(0x000000da96f00000,0x000000da97000000)]
  0x000002699311b000 JavaThread "Cache worker for cache directory md-rule (E:\BUS APP\Android Payment Gateway APK\Android_Non-Seamless_Version.1.0\Non-Seamless\NonSeamless-Simple\caches\7.4\md-rule)" [_thread_blocked, id=19792, stack(0x000000da98200000,0x000000da98300000)]
  0x000002699311f000 JavaThread "Cache worker for file hash cache (C:\Users\DELL\GMRBus\.gradle\7.4\fileHashes)" [_thread_blocked, id=8816, stack(0x000000da98300000,0x000000da98400000)]
  0x0000026993120000 JavaThread "Cache worker for cache directory md-supplier (E:\BUS APP\Android Payment Gateway APK\Android_Non-Seamless_Version.1.0\Non-Seamless\NonSeamless-Simple\caches\7.4\md-supplier)" [_thread_blocked, id=19064, stack(0x000000da98400000,0x000000da98500000)]
  0x000002699311d800 JavaThread "Cache worker for dependencies-accessors (C:\Users\DELL\GMRBus\.gradle\7.4\dependencies-accessors)" [_thread_blocked, id=14292, stack(0x000000da98500000,0x000000da98600000)]
  0x000002699311c800 JavaThread "Cache worker for Build Output Cleanup Cache (C:\Users\DELL\GMRBus\.gradle\buildOutputCleanup)" [_thread_blocked, id=2608, stack(0x000000da98700000,0x000000da98800000)]
  0x000002699311c000 JavaThread "Unconstrained build operations" [_thread_blocked, id=2268, stack(0x000000da98900000,0x000000da98a00000)]
  0x000002699311a000 JavaThread "Unconstrained build operations Thread 2" [_thread_blocked, id=1168, stack(0x000000da98a00000,0x000000da98b00000)]
  0x0000026993121800 JavaThread "Unconstrained build operations Thread 3" [_thread_blocked, id=11900, stack(0x000000da98b00000,0x000000da98c00000)]
  0x0000026993120800 JavaThread "Unconstrained build operations Thread 4" [_thread_blocked, id=13704, stack(0x000000da98c00000,0x000000da98d00000)]
  0x00000269fda86800 JavaThread "Unconstrained build operations Thread 5" [_thread_blocked, id=8012, stack(0x000000da98d00000,0x000000da98e00000)]
  0x00000269fda92000 JavaThread "Unconstrained build operations Thread 6" [_thread_blocked, id=4148, stack(0x000000da98e00000,0x000000da98f00000)]
  0x00000269fda90000 JavaThread "Unconstrained build operations Thread 7" [_thread_blocked, id=22060, stack(0x000000da98f00000,0x000000da99000000)]
  0x00000269fda8d800 JavaThread "Unconstrained build operations Thread 8" [_thread_blocked, id=20592, stack(0x000000da99000000,0x000000da99100000)]
  0x00000269fda8e800 JavaThread "Unconstrained build operations Thread 9" [_thread_blocked, id=16340, stack(0x000000da99100000,0x000000da99200000)]
  0x00000269fda91000 JavaThread "Unconstrained build operations Thread 10" [_thread_blocked, id=16148, stack(0x000000da99200000,0x000000da99300000)]
  0x000002699043f000 JavaThread "Unconstrained build operations Thread 11" [_thread_blocked, id=17360, stack(0x000000da99300000,0x000000da99400000)]
  0x0000026990442000 JavaThread "Unconstrained build operations Thread 12" [_thread_blocked, id=19684, stack(0x000000da99400000,0x000000da99500000)]
  0x0000026990441800 JavaThread "Unconstrained build operations Thread 13" [_thread_blocked, id=19460, stack(0x000000da99500000,0x000000da99600000)]
  0x0000026990443000 JavaThread "Unconstrained build operations Thread 14" [_thread_blocked, id=10396, stack(0x000000da99600000,0x000000da99700000)]
  0x000002699043d800 JavaThread "Unconstrained build operations Thread 15" [_thread_blocked, id=22356, stack(0x000000da99700000,0x000000da99800000)]
  0x0000026990440800 JavaThread "Unconstrained build operations Thread 16" [_thread_blocked, id=15824, stack(0x000000da99800000,0x000000da99900000)]
  0x000002699043e000 JavaThread "Unconstrained build operations Thread 17" [_thread_blocked, id=16376, stack(0x000000da99900000,0x000000da99a00000)]
  0x0000026990444000 JavaThread "Unconstrained build operations Thread 18" [_thread_blocked, id=18584, stack(0x000000da99a00000,0x000000da99b00000)]
  0x0000026990444800 JavaThread "Unconstrained build operations Thread 19" [_thread_blocked, id=1084, stack(0x000000da99b00000,0x000000da99c00000)]
  0x0000026990445800 JavaThread "Unconstrained build operations Thread 20" [_thread_blocked, id=1104, stack(0x000000da99c00000,0x000000da99d00000)]
  0x000002699043f800 JavaThread "Unconstrained build operations Thread 21" [_thread_blocked, id=14672, stack(0x000000da99d00000,0x000000da99e00000)]
  0x0000026990446800 JavaThread "Unconstrained build operations Thread 22" [_thread_blocked, id=14392, stack(0x000000da99e00000,0x000000da99f00000)]
  0x0000026990448000 JavaThread "Unconstrained build operations Thread 23" [_thread_blocked, id=3144, stack(0x000000da99f00000,0x000000da9a000000)]
  0x000002699044b000 JavaThread "Unconstrained build operations Thread 24" [_thread_blocked, id=15488, stack(0x000000da9a000000,0x000000da9a100000)]
  0x000002699044c000 JavaThread "Unconstrained build operations Thread 25" [_thread_blocked, id=9072, stack(0x000000da9a100000,0x000000da9a200000)]
  0x0000026990448800 JavaThread "Unconstrained build operations Thread 26" [_thread_blocked, id=22364, stack(0x000000da9a200000,0x000000da9a300000)]
  0x0000026990447000 JavaThread "Unconstrained build operations Thread 27" [_thread_blocked, id=21788, stack(0x000000da9a300000,0x000000da9a400000)]
  0x0000026990449800 JavaThread "Unconstrained build operations Thread 28" [_thread_blocked, id=9176, stack(0x000000da9a400000,0x000000da9a500000)]
  0x000002699044a800 JavaThread "Unconstrained build operations Thread 29" [_thread_blocked, id=4120, stack(0x000000da9a500000,0x000000da9a600000)]
  0x0000026993060000 JavaThread "Unconstrained build operations Thread 30" [_thread_blocked, id=2252, stack(0x000000da9a600000,0x000000da9a700000)]
  0x0000026993060800 JavaThread "Unconstrained build operations Thread 31" [_thread_blocked, id=15556, stack(0x000000da9a700000,0x000000da9a800000)]
  0x0000026993061800 JavaThread "Unconstrained build operations Thread 32" [_thread_blocked, id=20716, stack(0x000000da9a800000,0x000000da9a900000)]
  0x000002699305e800 JavaThread "Unconstrained build operations Thread 33" [_thread_blocked, id=11128, stack(0x000000da9a900000,0x000000da9aa00000)]
  0x0000026993064000 JavaThread "Unconstrained build operations Thread 34" [_thread_blocked, id=8760, stack(0x000000da9aa00000,0x000000da9ab00000)]
  0x0000026993062800 JavaThread "Unconstrained build operations Thread 35" [_thread_blocked, id=308, stack(0x000000da9ab00000,0x000000da9ac00000)]
  0x0000026993063000 JavaThread "Unconstrained build operations Thread 36" [_thread_blocked, id=18996, stack(0x000000da9ac00000,0x000000da9ad00000)]
  0x0000026993065000 JavaThread "Unconstrained build operations Thread 37" [_thread_blocked, id=19184, stack(0x000000da9ad00000,0x000000da9ae00000)]
  0x000002699305f000 JavaThread "Unconstrained build operations Thread 38" [_thread_blocked, id=15384, stack(0x000000da9ae00000,0x000000da9af00000)]
  0x000002699306b800 JavaThread "Unconstrained build operations Thread 39" [_thread_blocked, id=14860, stack(0x000000da9af00000,0x000000da9b000000)]
  0x0000026993066800 JavaThread "Unconstrained build operations Thread 40" [_thread_blocked, id=7648, stack(0x000000da9b000000,0x000000da9b100000)]
  0x000002699306a800 JavaThread "Unconstrained build operations Thread 41" [_thread_blocked, id=18440, stack(0x000000da9b100000,0x000000da9b200000)]
  0x0000026993067000 JavaThread "Unconstrained build operations Thread 42" [_thread_blocked, id=21252, stack(0x000000da9b200000,0x000000da9b300000)]
  0x0000026993069800 JavaThread "Unconstrained build operations Thread 43" [_thread_blocked, id=4296, stack(0x000000da9b300000,0x000000da9b400000)]
  0x0000026993068000 JavaThread "Unconstrained build operations Thread 44" [_thread_blocked, id=18836, stack(0x000000da9b400000,0x000000da9b500000)]
  0x0000026993065800 JavaThread "Unconstrained build operations Thread 45" [_thread_blocked, id=20140, stack(0x000000da9b500000,0x000000da9b600000)]
  0x000002699306d000 JavaThread "Unconstrained build operations Thread 46" [_thread_blocked, id=6780, stack(0x000000da9b600000,0x000000da9b700000)]
  0x000002699306c000 JavaThread "Unconstrained build operations Thread 47" [_thread_blocked, id=6220, stack(0x000000da9b700000,0x000000da9b800000)]
  0x0000026993069000 JavaThread "Unconstrained build operations Thread 48" [_thread_blocked, id=20432, stack(0x000000da9b800000,0x000000da9b900000)]
  0x00000269907c5000 JavaThread "Unconstrained build operations Thread 49" [_thread_blocked, id=1464, stack(0x000000da9b900000,0x000000da9ba00000)]
  0x00000269907c2000 JavaThread "Unconstrained build operations Thread 50" [_thread_blocked, id=20336, stack(0x000000da9ba00000,0x000000da9bb00000)]
  0x00000269907c3800 JavaThread "Unconstrained build operations Thread 51" [_thread_blocked, id=14624, stack(0x000000da9bb00000,0x000000da9bc00000)]
  0x00000269907c4800 JavaThread "Unconstrained build operations Thread 52" [_thread_blocked, id=14452, stack(0x000000da9bc00000,0x000000da9bd00000)]
  0x00000269907c6800 JavaThread "Unconstrained build operations Thread 53" [_thread_blocked, id=16076, stack(0x000000da9bd00000,0x000000da9be00000)]
  0x00000269907c6000 JavaThread "Unconstrained build operations Thread 54" [_thread_blocked, id=12460, stack(0x000000da9be00000,0x000000da9bf00000)]
  0x00000269907c7800 JavaThread "Unconstrained build operations Thread 55" [_thread_blocked, id=17252, stack(0x000000da9bf00000,0x000000da9c000000)]
  0x00000269907c8800 JavaThread "Unconstrained build operations Thread 56" [_thread_blocked, id=19576, stack(0x000000da9c000000,0x000000da9c100000)]
  0x00000269907c2800 JavaThread "Unconstrained build operations Thread 57" [_thread_blocked, id=14668, stack(0x000000da9c100000,0x000000da9c200000)]
  0x00000269907cb800 JavaThread "Unconstrained build operations Thread 58" [_thread_blocked, id=10928, stack(0x000000da9c200000,0x000000da9c300000)]
  0x00000269907cc800 JavaThread "Unconstrained build operations Thread 59" [_thread_blocked, id=21588, stack(0x000000da9c300000,0x000000da9c400000)]
  0x00000269907cd000 JavaThread "Unconstrained build operations Thread 60" [_thread_blocked, id=19716, stack(0x000000da9c400000,0x000000da9c500000)]
  0x00000269907cb000 JavaThread "Unconstrained build operations Thread 61" [_thread_blocked, id=14456, stack(0x000000da9c500000,0x000000da9c600000)]
  0x00000269907ce000 JavaThread "Unconstrained build operations Thread 62" [_thread_blocked, id=22352, stack(0x000000da9c600000,0x000000da9c700000)]
  0x00000269907cf000 JavaThread "Unconstrained build operations Thread 63" [_thread_blocked, id=20700, stack(0x000000da9c700000,0x000000da9c800000)]
  0x00000269907c9000 JavaThread "Unconstrained build operations Thread 64" [_thread_blocked, id=20392, stack(0x000000da9c800000,0x000000da9c900000)]
  0x00000269907cf800 JavaThread "Unconstrained build operations Thread 65" [_thread_blocked, id=11640, stack(0x000000da9c900000,0x000000da9ca00000)]
  0x00000269907ca000 JavaThread "Unconstrained build operations Thread 66" [_thread_blocked, id=18336, stack(0x000000da9ca00000,0x000000da9cb00000)]
  0x00000269907d0800 JavaThread "Unconstrained build operations Thread 67" [_thread_blocked, id=18004, stack(0x000000da9cb00000,0x000000da9cc00000)]
  0x0000026994b41800 JavaThread "Unconstrained build operations Thread 68" [_thread_blocked, id=11636, stack(0x000000da9cc00000,0x000000da9cd00000)]
  0x0000026994b3d800 JavaThread "Unconstrained build operations Thread 69" [_thread_blocked, id=21280, stack(0x000000da9cd00000,0x000000da9ce00000)]
  0x0000026994b44000 JavaThread "Unconstrained build operations Thread 70" [_thread_blocked, id=21328, stack(0x000000da9ce00000,0x000000da9cf00000)]
  0x0000026994b40000 JavaThread "Unconstrained build operations Thread 71" [_thread_blocked, id=9992, stack(0x000000da9cf00000,0x000000da9d000000)]
  0x0000026994b40800 JavaThread "Unconstrained build operations Thread 72" [_thread_blocked, id=10248, stack(0x000000da9d000000,0x000000da9d100000)]
  0x0000026994b3f000 JavaThread "Unconstrained build operations Thread 73" [_thread_blocked, id=14180, stack(0x000000da9d100000,0x000000da9d200000)]
  0x0000026994b42800 JavaThread "Unconstrained build operations Thread 74" [_thread_blocked, id=6660, stack(0x000000da9d200000,0x000000da9d300000)]
  0x0000026994b43000 JavaThread "Unconstrained build operations Thread 75" [_thread_blocked, id=14792, stack(0x000000da9d300000,0x000000da9d400000)]
  0x0000026994b3e800 JavaThread "Unconstrained build operations Thread 76" [_thread_blocked, id=2804, stack(0x000000da9d400000,0x000000da9d500000)]
  0x0000026994b49000 JavaThread "Unconstrained build operations Thread 77" [_thread_blocked, id=18956, stack(0x000000da9d500000,0x000000da9d600000)]
  0x0000026994b4a800 JavaThread "Unconstrained build operations Thread 78" [_thread_blocked, id=10988, stack(0x000000da9d600000,0x000000da9d700000)]
  0x0000026994b48000 JavaThread "Unconstrained build operations Thread 79" [_thread_blocked, id=3820, stack(0x000000da9d700000,0x000000da9d800000)]
  0x0000026994b46800 JavaThread "Unconstrained build operations Thread 80" [_thread_blocked, id=9868, stack(0x000000da9d800000,0x000000da9d900000)]
  0x0000026994b49800 JavaThread "pool-6-thread-1" [_thread_blocked, id=21992, stack(0x000000da9d900000,0x000000da9da00000)]
  0x0000026994b45000 JavaThread "included builds" [_thread_blocked, id=20324, stack(0x000000da9dc00000,0x000000da9dd00000)]
  0x000002698ff74800 JavaThread "Cache worker for execution history cache (C:\Users\DELL\GMRBus\.gradle\7.4\executionHistory)" [_thread_blocked, id=1708, stack(0x000000da9e600000,0x000000da9e700000)]

Other Threads:
  0x00000269fa6d4800 VMThread "VM Thread" [stack: 0x000000da95800000,0x000000da95900000] [id=3128]
  0x00000269fb20e800 WatcherThread [stack: 0x000000da96200000,0x000000da96300000] [id=20032]
  0x00000269ef257000 GCTaskThread "GC Thread#0" [stack: 0x000000da95300000,0x000000da95400000] [id=12420]
  0x00000269fbdc9800 GCTaskThread "GC Thread#1" [stack: 0x000000da96300000,0x000000da96400000] [id=3756]
  0x00000269fc317800 GCTaskThread "GC Thread#2" [stack: 0x000000da96600000,0x000000da96700000] [id=20956]
  0x00000269fd778000 GCTaskThread "GC Thread#3" [stack: 0x000000da96700000,0x000000da96800000] [id=18032]
  0x00000269fd928000 GCTaskThread "GC Thread#4" [stack: 0x000000da97200000,0x000000da97300000] [id=10636]
  0x00000269fd651800 GCTaskThread "GC Thread#5" [stack: 0x000000da97300000,0x000000da97400000] [id=21048]
  0x00000269fd872800 GCTaskThread "GC Thread#6" [stack: 0x000000da97400000,0x000000da97500000] [id=18832]
  0x00000269fd462800 GCTaskThread "GC Thread#7" [stack: 0x000000da97500000,0x000000da97600000] [id=3000]
  0x00000269ef28c800 ConcurrentGCThread "G1 Main Marker" [stack: 0x000000da95400000,0x000000da95500000] [id=3800]
  0x00000269ef28d800 ConcurrentGCThread "G1 Conc#0" [stack: 0x000000da95500000,0x000000da95600000] [id=17552]
  0x00000269fd1d8800 ConcurrentGCThread "G1 Conc#1" [stack: 0x000000da97600000,0x000000da97700000] [id=6464]
  0x00000269ef31d800 ConcurrentGCThread "G1 Refine#0" [stack: 0x000000da95600000,0x000000da95700000] [id=14128]
  0x00000269fa524800 ConcurrentGCThread "G1 Young RemSet Sampling" [stack: 0x000000da95700000,0x000000da95800000] [id=17524]

Threads with active compile tasks:
C2 CompilerThread0  93882 15397       4       org.gradle.tooling.internal.adapter.ProtocolToModelAdapter$PropertyCachingMethodInvoker::invoke (110 bytes)
C2 CompilerThread1  93882 15396       4       org.gradle.tooling.internal.adapter.ProtocolToModelAdapter$SafeMethodInvoker::invoke (118 bytes)

VM state:not at safepoint (normal execution)

VM Mutex/Monitor currently owned by a thread: None

Heap address: 0x0000000080000000, size: 2048 MB, Compressed Oops mode: 32-bit
Narrow klass base: 0x0000000000000000, Narrow klass shift: 3
Compressed class space size: 1073741824 Address: 0x0000000100000000

Heap:
 garbage-first heap   total 221184K, used 180988K [0x0000000080000000, 0x0000000100000000)
  region size 1024K, 4 young (4096K), 2 survivors (2048K)
 Metaspace       used 125328K, capacity 128655K, committed 128816K, reserved 1161216K
  class space    used 15601K, capacity 16719K, committed 16768K, reserved 1048576K
Heap Regions: E=young(eden), S=young(survivor), O=old, HS=humongous(starts), HC=humongous(continues), CS=collection set, F=free, A=archive, TAMS=top-at-mark-start (previous, next)
|   0|0x0000000080000000, 0x0000000080100000, 0x0000000080100000|100%| O|  |TAMS 0x0000000080100000, 0x0000000080000000| Untracked 
|   1|0x0000000080100000, 0x0000000080200000, 0x0000000080200000|100%| O|  |TAMS 0x0000000080200000, 0x0000000080100000| Untracked 
|   2|0x0000000080200000, 0x0000000080300000, 0x0000000080300000|100%| O|  |TAMS 0x0000000080300000, 0x0000000080200000| Untracked 
|   3|0x0000000080300000, 0x0000000080400000, 0x0000000080400000|100%|HS|  |TAMS 0x0000000080400000, 0x0000000080300000| Complete 
|   4|0x0000000080400000, 0x0000000080500000, 0x0000000080500000|100%|HC|  |TAMS 0x0000000080500000, 0x0000000080400000| Complete 
|   5|0x0000000080500000, 0x0000000080600000, 0x0000000080600000|100%|HC|  |TAMS 0x0000000080600000, 0x0000000080500000| Complete 
|   6|0x0000000080600000, 0x0000000080700000, 0x0000000080700000|100%| O|  |TAMS 0x0000000080700000, 0x0000000080600000| Complete 
|   7|0x0000000080700000, 0x0000000080800000, 0x0000000080800000|100%| O|  |TAMS 0x0000000080800000, 0x0000000080700000| Untracked 
|   8|0x0000000080800000, 0x0000000080900000, 0x0000000080900000|100%| O|  |TAMS 0x0000000080900000, 0x0000000080800000| Untracked 
|   9|0x0000000080900000, 0x0000000080a00000, 0x0000000080a00000|100%| O|  |TAMS 0x0000000080a00000, 0x0000000080900000| Untracked 
|  10|0x0000000080a00000, 0x0000000080b00000, 0x0000000080b00000|100%| O|  |TAMS 0x0000000080b00000, 0x0000000080a00000| Untracked 
|  11|0x0000000080b00000, 0x0000000080c00000, 0x0000000080c00000|100%| O|  |TAMS 0x0000000080c00000, 0x0000000080b00000| Complete 
|  12|0x0000000080c00000, 0x0000000080d00000, 0x0000000080d00000|100%| O|  |TAMS 0x0000000080d00000, 0x0000000080c00000| Untracked 
|  13|0x0000000080d00000, 0x0000000080e00000, 0x0000000080e00000|100%| O|  |TAMS 0x0000000080e00000, 0x0000000080d00000| Untracked 
|  14|0x0000000080e00000, 0x0000000080f00000, 0x0000000080f00000|100%| O|  |TAMS 0x0000000080f00000, 0x0000000080e00000| Untracked 
|  15|0x0000000080f00000, 0x0000000081000000, 0x0000000081000000|100%|HS|  |TAMS 0x0000000081000000, 0x0000000080f00000| Complete 
|  16|0x0000000081000000, 0x0000000081100000, 0x0000000081100000|100%|HC|  |TAMS 0x0000000081100000, 0x0000000081000000| Complete 
|  17|0x0000000081100000, 0x0000000081200000, 0x0000000081200000|100%|HS|  |TAMS 0x0000000081200000, 0x0000000081100000| Complete 
|  18|0x0000000081200000, 0x0000000081300000, 0x0000000081300000|100%|HC|  |TAMS 0x0000000081300000, 0x0000000081200000| Complete 
|  19|0x0000000081300000, 0x0000000081400000, 0x0000000081400000|100%|HC|  |TAMS 0x0000000081400000, 0x0000000081300000| Complete 
|  20|0x0000000081400000, 0x0000000081500000, 0x0000000081500000|100%|HS|  |TAMS 0x0000000081500000, 0x0000000081400000| Complete 
|  21|0x0000000081500000, 0x0000000081600000, 0x0000000081600000|100%|HC|  |TAMS 0x0000000081600000, 0x0000000081500000| Complete 
|  22|0x0000000081600000, 0x0000000081700000, 0x0000000081700000|100%|HC|  |TAMS 0x0000000081700000, 0x0000000081600000| Complete 
|  23|0x0000000081700000, 0x0000000081800000, 0x0000000081800000|100%|HS|  |TAMS 0x0000000081800000, 0x0000000081700000| Complete 
|  24|0x0000000081800000, 0x0000000081900000, 0x0000000081900000|100%|HC|  |TAMS 0x0000000081900000, 0x0000000081800000| Complete 
|  25|0x0000000081900000, 0x0000000081a00000, 0x0000000081a00000|100%|HC|  |TAMS 0x0000000081a00000, 0x0000000081900000| Complete 
|  26|0x0000000081a00000, 0x0000000081b00000, 0x0000000081b00000|100%|HC|  |TAMS 0x0000000081b00000, 0x0000000081a00000| Complete 
|  27|0x0000000081b00000, 0x0000000081c00000, 0x0000000081c00000|100%|HC|  |TAMS 0x0000000081c00000, 0x0000000081b00000| Complete 
|  28|0x0000000081c00000, 0x0000000081d00000, 0x0000000081d00000|100%|HS|  |TAMS 0x0000000081d00000, 0x0000000081c00000| Complete 
|  29|0x0000000081d00000, 0x0000000081e00000, 0x0000000081e00000|100%|HS|  |TAMS 0x0000000081e00000, 0x0000000081d00000| Complete 
|  30|0x0000000081e00000, 0x0000000081f00000, 0x0000000081f00000|100%|HC|  |TAMS 0x0000000081f00000, 0x0000000081e00000| Complete 
|  31|0x0000000081f00000, 0x0000000082000000, 0x0000000082000000|100%|HC|  |TAMS 0x0000000082000000, 0x0000000081f00000| Complete 
|  32|0x0000000082000000, 0x0000000082100000, 0x0000000082100000|100%|HC|  |TAMS 0x0000000082100000, 0x0000000082000000| Complete 
|  33|0x0000000082100000, 0x0000000082200000, 0x0000000082200000|100%| O|  |TAMS 0x0000000082200000, 0x0000000082100000| Untracked 
|  34|0x0000000082200000, 0x0000000082300000, 0x0000000082300000|100%| O|  |TAMS 0x0000000082300000, 0x0000000082200000| Untracked 
|  35|0x0000000082300000, 0x0000000082400000, 0x0000000082400000|100%| O|  |TAMS 0x0000000082400000, 0x0000000082300000| Complete 
|  36|0x0000000082400000, 0x0000000082500000, 0x0000000082500000|100%| O|  |TAMS 0x0000000082500000, 0x0000000082400000| Untracked 
|  37|0x0000000082500000, 0x0000000082600000, 0x0000000082600000|100%| O|  |TAMS 0x0000000082600000, 0x0000000082500000| Untracked 
|  38|0x0000000082600000, 0x0000000082700000, 0x0000000082700000|100%| O|  |TAMS 0x0000000082700000, 0x0000000082600000| Complete 
|  39|0x0000000082700000, 0x0000000082800000, 0x0000000082800000|100%| O|  |TAMS 0x0000000082800000, 0x0000000082700000| Complete 
|  40|0x0000000082800000, 0x0000000082900000, 0x0000000082900000|100%| O|  |TAMS 0x0000000082900000, 0x0000000082800000| Untracked 
|  41|0x0000000082900000, 0x0000000082a00000, 0x0000000082a00000|100%| O|  |TAMS 0x0000000082a00000, 0x0000000082900000| Complete 
|  42|0x0000000082a00000, 0x0000000082b00000, 0x0000000082b00000|100%| O|  |TAMS 0x0000000082b00000, 0x0000000082a00000| Untracked 
|  43|0x0000000082b00000, 0x0000000082c00000, 0x0000000082c00000|100%| O|  |TAMS 0x0000000082c00000, 0x0000000082b00000| Untracked 
|  44|0x0000000082c00000, 0x0000000082d00000, 0x0000000082d00000|100%|HS|  |TAMS 0x0000000082d00000, 0x0000000082c00000| Complete 
|  45|0x0000000082d00000, 0x0000000082e00000, 0x0000000082e00000|100%|HC|  |TAMS 0x0000000082e00000, 0x0000000082d00000| Complete 
|  46|0x0000000082e00000, 0x0000000082f00000, 0x0000000082f00000|100%|HC|  |TAMS 0x0000000082f00000, 0x0000000082e00000| Complete 
|  47|0x0000000082f00000, 0x0000000083000000, 0x0000000083000000|100%| O|  |TAMS 0x0000000083000000, 0x0000000082f00000| Untracked 
|  48|0x0000000083000000, 0x0000000083100000, 0x0000000083100000|100%| O|  |TAMS 0x0000000083100000, 0x0000000083000000| Untracked 
|  49|0x0000000083100000, 0x0000000083200000, 0x0000000083200000|100%| O|  |TAMS 0x0000000083200000, 0x0000000083100000| Untracked 
|  50|0x0000000083200000, 0x0000000083300000, 0x0000000083300000|100%| O|  |TAMS 0x0000000083300000, 0x0000000083200000| Untracked 
|  51|0x0000000083300000, 0x0000000083400000, 0x0000000083400000|100%|HS|  |TAMS 0x0000000083400000, 0x0000000083300000| Complete 
|  52|0x0000000083400000, 0x0000000083500000, 0x0000000083500000|100%|HC|  |TAMS 0x0000000083500000, 0x0000000083400000| Complete 
|  53|0x0000000083500000, 0x0000000083600000, 0x0000000083600000|100%|HC|  |TAMS 0x0000000083600000, 0x0000000083500000| Complete 
|  54|0x0000000083600000, 0x0000000083700000, 0x0000000083700000|100%|HC|  |TAMS 0x0000000083700000, 0x0000000083600000| Complete 
|  55|0x0000000083700000, 0x0000000083800000, 0x0000000083800000|100%|HS|  |TAMS 0x0000000083800000, 0x0000000083700000| Complete 
|  56|0x0000000083800000, 0x0000000083900000, 0x0000000083900000|100%|HC|  |TAMS 0x0000000083900000, 0x0000000083800000| Complete 
|  57|0x0000000083900000, 0x0000000083a00000, 0x0000000083a00000|100%| O|  |TAMS 0x0000000083a00000, 0x0000000083900000| Untracked 
|  58|0x0000000083a00000, 0x0000000083b00000, 0x0000000083b00000|100%| O|  |TAMS 0x0000000083b00000, 0x0000000083a00000| Complete 
|  59|0x0000000083b00000, 0x0000000083c00000, 0x0000000083c00000|100%|HS|  |TAMS 0x0000000083c00000, 0x0000000083b00000| Complete 
|  60|0x0000000083c00000, 0x0000000083d00000, 0x0000000083d00000|100%|HC|  |TAMS 0x0000000083d00000, 0x0000000083c00000| Complete 
|  61|0x0000000083d00000, 0x0000000083e00000, 0x0000000083e00000|100%|HC|  |TAMS 0x0000000083e00000, 0x0000000083d00000| Complete 
|  62|0x0000000083e00000, 0x0000000083f00000, 0x0000000083f00000|100%| O|  |TAMS 0x0000000083f00000, 0x0000000083e00000| Untracked 
|  63|0x0000000083f00000, 0x0000000084000000, 0x0000000084000000|100%| O|  |TAMS 0x0000000084000000, 0x0000000083f00000| Complete 
|  64|0x0000000084000000, 0x0000000084100000, 0x0000000084100000|100%| O|  |TAMS 0x0000000084100000, 0x0000000084000000| Untracked 
|  65|0x0000000084100000, 0x0000000084200000, 0x0000000084200000|100%| O|  |TAMS 0x0000000084200000, 0x0000000084100000| Untracked 
|  66|0x0000000084200000, 0x0000000084300000, 0x0000000084300000|100%| O|  |TAMS 0x0000000084300000, 0x0000000084200000| Untracked 
|  67|0x0000000084300000, 0x0000000084400000, 0x0000000084400000|100%|HS|  |TAMS 0x0000000084400000, 0x0000000084300000| Complete 
|  68|0x0000000084400000, 0x0000000084500000, 0x0000000084500000|100%|HC|  |TAMS 0x0000000084500000, 0x0000000084400000| Complete 
|  69|0x0000000084500000, 0x0000000084600000, 0x0000000084600000|100%|HC|  |TAMS 0x0000000084600000, 0x0000000084500000| Complete 
|  70|0x0000000084600000, 0x0000000084700000, 0x0000000084700000|100%|HC|  |TAMS 0x0000000084700000, 0x0000000084600000| Complete 
|  71|0x0000000084700000, 0x0000000084800000, 0x0000000084800000|100%|HC|  |TAMS 0x0000000084800000, 0x0000000084700000| Complete 
|  72|0x0000000084800000, 0x0000000084900000, 0x0000000084900000|100%| O|  |TAMS 0x0000000084900000, 0x0000000084800000| Complete 
|  73|0x0000000084900000, 0x0000000084a00000, 0x0000000084a00000|100%| O|  |TAMS 0x0000000084a00000, 0x0000000084900000| Complete 
|  74|0x0000000084a00000, 0x0000000084b00000, 0x0000000084b00000|100%| O|  |TAMS 0x0000000084b00000, 0x0000000084a00000| Untracked 
|  75|0x0000000084b00000, 0x0000000084c00000, 0x0000000084c00000|100%| O|  |TAMS 0x0000000084c00000, 0x0000000084b00000| Complete 
|  76|0x0000000084c00000, 0x0000000084d00000, 0x0000000084d00000|100%|HS|  |TAMS 0x0000000084d00000, 0x0000000084c00000| Complete 
|  77|0x0000000084d00000, 0x0000000084e00000, 0x0000000084e00000|100%| O|  |TAMS 0x0000000084e00000, 0x0000000084d00000| Complete 
|  78|0x0000000084e00000, 0x0000000084f00000, 0x0000000084f00000|100%|HS|  |TAMS 0x0000000084f00000, 0x0000000084e00000| Complete 
|  79|0x0000000084f00000, 0x0000000085000000, 0x0000000085000000|100%| O|  |TAMS 0x0000000085000000, 0x0000000084f00000| Complete 
|  80|0x0000000085000000, 0x0000000085100000, 0x0000000085100000|100%|HS|  |TAMS 0x0000000085100000, 0x0000000085000000| Complete 
|  81|0x0000000085100000, 0x0000000085200000, 0x0000000085200000|100%| O|  |TAMS 0x0000000085200000, 0x0000000085100000| Untracked 
|  82|0x0000000085200000, 0x0000000085300000, 0x0000000085300000|100%| O|  |TAMS 0x0000000085300000, 0x0000000085200000| Complete 
|  83|0x0000000085300000, 0x0000000085400000, 0x0000000085400000|100%|HS|  |TAMS 0x0000000085400000, 0x0000000085300000| Complete 
|  84|0x0000000085400000, 0x0000000085500000, 0x0000000085500000|100%|HC|  |TAMS 0x0000000085500000, 0x0000000085400000| Complete 
|  85|0x0000000085500000, 0x0000000085600000, 0x0000000085600000|100%|HC|  |TAMS 0x0000000085600000, 0x0000000085500000| Complete 
|  86|0x0000000085600000, 0x0000000085700000, 0x0000000085700000|100%| O|  |TAMS 0x0000000085700000, 0x0000000085600000| Untracked 
|  87|0x0000000085700000, 0x0000000085800000, 0x0000000085800000|100%| O|  |TAMS 0x0000000085800000, 0x0000000085700000| Complete 
|  88|0x0000000085800000, 0x0000000085900000, 0x0000000085900000|100%| O|  |TAMS 0x0000000085900000, 0x0000000085800000| Untracked 
|  89|0x0000000085900000, 0x0000000085a00000, 0x0000000085a00000|100%| O|  |TAMS 0x0000000085a00000, 0x0000000085900000| Untracked 
|  90|0x0000000085a00000, 0x0000000085b00000, 0x0000000085b00000|100%| O|  |TAMS 0x0000000085b00000, 0x0000000085a00000| Untracked 
|  91|0x0000000085b00000, 0x0000000085c00000, 0x0000000085c00000|100%|HS|  |TAMS 0x0000000085c00000, 0x0000000085b00000| Complete 
|  92|0x0000000085c00000, 0x0000000085d00000, 0x0000000085d00000|100%|HC|  |TAMS 0x0000000085d00000, 0x0000000085c00000| Complete 
|  93|0x0000000085d00000, 0x0000000085e00000, 0x0000000085e00000|100%| O|  |TAMS 0x0000000085e00000, 0x0000000085d00000| Untracked 
|  94|0x0000000085e00000, 0x0000000085f00000, 0x0000000085f00000|100%| O|  |TAMS 0x0000000085f00000, 0x0000000085e00000| Complete 
|  95|0x0000000085f00000, 0x0000000086000000, 0x0000000086000000|100%| O|  |TAMS 0x0000000086000000, 0x0000000085f00000| Complete 
|  96|0x0000000086000000, 0x0000000086100000, 0x0000000086100000|100%| O|  |TAMS 0x0000000086100000, 0x0000000086000000| Complete 
|  97|0x0000000086100000, 0x0000000086200000, 0x0000000086200000|100%| O|  |TAMS 0x0000000086200000, 0x0000000086100000| Untracked 
|  98|0x0000000086200000, 0x0000000086300000, 0x0000000086300000|100%| O|  |TAMS 0x0000000086300000, 0x0000000086200000| Complete 
|  99|0x0000000086300000, 0x0000000086400000, 0x0000000086400000|100%| O|  |TAMS 0x0000000086400000, 0x0000000086300000| Complete 
| 100|0x0000000086400000, 0x0000000086500000, 0x0000000086500000|100%| O|  |TAMS 0x0000000086500000, 0x0000000086400000| Untracked 
| 101|0x0000000086500000, 0x0000000086600000, 0x0000000086600000|100%| O|  |TAMS 0x0000000086600000, 0x0000000086500000| Untracked 
| 102|0x0000000086600000, 0x0000000086700000, 0x0000000086700000|100%| O|  |TAMS 0x0000000086700000, 0x0000000086600000| Complete 
| 103|0x0000000086700000, 0x0000000086800000, 0x0000000086800000|100%| O|  |TAMS 0x0000000086800000, 0x0000000086700000| Complete 
| 104|0x0000000086800000, 0x0000000086900000, 0x0000000086900000|100%| O|  |TAMS 0x0000000086900000, 0x0000000086800000| Complete 
| 105|0x0000000086900000, 0x0000000086a00000, 0x0000000086a00000|100%| O|  |TAMS 0x0000000086a00000, 0x0000000086900000| Complete 
| 106|0x0000000086a00000, 0x0000000086abf200, 0x0000000086b00000| 74%| O|  |TAMS 0x0000000086a4c400, 0x0000000086a00000| Untracked 
| 107|0x0000000086b00000, 0x0000000086b00000, 0x0000000086c00000|  0%| F|  |TAMS 0x0000000086b00000, 0x0000000086b00000| Untracked 
| 108|0x0000000086c00000, 0x0000000086d00000, 0x0000000086d00000|100%| O|  |TAMS 0x0000000086d00000, 0x0000000086c00000| Complete 
| 109|0x0000000086d00000, 0x0000000086e00000, 0x0000000086e00000|100%| O|  |TAMS 0x0000000086e00000, 0x0000000086d00000| Complete 
| 110|0x0000000086e00000, 0x0000000086f00000, 0x0000000086f00000|100%| O|  |TAMS 0x0000000086f00000, 0x0000000086e00000| Untracked 
| 111|0x0000000086f00000, 0x0000000087000000, 0x0000000087000000|100%| O|  |TAMS 0x0000000087000000, 0x0000000086f00000| Untracked 
| 112|0x0000000087000000, 0x0000000087100000, 0x0000000087100000|100%| O|  |TAMS 0x0000000087100000, 0x0000000087000000| Untracked 
| 113|0x0000000087100000, 0x0000000087200000, 0x0000000087200000|100%| O|  |TAMS 0x0000000087200000, 0x0000000087100000| Complete 
| 114|0x0000000087200000, 0x0000000087200000, 0x0000000087300000|  0%| F|  |TAMS 0x0000000087200000, 0x0000000087200000| Untracked 
| 115|0x0000000087300000, 0x0000000087400000, 0x0000000087400000|100%| O|  |TAMS 0x0000000087400000, 0x0000000087300000| Complete 
| 116|0x0000000087400000, 0x0000000087500000, 0x0000000087500000|100%| O|  |TAMS 0x0000000087500000, 0x0000000087400000| Untracked 
| 117|0x0000000087500000, 0x0000000087600000, 0x0000000087600000|100%| O|  |TAMS 0x0000000087600000, 0x0000000087500000| Untracked 
| 118|0x0000000087600000, 0x0000000087700000, 0x0000000087700000|100%|HS|  |TAMS 0x0000000087700000, 0x0000000087600000| Complete 
| 119|0x0000000087700000, 0x0000000087800000, 0x0000000087800000|100%|HC|  |TAMS 0x0000000087800000, 0x0000000087700000| Complete 
| 120|0x0000000087800000, 0x0000000087900000, 0x0000000087900000|100%|HS|  |TAMS 0x0000000087900000, 0x0000000087800000| Complete 
| 121|0x0000000087900000, 0x0000000087a00000, 0x0000000087a00000|100%|HC|  |TAMS 0x0000000087a00000, 0x0000000087900000| Complete 
| 122|0x0000000087a00000, 0x0000000087b00000, 0x0000000087b00000|100%|HC|  |TAMS 0x0000000087b00000, 0x0000000087a00000| Complete 
| 123|0x0000000087b00000, 0x0000000087c00000, 0x0000000087c00000|100%|HS|  |TAMS 0x0000000087c00000, 0x0000000087b00000| Complete 
| 124|0x0000000087c00000, 0x0000000087d00000, 0x0000000087d00000|100%|HC|  |TAMS 0x0000000087d00000, 0x0000000087c00000| Complete 
| 125|0x0000000087d00000, 0x0000000087e00000, 0x0000000087e00000|100%|HC|  |TAMS 0x0000000087e00000, 0x0000000087d00000| Complete 
| 126|0x0000000087e00000, 0x0000000087f00000, 0x0000000087f00000|100%|HS|  |TAMS 0x0000000087f00000, 0x0000000087e00000| Complete 
| 127|0x0000000087f00000, 0x0000000088000000, 0x0000000088000000|100%|HC|  |TAMS 0x0000000088000000, 0x0000000087f00000| Complete 
| 128|0x0000000088000000, 0x0000000088100000, 0x0000000088100000|100%|HC|  |TAMS 0x0000000088100000, 0x0000000088000000| Complete 
| 129|0x0000000088100000, 0x0000000088200000, 0x0000000088200000|100%|HC|  |TAMS 0x0000000088200000, 0x0000000088100000| Complete 
| 130|0x0000000088200000, 0x0000000088300000, 0x0000000088300000|100%|HC|  |TAMS 0x0000000088300000, 0x0000000088200000| Complete 
| 131|0x0000000088300000, 0x0000000088400000, 0x0000000088400000|100%|HS|  |TAMS 0x0000000088400000, 0x0000000088300000| Complete 
| 132|0x0000000088400000, 0x0000000088500000, 0x0000000088500000|100%|HS|  |TAMS 0x0000000088500000, 0x0000000088400000| Complete 
| 133|0x0000000088500000, 0x0000000088600000, 0x0000000088600000|100%|HC|  |TAMS 0x0000000088600000, 0x0000000088500000| Complete 
| 134|0x0000000088600000, 0x0000000088700000, 0x0000000088700000|100%|HC|  |TAMS 0x0000000088700000, 0x0000000088600000| Complete 
| 135|0x0000000088700000, 0x0000000088800000, 0x0000000088800000|100%|HC|  |TAMS 0x0000000088800000, 0x0000000088700000| Complete 
| 136|0x0000000088800000, 0x0000000088900000, 0x0000000088900000|100%| O|  |TAMS 0x0000000088900000, 0x0000000088800000| Untracked 
| 137|0x0000000088900000, 0x0000000088a00000, 0x0000000088a00000|100%| O|  |TAMS 0x0000000088a00000, 0x0000000088900000| Untracked 
| 138|0x0000000088a00000, 0x0000000088b00000, 0x0000000088b00000|100%| O|  |TAMS 0x0000000088b00000, 0x0000000088a00000| Complete 
| 139|0x0000000088b00000, 0x0000000088c00000, 0x0000000088c00000|100%| O|  |TAMS 0x0000000088c00000, 0x0000000088b00000| Complete 
| 140|0x0000000088c00000, 0x0000000088c00000, 0x0000000088d00000|  0%| F|  |TAMS 0x0000000088c00000, 0x0000000088c00000| Untracked 
| 141|0x0000000088d00000, 0x0000000088e00000, 0x0000000088e00000|100%| O|  |TAMS 0x0000000088e00000, 0x0000000088d00000| Complete 
| 142|0x0000000088e00000, 0x0000000088f00000, 0x0000000088f00000|100%| O|  |TAMS 0x0000000088f00000, 0x0000000088e00000| Complete 
| 143|0x0000000088f00000, 0x0000000089000000, 0x0000000089000000|100%| O|  |TAMS 0x0000000089000000, 0x0000000088f00000| Untracked 
| 144|0x0000000089000000, 0x0000000089000000, 0x0000000089100000|  0%| F|  |TAMS 0x0000000089000000, 0x0000000089000000| Untracked 
| 145|0x0000000089100000, 0x0000000089200000, 0x0000000089200000|100%| O|  |TAMS 0x0000000089200000, 0x0000000089100000| Complete 
| 146|0x0000000089200000, 0x0000000089200000, 0x0000000089300000|  0%| F|  |TAMS 0x0000000089200000, 0x0000000089200000| Untracked 
| 147|0x0000000089300000, 0x0000000089300000, 0x0000000089400000|  0%| F|  |TAMS 0x0000000089300000, 0x0000000089300000| Untracked 
| 148|0x0000000089400000, 0x0000000089500000, 0x0000000089500000|100%| O|  |TAMS 0x0000000089500000, 0x0000000089400000| Untracked 
| 149|0x0000000089500000, 0x0000000089500000, 0x0000000089600000|  0%| F|  |TAMS 0x0000000089500000, 0x0000000089500000| Untracked 
| 150|0x0000000089600000, 0x0000000089700000, 0x0000000089700000|100%| O|  |TAMS 0x0000000089700000, 0x0000000089600000| Complete 
| 151|0x0000000089700000, 0x0000000089800000, 0x0000000089800000|100%| O|  |TAMS 0x0000000089800000, 0x0000000089700000| Complete 
| 152|0x0000000089800000, 0x0000000089900000, 0x0000000089900000|100%| O|  |TAMS 0x0000000089900000, 0x0000000089800000| Complete 
| 153|0x0000000089900000, 0x0000000089a00000, 0x0000000089a00000|100%| O|  |TAMS 0x0000000089a00000, 0x0000000089900000| Complete 
| 154|0x0000000089a00000, 0x0000000089b00000, 0x0000000089b00000|100%| O|  |TAMS 0x0000000089b00000, 0x0000000089a00000| Complete 
| 155|0x0000000089b00000, 0x0000000089b00000, 0x0000000089c00000|  0%| F|  |TAMS 0x0000000089b00000, 0x0000000089b00000| Untracked 
| 156|0x0000000089c00000, 0x0000000089c00000, 0x0000000089d00000|  0%| F|  |TAMS 0x0000000089c00000, 0x0000000089c00000| Untracked 
| 157|0x0000000089d00000, 0x0000000089e00000, 0x0000000089e00000|100%| O|  |TAMS 0x0000000089e00000, 0x0000000089d00000| Complete 
| 158|0x0000000089e00000, 0x0000000089e00000, 0x0000000089f00000|  0%| F|  |TAMS 0x0000000089e00000, 0x0000000089e00000| Untracked 
| 159|0x0000000089f00000, 0x0000000089f00000, 0x000000008a000000|  0%| F|  |TAMS 0x0000000089f00000, 0x0000000089f00000| Untracked 
| 160|0x000000008a000000, 0x000000008a100000, 0x000000008a100000|100%| O|  |TAMS 0x000000008a100000, 0x000000008a000000| Untracked 
| 161|0x000000008a100000, 0x000000008a200000, 0x000000008a200000|100%| O|  |TAMS 0x000000008a200000, 0x000000008a100000| Complete 
| 162|0x000000008a200000, 0x000000008a300000, 0x000000008a300000|100%| O|  |TAMS 0x000000008a300000, 0x000000008a200000| Untracked 
| 163|0x000000008a300000, 0x000000008a400000, 0x000000008a400000|100%| O|  |TAMS 0x000000008a400000, 0x000000008a300000| Complete 
| 164|0x000000008a400000, 0x000000008a400000, 0x000000008a500000|  0%| F|  |TAMS 0x000000008a400000, 0x000000008a400000| Untracked 
| 165|0x000000008a500000, 0x000000008a500000, 0x000000008a600000|  0%| F|  |TAMS 0x000000008a500000, 0x000000008a500000| Untracked 
| 166|0x000000008a600000, 0x000000008a600000, 0x000000008a700000|  0%| F|  |TAMS 0x000000008a600000, 0x000000008a600000| Untracked 
| 167|0x000000008a700000, 0x000000008a700000, 0x000000008a800000|  0%| F|  |TAMS 0x000000008a700000, 0x000000008a700000| Untracked 
| 168|0x000000008a800000, 0x000000008a800000, 0x000000008a900000|  0%| F|  |TAMS 0x000000008a800000, 0x000000008a800000| Untracked 
| 169|0x000000008a900000, 0x000000008a900000, 0x000000008aa00000|  0%| F|  |TAMS 0x000000008a900000, 0x000000008a900000| Untracked 
| 170|0x000000008aa00000, 0x000000008ab00000, 0x000000008ab00000|100%| O|  |TAMS 0x000000008ab00000, 0x000000008aa00000| Complete 
| 171|0x000000008ab00000, 0x000000008ac00000, 0x000000008ac00000|100%| O|  |TAMS 0x000000008ac00000, 0x000000008ab00000| Untracked 
| 172|0x000000008ac00000, 0x000000008ad00000, 0x000000008ad00000|100%| O|  |TAMS 0x000000008ad00000, 0x000000008ac00000| Untracked 
| 173|0x000000008ad00000, 0x000000008ae00000, 0x000000008ae00000|100%| O|  |TAMS 0x000000008ae00000, 0x000000008ad00000| Untracked 
| 174|0x000000008ae00000, 0x000000008af00000, 0x000000008af00000|100%| O|  |TAMS 0x000000008af00000, 0x000000008ae00000| Complete 
| 175|0x000000008af00000, 0x000000008b000000, 0x000000008b000000|100%| O|  |TAMS 0x000000008b000000, 0x000000008af00000| Complete 
| 176|0x000000008b000000, 0x000000008b100000, 0x000000008b100000|100%| O|  |TAMS 0x000000008b100000, 0x000000008b000000| Complete 
| 177|0x000000008b100000, 0x000000008b200000, 0x000000008b200000|100%| O|  |TAMS 0x000000008b200000, 0x000000008b100000| Untracked 
| 178|0x000000008b200000, 0x000000008b300000, 0x000000008b300000|100%| O|  |TAMS 0x000000008b300000, 0x000000008b200000| Complete 
| 179|0x000000008b300000, 0x000000008b400000, 0x000000008b400000|100%| O|  |TAMS 0x000000008b400000, 0x000000008b300000| Complete 
| 180|0x000000008b400000, 0x000000008b500000, 0x000000008b500000|100%| O|  |TAMS 0x000000008b500000, 0x000000008b400000| Untracked 
| 181|0x000000008b500000, 0x000000008b600000, 0x000000008b600000|100%| O|  |TAMS 0x000000008b600000, 0x000000008b500000| Untracked 
| 182|0x000000008b600000, 0x000000008b700000, 0x000000008b700000|100%| O|  |TAMS 0x000000008b700000, 0x000000008b600000| Untracked 
| 183|0x000000008b700000, 0x000000008b800000, 0x000000008b800000|100%| O|  |TAMS 0x000000008b800000, 0x000000008b700000| Untracked 
| 184|0x000000008b800000, 0x000000008b900000, 0x000000008b900000|100%| O|  |TAMS 0x000000008b900000, 0x000000008b800000| Untracked 
| 185|0x000000008b900000, 0x000000008ba00000, 0x000000008ba00000|100%| O|  |TAMS 0x000000008ba00000, 0x000000008b900000| Untracked 
| 186|0x000000008ba00000, 0x000000008bb00000, 0x000000008bb00000|100%| O|  |TAMS 0x000000008bb00000, 0x000000008ba00000| Untracked 
| 187|0x000000008bb00000, 0x000000008bc00000, 0x000000008bc00000|100%| O|  |TAMS 0x000000008bc00000, 0x000000008bb00000| Untracked 
| 188|0x000000008bc00000, 0x000000008bd00000, 0x000000008bd00000|100%| O|  |TAMS 0x000000008bd00000, 0x000000008bc00000| Untracked 
| 189|0x000000008bd00000, 0x000000008be00000, 0x000000008be00000|100%| O|  |TAMS 0x000000008be00000, 0x000000008bd00000| Untracked 
| 190|0x000000008be00000, 0x000000008bf00000, 0x000000008bf00000|100%| O|  |TAMS 0x000000008bf00000, 0x000000008be00000| Complete 
| 191|0x000000008bf00000, 0x000000008bf00000, 0x000000008c000000|  0%| F|  |TAMS 0x000000008bf00000, 0x000000008bf00000| Untracked 
| 192|0x000000008c000000, 0x000000008c000000, 0x000000008c100000|  0%| F|  |TAMS 0x000000008c000000, 0x000000008c000000| Untracked 
| 193|0x000000008c100000, 0x000000008c100000, 0x000000008c200000|  0%| F|  |TAMS 0x000000008c100000, 0x000000008c100000| Untracked 
| 194|0x000000008c200000, 0x000000008c200000, 0x000000008c300000|  0%| F|  |TAMS 0x000000008c200000, 0x000000008c200000| Untracked 
| 195|0x000000008c300000, 0x000000008c300000, 0x000000008c400000|  0%| F|  |TAMS 0x000000008c300000, 0x000000008c300000| Untracked 
| 196|0x000000008c400000, 0x000000008c400000, 0x000000008c500000|  0%| F|  |TAMS 0x000000008c400000, 0x000000008c400000| Untracked 
| 197|0x000000008c500000, 0x000000008c500000, 0x000000008c600000|  0%| F|  |TAMS 0x000000008c500000, 0x000000008c500000| Untracked 
| 198|0x000000008c600000, 0x000000008c600000, 0x000000008c700000|  0%| F|  |TAMS 0x000000008c600000, 0x000000008c600000| Untracked 
| 199|0x000000008c700000, 0x000000008c700000, 0x000000008c800000|  0%| F|  |TAMS 0x000000008c700000, 0x000000008c700000| Untracked 
| 200|0x000000008c800000, 0x000000008c800000, 0x000000008c900000|  0%| F|  |TAMS 0x000000008c800000, 0x000000008c800000| Untracked 
| 201|0x000000008c900000, 0x000000008c900000, 0x000000008ca00000|  0%| F|  |TAMS 0x000000008c900000, 0x000000008c900000| Untracked 
| 202|0x000000008ca00000, 0x000000008ca00000, 0x000000008cb00000|  0%| F|  |TAMS 0x000000008ca00000, 0x000000008ca00000| Untracked 
| 203|0x000000008cb00000, 0x000000008cc00000, 0x000000008cc00000|100%| S|CS|TAMS 0x000000008cb00000, 0x000000008cb00000| Complete 
| 204|0x000000008cc00000, 0x000000008cd00000, 0x000000008cd00000|100%| S|CS|TAMS 0x000000008cc00000, 0x000000008cc00000| Complete 
| 205|0x000000008cd00000, 0x000000008cd00000, 0x000000008ce00000|  0%| F|  |TAMS 0x000000008cd00000, 0x000000008cd00000| Untracked 
| 206|0x000000008ce00000, 0x000000008ce00000, 0x000000008cf00000|  0%| F|  |TAMS 0x000000008ce00000, 0x000000008ce00000| Untracked 
| 207|0x000000008cf00000, 0x000000008cf00000, 0x000000008d000000|  0%| F|  |TAMS 0x000000008cf00000, 0x000000008cf00000| Untracked 
| 208|0x000000008d000000, 0x000000008d000000, 0x000000008d100000|  0%| F|  |TAMS 0x000000008d000000, 0x000000008d000000| Untracked 
| 209|0x000000008d100000, 0x000000008d100000, 0x000000008d200000|  0%| F|  |TAMS 0x000000008d100000, 0x000000008d100000| Untracked 
| 210|0x000000008d200000, 0x000000008d200000, 0x000000008d300000|  0%| F|  |TAMS 0x000000008d200000, 0x000000008d200000| Untracked 
| 211|0x000000008d300000, 0x000000008d300000, 0x000000008d400000|  0%| F|  |TAMS 0x000000008d300000, 0x000000008d300000| Untracked 
| 212|0x000000008d400000, 0x000000008d400000, 0x000000008d500000|  0%| F|  |TAMS 0x000000008d400000, 0x000000008d400000| Untracked 
| 213|0x000000008d500000, 0x000000008d500000, 0x000000008d600000|  0%| F|  |TAMS 0x000000008d500000, 0x000000008d500000| Untracked 
| 214|0x000000008d600000, 0x000000008d700000, 0x000000008d700000|100%| E|  |TAMS 0x000000008d600000, 0x000000008d600000| Complete 
| 215|0x000000008d700000, 0x000000008d800000, 0x000000008d800000|100%| E|CS|TAMS 0x000000008d700000, 0x000000008d700000| Complete 

Card table byte_map: [0x00000269f3490000,0x00000269f3890000] _byte_map_base: 0x00000269f3090000

Marking Bits (Prev, Next): (CMBitMap*) 0x00000269ef282e20, (CMBitMap*) 0x00000269ef282de8
 Prev Bits: [0x00000269f5c90000, 0x00000269f7c90000)
 Next Bits: [0x00000269f3c90000, 0x00000269f5c90000)

Polling page: 0x00000269eea20000

Metaspace:

Usage:
  Non-class:    109.31 MB capacity,   107.15 MB ( 98%) used,     1.82 MB (  2%) free+waste,   346.88 KB ( <1%) overhead. 
      Class:     16.33 MB capacity,    15.24 MB ( 93%) used,   964.20 KB (  6%) free+waste,   153.06 KB ( <1%) overhead. 
       Both:    125.64 MB capacity,   122.39 MB ( 97%) used,     2.76 MB (  2%) free+waste,   499.94 KB ( <1%) overhead. 

Virtual space:
  Non-class space:      110.00 MB reserved,     109.42 MB (>99%) committed 
      Class space:        1.00 GB reserved,      16.38 MB (  2%) committed 
             Both:        1.11 GB reserved,     125.80 MB ( 11%) committed 

Chunk freelists:
   Non-Class:  0 bytes
       Class:  30.00 KB
        Both:  30.00 KB

MaxMetaspaceSize: 17179869184.00 GB
CompressedClassSpaceSize: 1.00 GB
Initial GC threshold: 20.80 MB
Current GC threshold: 209.66 MB
CDS: off

CodeHeap 'non-profiled nmethods': size=120000Kb used=9655Kb max_used=9655Kb free=110344Kb
 bounds [0x0000026987ad0000, 0x0000026988440000, 0x000002698f000000]
CodeHeap 'profiled nmethods': size=120000Kb used=34240Kb max_used=34240Kb free=85760Kb
 bounds [0x00000269805a0000, 0x0000026982710000, 0x0000026987ad0000]
CodeHeap 'non-nmethods': size=5760Kb used=2481Kb max_used=2541Kb free=3278Kb
 bounds [0x0000026980000000, 0x0000026980280000, 0x00000269805a0000]
 total_blobs=16241 nmethods=15227 adapters=925
 compilation: enabled
              stopped_count=0, restarted_count=0
 full_count=0

Compilation events (20 events):
Event: 93.499 Thread 0x00000269fb071800 15418       1       java.nio.charset.CharsetDecoder::averageCharsPerByte (5 bytes)
Event: 93.499 Thread 0x00000269fb071800 nmethod 15418 0x000002698842f790 code [0x000002698842f940, 0x000002698842f9f8]
Event: 93.500 Thread 0x00000269fb071800 15419       3       org.apache.http.util.LangUtils::hashCode (7 bytes)
Event: 93.500 Thread 0x00000269fb071800 nmethod 15419 0x000002698270d210 code [0x000002698270d3c0, 0x000002698270d4b8]
Event: 93.618 Thread 0x00000269fb071800 15420       3       sun.security.ssl.Record::putInt16 (31 bytes)
Event: 93.618 Thread 0x00000269fb071800 nmethod 15420 0x000002698270d590 code [0x000002698270d780, 0x000002698270dc28]
Event: 93.618 Thread 0x00000269fb071800 15421       3       java.security.AlgorithmParameters::getParameterSpec (26 bytes)
Event: 93.618 Thread 0x00000269fb071800 nmethod 15421 0x000002698270dd90 code [0x000002698270df60, 0x000002698270e238]
Event: 93.619 Thread 0x00000269fb071800 15422       3       sun.security.ssl.SSLConfiguration::isAvailable (78 bytes)
Event: 93.620 Thread 0x00000269fb071800 nmethod 15422 0x000002698270e390 code [0x000002698270e5e0, 0x000002698270f088]
Event: 93.640 Thread 0x00000269fb06c000 nmethod 15385 0x000002698842fa90 code [0x0000026988430160, 0x0000026988438078]
Event: 93.640 Thread 0x00000269fb06c000 15408       4       java.util.HashMap::removeNode (291 bytes)
Event: 93.652 Thread 0x00000269fb06c000 nmethod 15408 0x000002698843c490 code [0x000002698843c680, 0x000002698843d448]
Event: 93.652 Thread 0x00000269fb06c000 15397       4       org.gradle.tooling.internal.adapter.ProtocolToModelAdapter$PropertyCachingMethodInvoker::invoke (110 bytes)
Event: 93.672 Thread 0x00000269fb071800 15424       3       java.lang.Byte::valueOf (14 bytes)
Event: 93.672 Thread 0x00000269fb071800 nmethod 15424 0x000002698270f390 code [0x000002698270f540, 0x000002698270f658]
Event: 93.672 Thread 0x00000269fb071800 15425       3       sun.security.provider.SHA2::implReset (13 bytes)
Event: 93.672 Thread 0x00000269fb071800 nmethod 15425 0x000002698270f710 code [0x000002698270f8e0, 0x000002698270fb38]
Event: 93.672 Thread 0x00000269fb071800 15426       1       org.apache.http.util.ByteArrayBuffer::length (5 bytes)
Event: 93.672 Thread 0x00000269fb071800 nmethod 15426 0x000002698843d990 code [0x000002698843db40, 0x000002698843dbf8]

GC Heap History (20 events):
Event: 47.636 GC heap before
{Heap before GC invocations=143 (full 0):
 garbage-first heap   total 221184K, used 194501K [0x0000000080000000, 0x0000000100000000)
  region size 1024K, 14 young (14336K), 1 survivors (1024K)
 Metaspace       used 120137K, capacity 123056K, committed 123184K, reserved 1157120K
  class space    used 15197K, capacity 16250K, committed 16256K, reserved 1048576K
}
Event: 47.638 GC heap after
{Heap after GC invocations=144 (full 0):
 garbage-first heap   total 221184K, used 181257K [0x0000000080000000, 0x0000000100000000)
  region size 1024K, 1 young (1024K), 1 survivors (1024K)
 Metaspace       used 120137K, capacity 123056K, committed 123184K, reserved 1157120K
  class space    used 15197K, capacity 16250K, committed 16256K, reserved 1048576K
}
Event: 49.372 GC heap before
{Heap before GC invocations=145 (full 0):
 garbage-first heap   total 221184K, used 194569K [0x0000000080000000, 0x0000000100000000)
  region size 1024K, 14 young (14336K), 1 survivors (1024K)
 Metaspace       used 121582K, capacity 124654K, committed 124976K, reserved 1157120K
  class space    used 15374K, capacity 16436K, committed 16512K, reserved 1048576K
}
Event: 49.375 GC heap after
{Heap after GC invocations=146 (full 0):
 garbage-first heap   total 221184K, used 181912K [0x0000000080000000, 0x0000000100000000)
  region size 1024K, 2 young (2048K), 2 survivors (2048K)
 Metaspace       used 121582K, capacity 124654K, committed 124976K, reserved 1157120K
  class space    used 15374K, capacity 16436K, committed 16512K, reserved 1048576K
}
Event: 91.939 GC heap before
{Heap before GC invocations=146 (full 0):
 garbage-first heap   total 221184K, used 193176K [0x0000000080000000, 0x0000000100000000)
  region size 1024K, 14 young (14336K), 2 survivors (2048K)
 Metaspace       used 124299K, capacity 127324K, committed 127408K, reserved 1161216K
  class space    used 15540K, capacity 16598K, committed 16640K, reserved 1048576K
}
Event: 91.942 GC heap after
{Heap after GC invocations=147 (full 0):
 garbage-first heap   total 221184K, used 182283K [0x0000000080000000, 0x0000000100000000)
  region size 1024K, 2 young (2048K), 2 survivors (2048K)
 Metaspace       used 124299K, capacity 127324K, committed 127408K, reserved 1161216K
  class space    used 15540K, capacity 16598K, committed 16640K, reserved 1048576K
}
Event: 92.592 GC heap before
{Heap before GC invocations=148 (full 0):
 garbage-first heap   total 221184K, used 193547K [0x0000000080000000, 0x0000000100000000)
  region size 1024K, 14 young (14336K), 2 survivors (2048K)
 Metaspace       used 124556K, capacity 127649K, committed 127792K, reserved 1161216K
  class space    used 15568K, capacity 16644K, committed 16768K, reserved 1048576K
}
Event: 92.595 GC heap after
{Heap after GC invocations=149 (full 0):
 garbage-first heap   total 221184K, used 183965K [0x0000000080000000, 0x0000000100000000)
  region size 1024K, 2 young (2048K), 2 survivors (2048K)
 Metaspace       used 124556K, capacity 127649K, committed 127792K, reserved 1161216K
  class space    used 15568K, capacity 16644K, committed 16768K, reserved 1048576K
}
Event: 92.723 GC heap before
{Heap before GC invocations=149 (full 0):
 garbage-first heap   total 221184K, used 191133K [0x0000000080000000, 0x0000000100000000)
  region size 1024K, 10 young (10240K), 2 survivors (2048K)
 Metaspace       used 124597K, capacity 127718K, committed 128048K, reserved 1161216K
  class space    used 15568K, capacity 16644K, committed 16768K, reserved 1048576K
}
Event: 92.727 GC heap after
{Heap after GC invocations=150 (full 0):
 garbage-first heap   total 221184K, used 184249K [0x0000000080000000, 0x0000000100000000)
  region size 1024K, 1 young (1024K), 1 survivors (1024K)
 Metaspace       used 124597K, capacity 127718K, committed 128048K, reserved 1161216K
  class space    used 15568K, capacity 16644K, committed 16768K, reserved 1048576K
}
Event: 92.892 GC heap before
{Heap before GC invocations=150 (full 0):
 garbage-first heap   total 221184K, used 194489K [0x0000000080000000, 0x0000000100000000)
  region size 1024K, 11 young (11264K), 1 survivors (1024K)
 Metaspace       used 124725K, capacity 127831K, committed 128048K, reserved 1161216K
  class space    used 15577K, capacity 16655K, committed 16768K, reserved 1048576K
}
Event: 92.898 GC heap after
{Heap after GC invocations=151 (full 0):
 garbage-first heap   total 221184K, used 185087K [0x0000000080000000, 0x0000000100000000)
  region size 1024K, 2 young (2048K), 2 survivors (2048K)
 Metaspace       used 124725K, capacity 127831K, committed 128048K, reserved 1161216K
  class space    used 15577K, capacity 16655K, committed 16768K, reserved 1048576K
}
Event: 93.055 GC heap before
{Heap before GC invocations=152 (full 0):
 garbage-first heap   total 221184K, used 194303K [0x0000000080000000, 0x0000000100000000)
  region size 1024K, 11 young (11264K), 2 survivors (2048K)
 Metaspace       used 124998K, capacity 128274K, committed 128560K, reserved 1161216K
  class space    used 15601K, capacity 16736K, committed 16768K, reserved 1048576K
}
Event: 93.059 GC heap after
{Heap after GC invocations=153 (full 0):
 garbage-first heap   total 221184K, used 186243K [0x0000000080000000, 0x0000000100000000)
  region size 1024K, 2 young (2048K), 2 survivors (2048K)
 Metaspace       used 124998K, capacity 128274K, committed 128560K, reserved 1161216K
  class space    used 15601K, capacity 16736K, committed 16768K, reserved 1048576K
}
Event: 93.189 GC heap before
{Heap before GC invocations=153 (full 0):
 garbage-first heap   total 221184K, used 194435K [0x0000000080000000, 0x0000000100000000)
  region size 1024K, 10 young (10240K), 2 survivors (2048K)
 Metaspace       used 125114K, capacity 128444K, committed 128560K, reserved 1161216K
  class space    used 15605K, capacity 16742K, committed 16768K, reserved 1048576K
}
Event: 93.200 GC heap after
{Heap after GC invocations=154 (full 0):
 garbage-first heap   total 221184K, used 177131K [0x0000000080000000, 0x0000000100000000)
  region size 1024K, 2 young (2048K), 2 survivors (2048K)
 Metaspace       used 125114K, capacity 128444K, committed 128560K, reserved 1161216K
  class space    used 15605K, capacity 16742K, committed 16768K, reserved 1048576K
}
Event: 93.255 GC heap before
{Heap before GC invocations=154 (full 0):
 garbage-first heap   total 221184K, used 188395K [0x0000000080000000, 0x0000000100000000)
  region size 1024K, 13 young (13312K), 2 survivors (2048K)
 Metaspace       used 125167K, capacity 128520K, committed 128560K, reserved 1161216K
  class space    used 15606K, capacity 16744K, committed 16768K, reserved 1048576K
}
Event: 93.260 GC heap after
{Heap after GC invocations=155 (full 0):
 garbage-first heap   total 221184K, used 178360K [0x0000000080000000, 0x0000000100000000)
  region size 1024K, 1 young (1024K), 1 survivors (1024K)
 Metaspace       used 125167K, capacity 128520K, committed 128560K, reserved 1161216K
  class space    used 15606K, capacity 16744K, committed 16768K, reserved 1048576K
}
Event: 93.426 GC heap before
{Heap before GC invocations=155 (full 0):
 garbage-first heap   total 221184K, used 188600K [0x0000000080000000, 0x0000000100000000)
  region size 1024K, 12 young (12288K), 1 survivors (1024K)
 Metaspace       used 125322K, capacity 128655K, committed 128816K, reserved 1161216K
  class space    used 15601K, capacity 16719K, committed 16768K, reserved 1048576K
}
Event: 93.429 GC heap after
{Heap after GC invocations=156 (full 0):
 garbage-first heap   total 221184K, used 179964K [0x0000000080000000, 0x0000000100000000)
  region size 1024K, 2 young (2048K), 2 survivors (2048K)
 Metaspace       used 125322K, capacity 128655K, committed 128816K, reserved 1161216K
  class space    used 15601K, capacity 16719K, committed 16768K, reserved 1048576K
}

Deoptimization events (20 events):
Event: 93.292 Thread 0x00000269fbdbb800 DEOPT PACKING pc=0x00000269883535b0 sp=0x000000da96cfc100
Event: 93.292 Thread 0x00000269fbdbb800 DEOPT UNPACKING pc=0x00000269800085af sp=0x000000da96cfc1d0 mode 2
Event: 93.309 Thread 0x00000269fbdbb800 DEOPT PACKING pc=0x00000269819da7bd sp=0x000000da96cf9a40
Event: 93.309 Thread 0x00000269fbdbb800 DEOPT UNPACKING pc=0x0000026980049d0e sp=0x000000da96cf8f08 mode 0
Event: 93.323 Thread 0x00000269fbdbb800 DEOPT PACKING pc=0x000002698157b924 sp=0x000000da96cf95b0
Event: 93.323 Thread 0x00000269fbdbb800 DEOPT UNPACKING pc=0x0000026980049d0e sp=0x000000da96cf8ad0 mode 0
Event: 93.333 Thread 0x00000269fbdbb800 Uncommon trap: trap_request=0xffffff4d fr.pc=0x00000269881eb1b8 relative=0x0000000000000378
Event: 93.333 Thread 0x00000269fbdbb800 Uncommon trap: reason=unstable_if action=reinterpret pc=0x00000269881eb1b8 method=com.google.common.collect.MapMakerInternalMap$Segment.getEntry(Ljava/lang/Object;I)Lcom/google/common/collect/MapMakerInternalMap$InternalEntry; @ 40 c2
Event: 93.333 Thread 0x00000269fbdbb800 DEOPT PACKING pc=0x00000269881eb1b8 sp=0x000000da96cf97d0
Event: 93.333 Thread 0x00000269fbdbb800 DEOPT UNPACKING pc=0x00000269800085af sp=0x000000da96cf96b0 mode 2
Event: 93.385 Thread 0x00000269fbdbb800 Uncommon trap: trap_request=0xffffffd6 fr.pc=0x00000269883864bc relative=0x00000000000004fc
Event: 93.385 Thread 0x00000269fbdbb800 Uncommon trap: reason=array_check action=maybe_recompile pc=0x00000269883864bc method=java.util.TimSort.reverseRange([Ljava/lang/Object;II)V @ 27 c2
Event: 93.385 Thread 0x00000269fbdbb800 DEOPT PACKING pc=0x00000269883864bc sp=0x000000da96cf8f80
Event: 93.385 Thread 0x00000269fbdbb800 DEOPT UNPACKING pc=0x00000269800085af sp=0x000000da96cf8eb0 mode 2
Event: 93.386 Thread 0x00000269fbdbb800 DEOPT PACKING pc=0x00000269826b21b3 sp=0x000000da96cfa390
Event: 93.386 Thread 0x00000269fbdbb800 DEOPT UNPACKING pc=0x0000026980049d0e sp=0x000000da96cf98d0 mode 0
Event: 93.395 Thread 0x00000269fbdbb800 Uncommon trap: trap_request=0xffffffd6 fr.pc=0x00000269883864bc relative=0x00000000000004fc
Event: 93.395 Thread 0x00000269fbdbb800 Uncommon trap: reason=array_check action=maybe_recompile pc=0x00000269883864bc method=java.util.TimSort.reverseRange([Ljava/lang/Object;II)V @ 27 c2
Event: 93.395 Thread 0x00000269fbdbb800 DEOPT PACKING pc=0x00000269883864bc sp=0x000000da96cf8c60
Event: 93.396 Thread 0x00000269fbdbb800 DEOPT UNPACKING pc=0x00000269800085af sp=0x000000da96cf8b90 mode 2

Classes redefined (0 events):
No events

Internal exceptions (20 events):
Event: 92.275 Thread 0x00000269fbdbb800 Exception <a 'java/lang/ClassNotFoundException'{0x000000008d479ed8}: sync_studio_tooling10_hl53a0v6o5m7i0w8bjkm7slaCustomizer> (0x000000008d479ed8) thrown at [./src/hotspot/share/classfile/systemDictionary.cpp, line 231]
Event: 92.596 Thread 0x00000269fbdbb800 Implicit null exception at 0x000002698824cd85 to 0x000002698824d3a4
Event: 92.791 Thread 0x00000269fbdbb800 Exception <a 'java/lang/ClassNotFoundException'{0x000000008d15cf30}: build_cjk81lvafotbbqbfyj0avl8u1BeanInfo> (0x000000008d15cf30) thrown at [./src/hotspot/share/classfile/systemDictionary.cpp, line 231]
Event: 92.791 Thread 0x00000269fbdbb800 Exception <a 'java/lang/ClassNotFoundException'{0x000000008d1696e0}: build_cjk81lvafotbbqbfyj0avl8u1Customizer> (0x000000008d1696e0) thrown at [./src/hotspot/share/classfile/systemDictionary.cpp, line 231]
Event: 92.869 Thread 0x00000269fbdbb800 Exception <a 'sun/nio/fs/WindowsException'{0x000000008cecd668}> (0x000000008cecd668) thrown at [./src/hotspot/share/prims/jni.cpp, line 616]
Event: 92.982 Thread 0x00000269fda8b800 Exception <a 'sun/nio/fs/WindowsException'{0x000000008d386d00}> (0x000000008d386d00) thrown at [./src/hotspot/share/prims/jni.cpp, line 616]
Event: 92.988 Thread 0x00000269fda8b800 Exception <a 'sun/nio/fs/WindowsException'{0x000000008d21fbe0}> (0x000000008d21fbe0) thrown at [./src/hotspot/share/prims/jni.cpp, line 616]
Event: 92.989 Thread 0x00000269fda8b800 Exception <a 'sun/nio/fs/WindowsException'{0x000000008d21fe90}> (0x000000008d21fe90) thrown at [./src/hotspot/share/prims/jni.cpp, line 616]
Event: 93.007 Thread 0x00000269fbdbb800 Exception <a 'java/lang/ClassNotFoundException'{0x000000008d27fa60}: build_cjk81lvafotbbqbfyj0avl8u1BeanInfo> (0x000000008d27fa60) thrown at [./src/hotspot/share/classfile/systemDictionary.cpp, line 231]
Event: 93.008 Thread 0x00000269fbdbb800 Exception <a 'java/lang/ClassNotFoundException'{0x000000008d28c210}: build_cjk81lvafotbbqbfyj0avl8u1Customizer> (0x000000008d28c210) thrown at [./src/hotspot/share/classfile/systemDictionary.cpp, line 231]
Event: 93.015 Thread 0x00000269fbdbb800 Exception <a 'java/lang/ClassNotFoundException'{0x000000008d111da0}: build_cjk81lvafotbbqbfyj0avl8u1$_run_closure1$_closure4BeanInfo> (0x000000008d111da0) thrown at [./src/hotspot/share/classfile/systemDictionary.cpp, line 231]
Event: 93.015 Thread 0x00000269fbdbb800 Exception <a 'java/lang/ClassNotFoundException'{0x000000008d123320}: build_cjk81lvafotbbqbfyj0avl8u1$_run_closure1$_closure4Customizer> (0x000000008d123320) thrown at [./src/hotspot/share/classfile/systemDictionary.cpp, line 231]
Event: 93.017 Thread 0x00000269fbdbb800 Exception <a 'java/lang/ClassNotFoundException'{0x000000008d14c878}: build_cjk81lvafotbbqbfyj0avl8u1$_run_closure1BeanInfo> (0x000000008d14c878) thrown at [./src/hotspot/share/classfile/systemDictionary.cpp, line 231]
Event: 93.017 Thread 0x00000269fbdbb800 Exception <a 'java/lang/ClassNotFoundException'{0x000000008d15d1f0}: build_cjk81lvafotbbqbfyj0avl8u1$_run_closure1Customizer> (0x000000008d15d1f0) thrown at [./src/hotspot/share/classfile/systemDictionary.cpp, line 231]
Event: 93.119 Thread 0x00000269fbdbb800 Exception <a 'sun/nio/fs/WindowsException'{0x000000008d4f4c38}> (0x000000008d4f4c38) thrown at [./src/hotspot/share/prims/jni.cpp, line 616]
Event: 93.298 Thread 0x00000269fbdbb800 Exception <a 'sun/nio/fs/WindowsException'{0x000000008d219700}> (0x000000008d219700) thrown at [./src/hotspot/share/prims/jni.cpp, line 616]
Event: 93.306 Thread 0x00000269fbdbb800 Exception <a 'sun/nio/fs/WindowsException'{0x000000008d2b66a8}> (0x000000008d2b66a8) thrown at [./src/hotspot/share/prims/jni.cpp, line 616]
Event: 93.306 Thread 0x00000269fbdbb800 Exception <a 'sun/nio/fs/WindowsException'{0x000000008d2b7a20}> (0x000000008d2b7a20) thrown at [./src/hotspot/share/prims/jni.cpp, line 616]
Event: 93.306 Thread 0x00000269fbdbb800 Exception <a 'sun/nio/fs/WindowsException'{0x000000008d2b8de8}> (0x000000008d2b8de8) thrown at [./src/hotspot/share/prims/jni.cpp, line 616]
Event: 93.306 Thread 0x00000269fbdbb800 Exception <a 'sun/nio/fs/WindowsException'{0x000000008d2ba1b0}> (0x000000008d2ba1b0) thrown at [./src/hotspot/share/prims/jni.cpp, line 616]

Events (20 events):
Event: 93.163 Executing VM operation: BulkRevokeBias done
Event: 93.188 Executing VM operation: G1CollectForAllocation
Event: 93.200 Executing VM operation: G1CollectForAllocation done
Event: 93.255 Executing VM operation: G1CollectForAllocation
Event: 93.260 Executing VM operation: G1CollectForAllocation done
Event: 93.354 Executing VM operation: CGC_Operation
Event: 93.378 Executing VM operation: CGC_Operation done
Event: 93.390 Thread 0x00000269fa6f0000 flushing nmethod 0x0000026987b5cb90
Event: 93.394 Thread 0x00000269fa6f0000 flushing nmethod 0x00000269805a0010
Event: 93.394 Thread 0x00000269fa6f0000 flushing nmethod 0x00000269805a0a10
Event: 93.394 Thread 0x00000269fa6f0000 flushing nmethod 0x00000269805a1190
Event: 93.394 Thread 0x00000269fa6f0000 flushing nmethod 0x00000269805a4a90
Event: 93.395 Thread 0x00000269fa6f0000 flushing nmethod 0x0000026980621790
Event: 93.399 Thread 0x00000269fa6f0000 flushing nmethod 0x0000026980aa5590
Event: 93.402 Executing VM operation: ICBufferFull
Event: 93.402 Executing VM operation: ICBufferFull done
Event: 93.426 Executing VM operation: G1CollectForAllocation
Event: 93.429 Executing VM operation: G1CollectForAllocation done
Event: 93.435 Executing VM operation: CGC_Operation
Event: 93.435 Executing VM operation: CGC_Operation done


Dynamic libraries:
0x00007ff6be640000 - 0x00007ff6be64a000 	C:\Program Files\Android\Android Studio\jre\bin\java.exe
0x00007ffca4500000 - 0x00007ffca4709000 	C:\WINDOWS\SYSTEM32\ntdll.dll
0x00007ffca41f0000 - 0x00007ffca42ad000 	C:\WINDOWS\System32\KERNEL32.DLL
0x00007ffca1e70000 - 0x00007ffca21eb000 	C:\WINDOWS\System32\KERNELBASE.dll
0x00007ffca2260000 - 0x00007ffca2371000 	C:\WINDOWS\System32\ucrtbase.dll
0x00007ffc96240000 - 0x00007ffc96259000 	C:\Program Files\Android\Android Studio\jre\bin\jli.dll
0x00007ffc96220000 - 0x00007ffc96237000 	C:\Program Files\Android\Android Studio\jre\bin\VCRUNTIME140.dll
0x00007ffca4310000 - 0x00007ffca44bd000 	C:\WINDOWS\System32\USER32.dll
0x00007ffc8eca0000 - 0x00007ffc8ef45000 	C:\WINDOWS\WinSxS\amd64_microsoft.windows.common-controls_6595b64144ccf1df_6.0.22000.120_none_9d947278b86cc467\COMCTL32.dll
0x00007ffca1d20000 - 0x00007ffca1d46000 	C:\WINDOWS\System32\win32u.dll
0x00007ffca3890000 - 0x00007ffca3933000 	C:\WINDOWS\System32\msvcrt.dll
0x00007ffca27f0000 - 0x00007ffca2819000 	C:\WINDOWS\System32\GDI32.dll
0x00007ffca1d50000 - 0x00007ffca1e68000 	C:\WINDOWS\System32\gdi32full.dll
0x00007ffca1b40000 - 0x00007ffca1bdd000 	C:\WINDOWS\System32\msvcp_win.dll
0x00007ffca3850000 - 0x00007ffca3881000 	C:\WINDOWS\System32\IMM32.DLL
0x00007ffc96180000 - 0x00007ffc9621d000 	C:\Program Files\Android\Android Studio\jre\bin\msvcp140.dll
0x00007ffc5eb50000 - 0x00007ffc5f652000 	C:\Program Files\Android\Android Studio\jre\bin\server\jvm.dll
0x00007ffca2880000 - 0x00007ffca292e000 	C:\WINDOWS\System32\ADVAPI32.dll
0x00007ffca4150000 - 0x00007ffca41ee000 	C:\WINDOWS\System32\sechost.dll
0x00007ffca2930000 - 0x00007ffca2a50000 	C:\WINDOWS\System32\RPCRT4.dll
0x00007ffca32f0000 - 0x00007ffca32f8000 	C:\WINDOWS\System32\PSAPI.DLL
0x00007ffc9b760000 - 0x00007ffc9b793000 	C:\WINDOWS\SYSTEM32\WINMM.dll
0x00007ffc83270000 - 0x00007ffc83279000 	C:\WINDOWS\SYSTEM32\WSOCK32.dll
0x00007ffc9ae00000 - 0x00007ffc9ae0a000 	C:\WINDOWS\SYSTEM32\VERSION.dll
0x00007ffca3210000 - 0x00007ffca327f000 	C:\WINDOWS\System32\WS2_32.dll
0x00007ffca0b40000 - 0x00007ffca0b58000 	C:\WINDOWS\SYSTEM32\kernel.appcore.dll
0x00007ffc9da70000 - 0x00007ffc9da81000 	C:\Program Files\Android\Android Studio\jre\bin\verify.dll
0x00007ffc9f060000 - 0x00007ffc9f281000 	C:\WINDOWS\SYSTEM32\DBGHELP.DLL
0x00007ffc8fa90000 - 0x00007ffc8fac1000 	C:\WINDOWS\SYSTEM32\dbgcore.DLL
0x00007ffca1ca0000 - 0x00007ffca1d1f000 	C:\WINDOWS\System32\bcryptPrimitives.dll
0x00007ffc85740000 - 0x00007ffc85769000 	C:\Program Files\Android\Android Studio\jre\bin\java.dll
0x00007ffc9db40000 - 0x00007ffc9db4b000 	C:\Program Files\Android\Android Studio\jre\bin\jimage.dll
0x00007ffc88e60000 - 0x00007ffc88e78000 	C:\Program Files\Android\Android Studio\jre\bin\zip.dll
0x00007ffca2a50000 - 0x00007ffca3208000 	C:\WINDOWS\System32\SHELL32.dll
0x00007ffc9fad0000 - 0x00007ffca0335000 	C:\WINDOWS\SYSTEM32\windows.storage.dll
0x00007ffca3a30000 - 0x00007ffca3da7000 	C:\WINDOWS\System32\combase.dll
0x00007ffc9f960000 - 0x00007ffc9fac6000 	C:\WINDOWS\SYSTEM32\wintypes.dll
0x00007ffca3e10000 - 0x00007ffca3efa000 	C:\WINDOWS\System32\SHCORE.dll
0x00007ffca2820000 - 0x00007ffca287d000 	C:\WINDOWS\System32\shlwapi.dll
0x00007ffca1900000 - 0x00007ffca1921000 	C:\WINDOWS\SYSTEM32\profapi.dll
0x00007ffc85720000 - 0x00007ffc8573a000 	C:\Program Files\Android\Android Studio\jre\bin\net.dll
0x00007ffc9c550000 - 0x00007ffc9c65c000 	C:\WINDOWS\SYSTEM32\WINHTTP.dll
0x00007ffca0fe0000 - 0x00007ffca1047000 	C:\WINDOWS\system32\mswsock.dll
0x00007ffc85700000 - 0x00007ffc85714000 	C:\Program Files\Android\Android Studio\jre\bin\nio.dll
0x00007ffc7e700000 - 0x00007ffc7e727000 	E:\BUS APP\Android Payment Gateway APK\Android_Non-Seamless_Version.1.0\Non-Seamless\NonSeamless-Simple\native\e1d6ef7f7dcc3fd88c89a11ec53ec762bb8ba0a96d01ffa2cd45eb1d1d8dd5c5\windows-amd64\native-platform.dll
0x00007ffc7d550000 - 0x00007ffc7d694000 	E:\BUS APP\Android Payment Gateway APK\Android_Non-Seamless_Version.1.0\Non-Seamless\NonSeamless-Simple\native\0d407fdbe67a94daf76414ababcb853783967236a71b16ec16e742cd7a986fd3\windows-amd64\native-platform-file-events.dll
0x00007ffc9db10000 - 0x00007ffc9db1a000 	C:\Program Files\Android\Android Studio\jre\bin\management.dll
0x00007ffc9da60000 - 0x00007ffc9da6d000 	C:\Program Files\Android\Android Studio\jre\bin\management_ext.dll
0x00007ffca1230000 - 0x00007ffca1248000 	C:\WINDOWS\SYSTEM32\CRYPTSP.dll
0x00007ffca0aa0000 - 0x00007ffca0ad5000 	C:\WINDOWS\system32\rsaenh.dll
0x00007ffca10d0000 - 0x00007ffca10f9000 	C:\WINDOWS\SYSTEM32\USERENV.dll
0x00007ffca13b0000 - 0x00007ffca13d7000 	C:\WINDOWS\SYSTEM32\bcrypt.dll
0x00007ffca1220000 - 0x00007ffca122c000 	C:\WINDOWS\SYSTEM32\CRYPTBASE.dll
0x00007ffca0670000 - 0x00007ffca069d000 	C:\WINDOWS\SYSTEM32\IPHLPAPI.DLL
0x00007ffca3720000 - 0x00007ffca3729000 	C:\WINDOWS\System32\NSI.dll
0x00007ffc9bc20000 - 0x00007ffc9bc39000 	C:\WINDOWS\SYSTEM32\dhcpcsvc6.DLL
0x00007ffc9bdc0000 - 0x00007ffc9bdde000 	C:\WINDOWS\SYSTEM32\dhcpcsvc.DLL
0x00007ffca06a0000 - 0x00007ffca0788000 	C:\WINDOWS\SYSTEM32\DNSAPI.dll
0x00007ffc851d0000 - 0x00007ffc851f7000 	C:\Program Files\Android\Android Studio\jre\bin\sunec.dll
0x00007ffc96390000 - 0x00007ffc9639a000 	C:\Windows\System32\rasadhlp.dll
0x00007ffc9a780000 - 0x00007ffc9a801000 	C:\WINDOWS\System32\fwpuclnt.dll

dbghelp: loaded successfully - version: 4.0.5 - missing functions: none
symbol engine: initialized successfully - sym options: 0x614 - pdb path: .;C:\Program Files\Android\Android Studio\jre\bin;C:\WINDOWS\SYSTEM32;C:\WINDOWS\WinSxS\amd64_microsoft.windows.common-controls_6595b64144ccf1df_6.0.22000.120_none_9d947278b86cc467;C:\Program Files\Android\Android Studio\jre\bin\server;E:\BUS APP\Android Payment Gateway APK\Android_Non-Seamless_Version.1.0\Non-Seamless\NonSeamless-Simple\native\e1d6ef7f7dcc3fd88c89a11ec53ec762bb8ba0a96d01ffa2cd45eb1d1d8dd5c5\windows-amd64;E:\BUS APP\Android Payment Gateway APK\Android_Non-Seamless_Version.1.0\Non-Seamless\NonSeamless-Simple\native\0d407fdbe67a94daf76414ababcb853783967236a71b16ec16e742cd7a986fd3\windows-amd64

VM Arguments:
jvm_args: --add-opens=java.base/java.util=ALL-UNNAMED --add-opens=java.base/java.lang=ALL-UNNAMED --add-opens=java.base/java.lang.invoke=ALL-UNNAMED --add-opens=java.base/java.util=ALL-UNNAMED --add-opens=java.prefs/java.util.prefs=ALL-UNNAMED --add-opens=java.prefs/java.util.prefs=ALL-UNNAMED --add-opens=java.base/java.nio.charset=ALL-UNNAMED --add-opens=java.base/java.net=ALL-UNNAMED --add-opens=java.base/java.util.concurrent.atomic=ALL-UNNAMED -Xmx2048m -Dfile.encoding=UTF-8 -Duser.country=IN -Duser.language=en -Duser.variant 
java_command: org.gradle.launcher.daemon.bootstrap.GradleDaemon 7.4
java_class_path (initial): E:\BUS APP\Android Payment Gateway APK\Android_Non-Seamless_Version.1.0\Non-Seamless\NonSeamless-Simple\wrapper\dists\gradle-7.4-bin\c0gwcg53nkjbqw7r0h0umtfvt\gradle-7.4\lib\gradle-launcher-7.4.jar
Launcher Type: SUN_STANDARD

[Global flags]
     intx CICompilerCount                          = 4                                         {product} {ergonomic}
     uint ConcGCThreads                            = 2                                         {product} {ergonomic}
     uint G1ConcRefinementThreads                  = 8                                         {product} {ergonomic}
   size_t G1HeapRegionSize                         = 1048576                                   {product} {ergonomic}
    uintx GCDrainStackTargetSize                   = 64                                        {product} {ergonomic}
   size_t InitialHeapSize                          = 130023424                                 {product} {ergonomic}
   size_t MarkStackSize                            = 4194304                                   {product} {ergonomic}
   size_t MaxHeapSize                              = 2147483648                                {product} {command line}
   size_t MaxNewSize                               = 1287651328                                {product} {ergonomic}
   size_t MinHeapDeltaBytes                        = 1048576                                   {product} {ergonomic}
    uintx NonNMethodCodeHeapSize                   = 5836300                                {pd product} {ergonomic}
    uintx NonProfiledCodeHeapSize                  = 122910970                              {pd product} {ergonomic}
    uintx ProfiledCodeHeapSize                     = 122910970                              {pd product} {ergonomic}
    uintx ReservedCodeCacheSize                    = 251658240                              {pd product} {ergonomic}
     bool SegmentedCodeCache                       = true                                      {product} {ergonomic}
     bool UseCompressedClassPointers               = true                                 {lp64_product} {ergonomic}
     bool UseCompressedOops                        = true                                 {lp64_product} {ergonomic}
     bool UseG1GC                                  = true                                      {product} {ergonomic}
     bool UseLargePagesIndividualAllocation        = false                                  {pd product} {ergonomic}

Logging:
Log output configuration:
 #0: stdout all=warning uptime,level,tags
 #1: stderr all=off uptime,level,tags

Environment Variables:
PATH=C:\Program Files (x86)\VMware\VMware Workstation\bin\;C:\oraclexe\app\oracle\product\11.2.0\server\bin;C:\Windows\system32;C:\Windows;C:\Windows\System32\Wbem;C:\Windows\System32\WindowsPowerShell\v1.0\;C:\Windows\System32\OpenSSH\;C:\Program Files\NVIDIA Corporation\NVIDIA NvDLISR;C:\Program Files (x86)\NVIDIA Corporation\PhysX\Common;C:\Program Files\dotnet\;C:\WINDOWS\system32;C:\WINDOWS;C:\WINDOWS\System32\Wbem;C:\WINDOWS\System32\WindowsPowerShell\v1.0\;C:\WINDOWS\System32\OpenSSH\;C:\Program Files\Git\cmd;C:\src\flutter\bin;C:\src\flutter\bin;C:\Program Files\Java\jdk1.8.0_202\bin;C:\Users\DELL\AppData\Local\Microsoft\WindowsApps;C:\Users\DELL\AppData\Local\atom\bin;C:\Users\DELL\AppData\Local\Programs\Microsoft VS Code\bin;
USERNAME=DELL
OS=Windows_NT
PROCESSOR_IDENTIFIER=Intel64 Family 6 Model 140 Stepping 1, GenuineIntel



---------------  S Y S T E M  ---------------

OS: Windows 11 , 64 bit Build 22000 (10.0.22000.708)
OS uptime: 0 days 5:38 hours
Hyper-V role detected

CPU:total 8 (initial active 8) (4 cores per cpu, 2 threads per core) family 6 model 140 stepping 1 microcode 0xa4, cmov, cx8, fxsr, mmx, sse, sse2, sse3, ssse3, sse4.1, sse4.2, popcnt, avx, avx2, aes, clmul, erms, 3dnowpref, lzcnt, ht, tsc, tscinvbit, bmi1, bmi2, adx, evex, sha, fma

Memory: 4k page, system-wide physical 7914M (456M free)
TotalPageFile size 29966M (AvailPageFile size 7M)
current process WorkingSet (physical memory assigned to process): 509M, peak: 543M
current process commit charge ("private bytes"): 616M, peak: 620M

vm_info: OpenJDK 64-Bit Server VM (11.0.13+0-b1751.21-8125866) for windows-amd64 JRE (11.0.13+0-b1751.21-8125866), built on Feb  2 2022 03:00:22 by "builder" with MS VC++ 14.0 (VS2015)

END.
