#
# There is insufficient memory for the Java Runtime Environment to continue.
# Native memory allocation (malloc) failed to allocate 546096 bytes for Chunk::new
# Possible reasons:
#   The system is out of physical RAM or swap space
#   The process is running with CompressedOops enabled, and the Java Heap may be blocking the growth of the native heap
# Possible solutions:
#   Reduce memory load on the system
#   Increase physical memory or swap space
#   Check if swap backing store is full
#   Decrease Java heap size (-Xmx/-Xms)
#   Decrease number of Java threads
#   Decrease Java thread stack sizes (-Xss)
#   Set larger code cache with -XX:ReservedCodeCacheSize=
#   JVM is running with Unscaled Compressed Oops mode in which the Java heap is
#     placed in the first 4GB address space. The Java Heap base address is the
#     maximum limit for the native heap growth. Please use -XX:HeapBaseMinAddress
#     to set the Java Heap base and to place the Java Heap above 4GB virtual address.
# This output file may be truncated or incomplete.
#
#  Out of Memory Error (./src/hotspot/share/memory/arena.cpp:197), pid=9056, tid=3756
#
# JRE version: OpenJDK Runtime Environment (11.0.13) (build 11.0.13+0-b1751.21-8125866)
# Java VM: OpenJDK 64-Bit Server VM (11.0.13+0-b1751.21-8125866, mixed mode, tiered, compressed oops, g1 gc, windows-amd64)
# No core dump will be written. Minidumps are not enabled by default on client versions of Windows
#

---------------  S U M M A R Y ------------

Command Line: --add-opens=java.base/java.util=ALL-UNNAMED --add-opens=java.base/java.lang=ALL-UNNAMED --add-opens=java.base/java.lang.invoke=ALL-UNNAMED --add-opens=java.base/java.util=ALL-UNNAMED --add-opens=java.prefs/java.util.prefs=ALL-UNNAMED --add-opens=java.prefs/java.util.prefs=ALL-UNNAMED --add-opens=java.base/java.nio.charset=ALL-UNNAMED --add-opens=java.base/java.net=ALL-UNNAMED --add-opens=java.base/java.util.concurrent.atomic=ALL-UNNAMED -Xmx2048m -Dfile.encoding=UTF-8 -Duser.country=IN -Duser.language=en -Duser.variant org.gradle.launcher.daemon.bootstrap.GradleDaemon 7.4

Host: 11th Gen Intel(R) Core(TM) i5-1135G7 @ 2.40GHz, 8 cores, 7G,  Windows 11 , 64 bit Build 22000 (10.0.22000.708)
Time: Sat Oct 29 22:36:57 2022 India Standard Time elapsed time: 262.416270 seconds (0d 0h 4m 22s)

---------------  T H R E A D  ---------------

Current thread (0x0000025ded89a000):  JavaThread "C2 CompilerThread0" daemon [_thread_in_native, id=3756, stack(0x000000927bf00000,0x000000927c000000)]


Current CompileTask:
C2: 262416 15047       4       java.lang.Module::implIsExportedOrOpen (92 bytes)

Stack: [0x000000927bf00000,0x000000927c000000]
Native frames: (J=compiled Java code, j=interpreted, Vv=VM code, C=native code)
V  [jvm.dll+0x6100fa]
V  [jvm.dll+0x747090]
V  [jvm.dll+0x7486ad]
V  [jvm.dll+0x748d83]
V  [jvm.dll+0x24ab48]
V  [jvm.dll+0xc04dc]
V  [jvm.dll+0xc0a0c]
V  [jvm.dll+0x2bfab4]
V  [jvm.dll+0x524238]
V  [jvm.dll+0x2045ac]
V  [jvm.dll+0x2023c2]
V  [jvm.dll+0x188e01]
V  [jvm.dll+0x21106b]
V  [jvm.dll+0x20f8c1]
V  [jvm.dll+0x70de0f]
V  [jvm.dll+0x706a75]
V  [jvm.dll+0x60ed66]
C  [ucrtbase.dll+0x26c0c]
C  [KERNEL32.DLL+0x154e0]
C  [ntdll.dll+0x485b]


---------------  P R O C E S S  ---------------

Threads class SMR info:
_java_thread_list=0x0000025df46ce4e0, length=38, elements={
0x0000025dd2a64000, 0x0000025decf19000, 0x0000025decf1c000, 0x0000025ded894800,
0x0000025ded895800, 0x0000025ded896800, 0x0000025ded89a000, 0x0000025ded89c800,
0x0000025ded8a2800, 0x0000025ded9ec000, 0x0000025def9bf000, 0x0000025deeed4800,
0x0000025def196800, 0x0000025defc12800, 0x0000025defc10800, 0x0000025defc10000,
0x0000025defc11800, 0x0000025defc14000, 0x0000025defc13000, 0x0000025defc0e800,
0x0000025defc15000, 0x0000025defc0f000, 0x0000025df1b30800, 0x0000025df1b35000,
0x0000025df1b2f000, 0x0000025df1b31800, 0x0000025df1b30000, 0x0000025df1b39000,
0x0000025df42d5000, 0x0000025df42d6800, 0x0000025df42ce800, 0x0000025df42cc800,
0x0000025df42c8800, 0x0000025df42cb000, 0x0000025df42c9800, 0x0000025df42d0000,
0x0000025df42cc000, 0x0000025df42cf000
}

Java Threads: ( => current thread )
  0x0000025dd2a64000 JavaThread "main" [_thread_blocked, id=7192, stack(0x000000927b300000,0x000000927b400000)]
  0x0000025decf19000 JavaThread "Reference Handler" daemon [_thread_blocked, id=7112, stack(0x000000927ba00000,0x000000927bb00000)]
  0x0000025decf1c000 JavaThread "Finalizer" daemon [_thread_blocked, id=12960, stack(0x000000927bb00000,0x000000927bc00000)]
  0x0000025ded894800 JavaThread "Signal Dispatcher" daemon [_thread_blocked, id=20696, stack(0x000000927bc00000,0x000000927bd00000)]
  0x0000025ded895800 JavaThread "Attach Listener" daemon [_thread_blocked, id=20284, stack(0x000000927bd00000,0x000000927be00000)]
  0x0000025ded896800 JavaThread "Service Thread" daemon [_thread_blocked, id=9472, stack(0x000000927be00000,0x000000927bf00000)]
=>0x0000025ded89a000 JavaThread "C2 CompilerThread0" daemon [_thread_in_native, id=3756, stack(0x000000927bf00000,0x000000927c000000)]
  0x0000025ded89c800 JavaThread "C1 CompilerThread0" daemon [_thread_blocked, id=12348, stack(0x000000927c000000,0x000000927c100000)]
  0x0000025ded8a2800 JavaThread "Sweeper thread" daemon [_thread_blocked, id=3476, stack(0x000000927c100000,0x000000927c200000)]
  0x0000025ded9ec000 JavaThread "Common-Cleaner" daemon [_thread_blocked, id=17432, stack(0x000000927c200000,0x000000927c300000)]
  0x0000025def9bf000 JavaThread "Daemon health stats" [_thread_blocked, id=15420, stack(0x000000927c500000,0x000000927c600000)]
  0x0000025deeed4800 JavaThread "Incoming local TCP Connector on port 56043" [_thread_in_native, id=20728, stack(0x000000927c800000,0x000000927c900000)]
  0x0000025def196800 JavaThread "Daemon periodic checks" [_thread_blocked, id=8036, stack(0x000000927c900000,0x000000927ca00000)]
  0x0000025defc12800 JavaThread "Cache worker for journal cache (E:\BUS APP\Android Payment Gateway APK\Android_Non-Seamless_Version.1.0\Non-Seamless\NonSeamless-Simple\caches\journal-1)" [_thread_blocked, id=18192, stack(0x000000927d100000,0x000000927d200000)]
  0x0000025defc10800 JavaThread "File lock request listener" [_thread_in_native, id=12728, stack(0x000000927d200000,0x000000927d300000)]
  0x0000025defc10000 JavaThread "Cache worker for file hash cache (E:\BUS APP\Android Payment Gateway APK\Android_Non-Seamless_Version.1.0\Non-Seamless\NonSeamless-Simple\caches\7.4\fileHashes)" [_thread_blocked, id=13132, stack(0x000000927d800000,0x000000927d900000)]
  0x0000025defc11800 JavaThread "File watcher server" daemon [_thread_in_native, id=17784, stack(0x000000927d900000,0x000000927da00000)]
  0x0000025defc14000 JavaThread "File watcher consumer" daemon [_thread_blocked, id=620, stack(0x000000927da00000,0x000000927db00000)]
  0x0000025defc13000 JavaThread "jar transforms" [_thread_blocked, id=4956, stack(0x000000927db00000,0x000000927dc00000)]
  0x0000025defc0e800 JavaThread "jar transforms Thread 2" [_thread_blocked, id=20496, stack(0x000000927dc00000,0x000000927dd00000)]
  0x0000025defc15000 JavaThread "jar transforms Thread 3" [_thread_blocked, id=13792, stack(0x000000927dd00000,0x000000927de00000)]
  0x0000025defc0f000 JavaThread "jar transforms Thread 4" [_thread_blocked, id=17628, stack(0x000000927de00000,0x000000927df00000)]
  0x0000025df1b30800 JavaThread "jar transforms Thread 5" [_thread_blocked, id=1464, stack(0x000000927df00000,0x000000927e000000)]
  0x0000025df1b35000 JavaThread "jar transforms Thread 6" [_thread_blocked, id=20432, stack(0x000000927e000000,0x000000927e100000)]
  0x0000025df1b2f000 JavaThread "jar transforms Thread 7" [_thread_blocked, id=8308, stack(0x000000927e100000,0x000000927e200000)]
  0x0000025df1b31800 JavaThread "jar transforms Thread 8" [_thread_blocked, id=12420, stack(0x000000927e200000,0x000000927e300000)]
  0x0000025df1b30000 JavaThread "Cache worker for execution history cache (E:\BUS APP\Android Payment Gateway APK\Android_Non-Seamless_Version.1.0\Non-Seamless\NonSeamless-Simple\caches\7.4\executionHistory)" [_thread_blocked, id=3800, stack(0x000000927e700000,0x000000927e800000)]
  0x0000025df1b39000 JavaThread "Cache worker for file content cache (E:\BUS APP\Android Payment Gateway APK\Android_Non-Seamless_Version.1.0\Non-Seamless\NonSeamless-Simple\caches\7.4\fileContent)" [_thread_blocked, id=17552, stack(0x000000927e800000,0x000000927e900000)]
  0x0000025df42d5000 JavaThread "Memory manager" [_thread_blocked, id=14860, stack(0x0000009203b00000,0x0000009203c00000)]
  0x0000025df42d6800 JavaThread "pool-3-thread-1" [_thread_blocked, id=15628, stack(0x0000009203c00000,0x0000009203d00000)]
  0x0000025df42ce800 JavaThread "Daemon Thread 2" [_thread_blocked, id=6288, stack(0x0000009200000000,0x0000009200100000)]
  0x0000025df42cc800 JavaThread "Daemon Thread 3" [_thread_blocked, id=18744, stack(0x0000009200100000,0x0000009200200000)]
  0x0000025df42c8800 JavaThread "Handler for socket connection from /127.0.0.1:56043 to /127.0.0.1:56212" [_thread_in_native, id=19816, stack(0x0000009200300000,0x0000009200400000)]
  0x0000025df42cb000 JavaThread "Cancel handler" [_thread_blocked, id=7648, stack(0x0000009200400000,0x0000009200500000)]
  0x0000025df42c9800 JavaThread "Daemon worker Thread 2" [_thread_in_Java, id=1268, stack(0x0000009200500000,0x0000009200600000)]
  0x0000025df42d0000 JavaThread "Asynchronous log dispatcher for DefaultDaemonConnection: socket connection from /127.0.0.1:56043 to /127.0.0.1:56212" [_thread_blocked, id=11600, stack(0x0000009200600000,0x0000009200700000)]
  0x0000025df42cc000 JavaThread "Stdin handler" [_thread_blocked, id=14872, stack(0x0000009200700000,0x0000009200800000)]
  0x0000025df42cf000 JavaThread "Daemon client event forwarder" [_thread_blocked, id=18516, stack(0x0000009200800000,0x0000009200900000)]

Other Threads:
  0x0000025decf11800 VMThread "VM Thread" [stack: 0x000000927b900000,0x000000927ba00000] [id=3808]
  0x0000025ded9ed000 WatcherThread [stack: 0x000000927c300000,0x000000927c400000] [id=18196]
  0x0000025dd2a7d000 GCTaskThread "GC Thread#0" [stack: 0x000000927b400000,0x000000927b500000] [id=17924]
  0x0000025dee1c1800 GCTaskThread "GC Thread#1" [stack: 0x000000927c400000,0x000000927c500000] [id=10956]
  0x0000025def17d000 GCTaskThread "GC Thread#2" [stack: 0x000000927c600000,0x000000927c700000] [id=592]
  0x0000025def1ca000 GCTaskThread "GC Thread#3" [stack: 0x000000927c700000,0x000000927c800000] [id=21124]
  0x0000025defc7b800 GCTaskThread "GC Thread#4" [stack: 0x000000927d300000,0x000000927d400000] [id=21284]
  0x0000025def28b000 GCTaskThread "GC Thread#5" [stack: 0x000000927d400000,0x000000927d500000] [id=8288]
  0x0000025def964000 GCTaskThread "GC Thread#6" [stack: 0x000000927d500000,0x000000927d600000] [id=32]
  0x0000025defc24800 GCTaskThread "GC Thread#7" [stack: 0x000000927d600000,0x000000927d700000] [id=19284]
  0x0000025dd2aaf000 ConcurrentGCThread "G1 Main Marker" [stack: 0x000000927b500000,0x000000927b600000] [id=716]
  0x0000025dd2ab0000 ConcurrentGCThread "G1 Conc#0" [stack: 0x000000927b600000,0x000000927b700000] [id=12252]
  0x0000025defc64000 ConcurrentGCThread "G1 Conc#1" [stack: 0x000000927d700000,0x000000927d800000] [id=19616]
  0x0000025decd60800 ConcurrentGCThread "G1 Refine#0" [stack: 0x000000927b700000,0x000000927b800000] [id=14388]
  0x0000025decd63000 ConcurrentGCThread "G1 Young RemSet Sampling" [stack: 0x000000927b800000,0x000000927b900000] [id=14272]

Threads with active compile tasks:
C2 CompilerThread0 262760 15047       4       java.lang.Module::implIsExportedOrOpen (92 bytes)

VM state:not at safepoint (normal execution)

VM Mutex/Monitor currently owned by a thread: None

Heap address: 0x0000000080000000, size: 2048 MB, Compressed Oops mode: 32-bit
Narrow klass base: 0x0000000000000000, Narrow klass shift: 3
Compressed class space size: 1073741824 Address: 0x0000000100000000

Heap:
 garbage-first heap   total 220160K, used 184630K [0x0000000080000000, 0x0000000100000000)
  region size 1024K, 3 young (3072K), 2 survivors (2048K)
 Metaspace       used 124955K, capacity 128186K, committed 128384K, reserved 1161216K
  class space    used 15577K, capacity 16686K, committed 16768K, reserved 1048576K
Heap Regions: E=young(eden), S=young(survivor), O=old, HS=humongous(starts), HC=humongous(continues), CS=collection set, F=free, A=archive, TAMS=top-at-mark-start (previous, next)
|   0|0x0000000080000000, 0x0000000080100000, 0x0000000080100000|100%| O|  |TAMS 0x0000000080100000, 0x0000000080000000| Untracked 
|   1|0x0000000080100000, 0x0000000080200000, 0x0000000080200000|100%| O|  |TAMS 0x0000000080200000, 0x0000000080100000| Untracked 
|   2|0x0000000080200000, 0x0000000080300000, 0x0000000080300000|100%| O|  |TAMS 0x0000000080300000, 0x0000000080200000| Untracked 
|   3|0x0000000080300000, 0x0000000080400000, 0x0000000080400000|100%|HS|  |TAMS 0x0000000080400000, 0x0000000080300000| Complete 
|   4|0x0000000080400000, 0x0000000080500000, 0x0000000080500000|100%|HC|  |TAMS 0x0000000080500000, 0x0000000080400000| Complete 
|   5|0x0000000080500000, 0x0000000080600000, 0x0000000080600000|100%|HC|  |TAMS 0x0000000080600000, 0x0000000080500000| Complete 
|   6|0x0000000080600000, 0x0000000080700000, 0x0000000080700000|100%| O|  |TAMS 0x0000000080700000, 0x0000000080600000| Untracked 
|   7|0x0000000080700000, 0x0000000080800000, 0x0000000080800000|100%| O|  |TAMS 0x0000000080800000, 0x0000000080700000| Untracked 
|   8|0x0000000080800000, 0x0000000080900000, 0x0000000080900000|100%| O|  |TAMS 0x0000000080900000, 0x0000000080800000| Untracked 
|   9|0x0000000080900000, 0x0000000080a00000, 0x0000000080a00000|100%| O|  |TAMS 0x0000000080a00000, 0x0000000080900000| Untracked 
|  10|0x0000000080a00000, 0x0000000080b00000, 0x0000000080b00000|100%| O|  |TAMS 0x0000000080b00000, 0x0000000080a00000| Untracked 
|  11|0x0000000080b00000, 0x0000000080c00000, 0x0000000080c00000|100%| O|  |TAMS 0x0000000080c00000, 0x0000000080b00000| Untracked 
|  12|0x0000000080c00000, 0x0000000080d00000, 0x0000000080d00000|100%| O|  |TAMS 0x0000000080d00000, 0x0000000080c00000| Untracked 
|  13|0x0000000080d00000, 0x0000000080e00000, 0x0000000080e00000|100%| O|  |TAMS 0x0000000080e00000, 0x0000000080d00000| Untracked 
|  14|0x0000000080e00000, 0x0000000080f00000, 0x0000000080f00000|100%| O|  |TAMS 0x0000000080f00000, 0x0000000080e00000| Untracked 
|  15|0x0000000080f00000, 0x0000000081000000, 0x0000000081000000|100%|HS|  |TAMS 0x0000000081000000, 0x0000000080f00000| Complete 
|  16|0x0000000081000000, 0x0000000081100000, 0x0000000081100000|100%|HC|  |TAMS 0x0000000081100000, 0x0000000081000000| Complete 
|  17|0x0000000081100000, 0x0000000081200000, 0x0000000081200000|100%|HS|  |TAMS 0x0000000081200000, 0x0000000081100000| Complete 
|  18|0x0000000081200000, 0x0000000081300000, 0x0000000081300000|100%|HC|  |TAMS 0x0000000081300000, 0x0000000081200000| Complete 
|  19|0x0000000081300000, 0x0000000081400000, 0x0000000081400000|100%|HC|  |TAMS 0x0000000081400000, 0x0000000081300000| Complete 
|  20|0x0000000081400000, 0x0000000081500000, 0x0000000081500000|100%|HS|  |TAMS 0x0000000081500000, 0x0000000081400000| Complete 
|  21|0x0000000081500000, 0x0000000081600000, 0x0000000081600000|100%|HC|  |TAMS 0x0000000081600000, 0x0000000081500000| Complete 
|  22|0x0000000081600000, 0x0000000081700000, 0x0000000081700000|100%|HC|  |TAMS 0x0000000081700000, 0x0000000081600000| Complete 
|  23|0x0000000081700000, 0x0000000081800000, 0x0000000081800000|100%|HS|  |TAMS 0x0000000081800000, 0x0000000081700000| Complete 
|  24|0x0000000081800000, 0x0000000081900000, 0x0000000081900000|100%|HC|  |TAMS 0x0000000081900000, 0x0000000081800000| Complete 
|  25|0x0000000081900000, 0x0000000081a00000, 0x0000000081a00000|100%|HC|  |TAMS 0x0000000081a00000, 0x0000000081900000| Complete 
|  26|0x0000000081a00000, 0x0000000081b00000, 0x0000000081b00000|100%|HC|  |TAMS 0x0000000081b00000, 0x0000000081a00000| Complete 
|  27|0x0000000081b00000, 0x0000000081c00000, 0x0000000081c00000|100%|HS|  |TAMS 0x0000000081c00000, 0x0000000081b00000| Complete 
|  28|0x0000000081c00000, 0x0000000081d00000, 0x0000000081d00000|100%|HC|  |TAMS 0x0000000081d00000, 0x0000000081c00000| Complete 
|  29|0x0000000081d00000, 0x0000000081e00000, 0x0000000081e00000|100%|HC|  |TAMS 0x0000000081e00000, 0x0000000081d00000| Complete 
|  30|0x0000000081e00000, 0x0000000081f00000, 0x0000000081f00000|100%|HC|  |TAMS 0x0000000081f00000, 0x0000000081e00000| Complete 
|  31|0x0000000081f00000, 0x0000000082000000, 0x0000000082000000|100%|HC|  |TAMS 0x0000000082000000, 0x0000000081f00000| Complete 
|  32|0x0000000082000000, 0x0000000082100000, 0x0000000082100000|100%| O|  |TAMS 0x0000000082100000, 0x0000000082000000| Untracked 
|  33|0x0000000082100000, 0x0000000082200000, 0x0000000082200000|100%| O|  |TAMS 0x0000000082200000, 0x0000000082100000| Untracked 
|  34|0x0000000082200000, 0x0000000082300000, 0x0000000082300000|100%| O|  |TAMS 0x0000000082300000, 0x0000000082200000| Untracked 
|  35|0x0000000082300000, 0x0000000082400000, 0x0000000082400000|100%| O|  |TAMS 0x0000000082400000, 0x0000000082300000| Untracked 
|  36|0x0000000082400000, 0x0000000082500000, 0x0000000082500000|100%| O|  |TAMS 0x0000000082500000, 0x0000000082400000| Untracked 
|  37|0x0000000082500000, 0x0000000082600000, 0x0000000082600000|100%| O|  |TAMS 0x0000000082600000, 0x0000000082500000| Untracked 
|  38|0x0000000082600000, 0x0000000082700000, 0x0000000082700000|100%| O|  |TAMS 0x0000000082700000, 0x0000000082600000| Untracked 
|  39|0x0000000082700000, 0x0000000082800000, 0x0000000082800000|100%| O|  |TAMS 0x0000000082800000, 0x0000000082700000| Untracked 
|  40|0x0000000082800000, 0x0000000082900000, 0x0000000082900000|100%| O|  |TAMS 0x0000000082900000, 0x0000000082800000| Untracked 
|  41|0x0000000082900000, 0x0000000082a00000, 0x0000000082a00000|100%| O|  |TAMS 0x0000000082a00000, 0x0000000082900000| Untracked 
|  42|0x0000000082a00000, 0x0000000082b00000, 0x0000000082b00000|100%| O|  |TAMS 0x0000000082b00000, 0x0000000082a00000| Untracked 
|  43|0x0000000082b00000, 0x0000000082c00000, 0x0000000082c00000|100%| O|  |TAMS 0x0000000082c00000, 0x0000000082b00000| Untracked 
|  44|0x0000000082c00000, 0x0000000082d00000, 0x0000000082d00000|100%| O|  |TAMS 0x0000000082d00000, 0x0000000082c00000| Untracked 
|  45|0x0000000082d00000, 0x0000000082e00000, 0x0000000082e00000|100%| O|  |TAMS 0x0000000082e00000, 0x0000000082d00000| Untracked 
|  46|0x0000000082e00000, 0x0000000082f00000, 0x0000000082f00000|100%| O|  |TAMS 0x0000000082f00000, 0x0000000082e00000| Untracked 
|  47|0x0000000082f00000, 0x0000000083000000, 0x0000000083000000|100%| O|  |TAMS 0x0000000083000000, 0x0000000082f00000| Untracked 
|  48|0x0000000083000000, 0x0000000083100000, 0x0000000083100000|100%| O|  |TAMS 0x0000000083100000, 0x0000000083000000| Untracked 
|  49|0x0000000083100000, 0x0000000083200000, 0x0000000083200000|100%|HS|  |TAMS 0x0000000083200000, 0x0000000083100000| Complete 
|  50|0x0000000083200000, 0x0000000083300000, 0x0000000083300000|100%|HC|  |TAMS 0x0000000083300000, 0x0000000083200000| Complete 
|  51|0x0000000083300000, 0x0000000083400000, 0x0000000083400000|100%|HC|  |TAMS 0x0000000083400000, 0x0000000083300000| Complete 
|  52|0x0000000083400000, 0x0000000083500000, 0x0000000083500000|100%|HC|  |TAMS 0x0000000083500000, 0x0000000083400000| Complete 
|  53|0x0000000083500000, 0x0000000083600000, 0x0000000083600000|100%|HS|  |TAMS 0x0000000083600000, 0x0000000083500000| Complete 
|  54|0x0000000083600000, 0x0000000083700000, 0x0000000083700000|100%|HC|  |TAMS 0x0000000083700000, 0x0000000083600000| Complete 
|  55|0x0000000083700000, 0x0000000083800000, 0x0000000083800000|100%|HC|  |TAMS 0x0000000083800000, 0x0000000083700000| Complete 
|  56|0x0000000083800000, 0x0000000083900000, 0x0000000083900000|100%|HS|  |TAMS 0x0000000083900000, 0x0000000083800000| Complete 
|  57|0x0000000083900000, 0x0000000083a00000, 0x0000000083a00000|100%|HC|  |TAMS 0x0000000083a00000, 0x0000000083900000| Complete 
|  58|0x0000000083a00000, 0x0000000083b00000, 0x0000000083b00000|100%|HS|  |TAMS 0x0000000083b00000, 0x0000000083a00000| Complete 
|  59|0x0000000083b00000, 0x0000000083c00000, 0x0000000083c00000|100%|HC|  |TAMS 0x0000000083c00000, 0x0000000083b00000| Complete 
|  60|0x0000000083c00000, 0x0000000083d00000, 0x0000000083d00000|100%|HC|  |TAMS 0x0000000083d00000, 0x0000000083c00000| Complete 
|  61|0x0000000083d00000, 0x0000000083e00000, 0x0000000083e00000|100%| O|  |TAMS 0x0000000083e00000, 0x0000000083d00000| Untracked 
|  62|0x0000000083e00000, 0x0000000083f00000, 0x0000000083f00000|100%| O|  |TAMS 0x0000000083f00000, 0x0000000083e00000| Untracked 
|  63|0x0000000083f00000, 0x0000000084000000, 0x0000000084000000|100%| O|  |TAMS 0x0000000084000000, 0x0000000083f00000| Untracked 
|  64|0x0000000084000000, 0x0000000084100000, 0x0000000084100000|100%| O|  |TAMS 0x0000000084100000, 0x0000000084000000| Untracked 
|  65|0x0000000084100000, 0x0000000084200000, 0x0000000084200000|100%| O|  |TAMS 0x0000000084200000, 0x0000000084100000| Untracked 
|  66|0x0000000084200000, 0x0000000084300000, 0x0000000084300000|100%| O|  |TAMS 0x0000000084300000, 0x0000000084200000| Untracked 
|  67|0x0000000084300000, 0x0000000084400000, 0x0000000084400000|100%| O|  |TAMS 0x0000000084400000, 0x0000000084300000| Untracked 
|  68|0x0000000084400000, 0x0000000084500000, 0x0000000084500000|100%| O|  |TAMS 0x0000000084500000, 0x0000000084400000| Untracked 
|  69|0x0000000084500000, 0x0000000084600000, 0x0000000084600000|100%| O|  |TAMS 0x0000000084600000, 0x0000000084500000| Untracked 
|  70|0x0000000084600000, 0x0000000084700000, 0x0000000084700000|100%|HS|  |TAMS 0x0000000084700000, 0x0000000084600000| Complete 
|  71|0x0000000084700000, 0x0000000084800000, 0x0000000084800000|100%|HC|  |TAMS 0x0000000084800000, 0x0000000084700000| Complete 
|  72|0x0000000084800000, 0x0000000084900000, 0x0000000084900000|100%|HC|  |TAMS 0x0000000084900000, 0x0000000084800000| Complete 
|  73|0x0000000084900000, 0x0000000084a00000, 0x0000000084a00000|100%|HC|  |TAMS 0x0000000084a00000, 0x0000000084900000| Complete 
|  74|0x0000000084a00000, 0x0000000084b00000, 0x0000000084b00000|100%|HC|  |TAMS 0x0000000084b00000, 0x0000000084a00000| Complete 
|  75|0x0000000084b00000, 0x0000000084c00000, 0x0000000084c00000|100%| O|  |TAMS 0x0000000084c00000, 0x0000000084b00000| Untracked 
|  76|0x0000000084c00000, 0x0000000084d00000, 0x0000000084d00000|100%| O|  |TAMS 0x0000000084d00000, 0x0000000084c00000| Untracked 
|  77|0x0000000084d00000, 0x0000000084e00000, 0x0000000084e00000|100%| O|  |TAMS 0x0000000084e00000, 0x0000000084d00000| Untracked 
|  78|0x0000000084e00000, 0x0000000084f00000, 0x0000000084f00000|100%| O|  |TAMS 0x0000000084f00000, 0x0000000084e00000| Untracked 
|  79|0x0000000084f00000, 0x0000000085000000, 0x0000000085000000|100%| O|  |TAMS 0x0000000085000000, 0x0000000084f00000| Untracked 
|  80|0x0000000085000000, 0x0000000085100000, 0x0000000085100000|100%|HS|  |TAMS 0x0000000085100000, 0x0000000085000000| Complete 
|  81|0x0000000085100000, 0x0000000085200000, 0x0000000085200000|100%|HS|  |TAMS 0x0000000085200000, 0x0000000085100000| Complete 
|  82|0x0000000085200000, 0x0000000085300000, 0x0000000085300000|100%| O|  |TAMS 0x0000000085300000, 0x0000000085200000| Untracked 
|  83|0x0000000085300000, 0x0000000085400000, 0x0000000085400000|100%|HS|  |TAMS 0x0000000085400000, 0x0000000085300000| Complete 
|  84|0x0000000085400000, 0x0000000085500000, 0x0000000085500000|100%| O|  |TAMS 0x0000000085500000, 0x0000000085400000| Untracked 
|  85|0x0000000085500000, 0x0000000085600000, 0x0000000085600000|100%| O|  |TAMS 0x0000000085600000, 0x0000000085500000| Untracked 
|  86|0x0000000085600000, 0x0000000085700000, 0x0000000085700000|100%|HS|  |TAMS 0x0000000085700000, 0x0000000085600000| Complete 
|  87|0x0000000085700000, 0x0000000085800000, 0x0000000085800000|100%|HC|  |TAMS 0x0000000085800000, 0x0000000085700000| Complete 
|  88|0x0000000085800000, 0x0000000085900000, 0x0000000085900000|100%|HC|  |TAMS 0x0000000085900000, 0x0000000085800000| Complete 
|  89|0x0000000085900000, 0x0000000085a00000, 0x0000000085a00000|100%| O|  |TAMS 0x0000000085a00000, 0x0000000085900000| Untracked 
|  90|0x0000000085a00000, 0x0000000085b00000, 0x0000000085b00000|100%| O|  |TAMS 0x0000000085b00000, 0x0000000085a00000| Untracked 
|  91|0x0000000085b00000, 0x0000000085c00000, 0x0000000085c00000|100%| O|  |TAMS 0x0000000085c00000, 0x0000000085b00000| Untracked 
|  92|0x0000000085c00000, 0x0000000085d00000, 0x0000000085d00000|100%| O|  |TAMS 0x0000000085d00000, 0x0000000085c00000| Untracked 
|  93|0x0000000085d00000, 0x0000000085e00000, 0x0000000085e00000|100%| O|  |TAMS 0x0000000085e00000, 0x0000000085d00000| Untracked 
|  94|0x0000000085e00000, 0x0000000085f00000, 0x0000000085f00000|100%|HS|  |TAMS 0x0000000085f00000, 0x0000000085e00000| Complete 
|  95|0x0000000085f00000, 0x0000000086000000, 0x0000000086000000|100%|HC|  |TAMS 0x0000000086000000, 0x0000000085f00000| Complete 
|  96|0x0000000086000000, 0x0000000086100000, 0x0000000086100000|100%| O|  |TAMS 0x0000000086100000, 0x0000000086000000| Untracked 
|  97|0x0000000086100000, 0x0000000086200000, 0x0000000086200000|100%| O|  |TAMS 0x0000000086200000, 0x0000000086100000| Untracked 
|  98|0x0000000086200000, 0x0000000086300000, 0x0000000086300000|100%| O|  |TAMS 0x0000000086300000, 0x0000000086200000| Untracked 
|  99|0x0000000086300000, 0x0000000086400000, 0x0000000086400000|100%| O|  |TAMS 0x0000000086400000, 0x0000000086300000| Untracked 
| 100|0x0000000086400000, 0x0000000086500000, 0x0000000086500000|100%| O|  |TAMS 0x0000000086500000, 0x0000000086400000| Untracked 
| 101|0x0000000086500000, 0x0000000086600000, 0x0000000086600000|100%| O|  |TAMS 0x0000000086600000, 0x0000000086500000| Untracked 
| 102|0x0000000086600000, 0x0000000086700000, 0x0000000086700000|100%| O|  |TAMS 0x0000000086700000, 0x0000000086600000| Untracked 
| 103|0x0000000086700000, 0x0000000086800000, 0x0000000086800000|100%| O|  |TAMS 0x0000000086800000, 0x0000000086700000| Untracked 
| 104|0x0000000086800000, 0x0000000086900000, 0x0000000086900000|100%| O|  |TAMS 0x0000000086900000, 0x0000000086800000| Untracked 
| 105|0x0000000086900000, 0x0000000086a00000, 0x0000000086a00000|100%| O|  |TAMS 0x0000000086a00000, 0x0000000086900000| Untracked 
| 106|0x0000000086a00000, 0x0000000086b00000, 0x0000000086b00000|100%| O|  |TAMS 0x0000000086b00000, 0x0000000086a00000| Untracked 
| 107|0x0000000086b00000, 0x0000000086c00000, 0x0000000086c00000|100%| O|  |TAMS 0x0000000086c00000, 0x0000000086b00000| Untracked 
| 108|0x0000000086c00000, 0x0000000086d00000, 0x0000000086d00000|100%| O|  |TAMS 0x0000000086d00000, 0x0000000086c00000| Untracked 
| 109|0x0000000086d00000, 0x0000000086d00000, 0x0000000086e00000|  0%| F|  |TAMS 0x0000000086d00000, 0x0000000086d00000| Untracked 
| 110|0x0000000086e00000, 0x0000000086f00000, 0x0000000086f00000|100%| O|  |TAMS 0x0000000086f00000, 0x0000000086e00000| Untracked 
| 111|0x0000000086f00000, 0x0000000087000000, 0x0000000087000000|100%| O|  |TAMS 0x0000000087000000, 0x0000000086f00000| Untracked 
| 112|0x0000000087000000, 0x0000000087100000, 0x0000000087100000|100%| O|  |TAMS 0x0000000087100000, 0x0000000087000000| Untracked 
| 113|0x0000000087100000, 0x0000000087200000, 0x0000000087200000|100%| O|  |TAMS 0x0000000087200000, 0x0000000087100000| Untracked 
| 114|0x0000000087200000, 0x0000000087300000, 0x0000000087300000|100%| O|  |TAMS 0x0000000087300000, 0x0000000087200000| Untracked 
| 115|0x0000000087300000, 0x0000000087400000, 0x0000000087400000|100%| O|  |TAMS 0x0000000087400000, 0x0000000087300000| Untracked 
| 116|0x0000000087400000, 0x0000000087500000, 0x0000000087500000|100%| O|  |TAMS 0x0000000087500000, 0x0000000087400000| Untracked 
| 117|0x0000000087500000, 0x0000000087600000, 0x0000000087600000|100%| O|  |TAMS 0x0000000087600000, 0x0000000087500000| Untracked 
| 118|0x0000000087600000, 0x0000000087700000, 0x0000000087700000|100%| O|  |TAMS 0x0000000087700000, 0x0000000087600000| Untracked 
| 119|0x0000000087700000, 0x0000000087800000, 0x0000000087800000|100%| O|  |TAMS 0x0000000087800000, 0x0000000087700000| Untracked 
| 120|0x0000000087800000, 0x0000000087900000, 0x0000000087900000|100%| O|  |TAMS 0x0000000087900000, 0x0000000087800000| Untracked 
| 121|0x0000000087900000, 0x0000000087a00000, 0x0000000087a00000|100%| O|  |TAMS 0x0000000087a00000, 0x0000000087900000| Untracked 
| 122|0x0000000087a00000, 0x0000000087b00000, 0x0000000087b00000|100%| O|  |TAMS 0x0000000087b00000, 0x0000000087a00000| Untracked 
| 123|0x0000000087b00000, 0x0000000087c00000, 0x0000000087c00000|100%|HS|  |TAMS 0x0000000087c00000, 0x0000000087b00000| Complete 
| 124|0x0000000087c00000, 0x0000000087d00000, 0x0000000087d00000|100%|HS|  |TAMS 0x0000000087d00000, 0x0000000087c00000| Complete 
| 125|0x0000000087d00000, 0x0000000087e00000, 0x0000000087e00000|100%|HC|  |TAMS 0x0000000087e00000, 0x0000000087d00000| Complete 
| 126|0x0000000087e00000, 0x0000000087f00000, 0x0000000087f00000|100%|HS|  |TAMS 0x0000000087f00000, 0x0000000087e00000| Complete 
| 127|0x0000000087f00000, 0x0000000088000000, 0x0000000088000000|100%|HC|  |TAMS 0x0000000088000000, 0x0000000087f00000| Complete 
| 128|0x0000000088000000, 0x0000000088100000, 0x0000000088100000|100%|HC|  |TAMS 0x0000000088100000, 0x0000000088000000| Complete 
| 129|0x0000000088100000, 0x0000000088200000, 0x0000000088200000|100%|HS|  |TAMS 0x0000000088200000, 0x0000000088100000| Complete 
| 130|0x0000000088200000, 0x0000000088300000, 0x0000000088300000|100%|HC|  |TAMS 0x0000000088300000, 0x0000000088200000| Complete 
| 131|0x0000000088300000, 0x0000000088400000, 0x0000000088400000|100%|HC|  |TAMS 0x0000000088400000, 0x0000000088300000| Complete 
| 132|0x0000000088400000, 0x0000000088500000, 0x0000000088500000|100%|HS|  |TAMS 0x0000000088500000, 0x0000000088400000| Complete 
| 133|0x0000000088500000, 0x0000000088600000, 0x0000000088600000|100%|HC|  |TAMS 0x0000000088600000, 0x0000000088500000| Complete 
| 134|0x0000000088600000, 0x0000000088700000, 0x0000000088700000|100%|HC|  |TAMS 0x0000000088700000, 0x0000000088600000| Complete 
| 135|0x0000000088700000, 0x0000000088800000, 0x0000000088800000|100%|HC|  |TAMS 0x0000000088800000, 0x0000000088700000| Complete 
| 136|0x0000000088800000, 0x0000000088900000, 0x0000000088900000|100%|HS|  |TAMS 0x0000000088900000, 0x0000000088800000| Complete 
| 137|0x0000000088900000, 0x0000000088a00000, 0x0000000088a00000|100%|HC|  |TAMS 0x0000000088a00000, 0x0000000088900000| Complete 
| 138|0x0000000088a00000, 0x0000000088b00000, 0x0000000088b00000|100%|HC|  |TAMS 0x0000000088b00000, 0x0000000088a00000| Complete 
| 139|0x0000000088b00000, 0x0000000088c00000, 0x0000000088c00000|100%|HC|  |TAMS 0x0000000088c00000, 0x0000000088b00000| Complete 
| 140|0x0000000088c00000, 0x0000000088d00000, 0x0000000088d00000|100%|HC|  |TAMS 0x0000000088d00000, 0x0000000088c00000| Complete 
| 141|0x0000000088d00000, 0x0000000088e00000, 0x0000000088e00000|100%|HS|  |TAMS 0x0000000088e00000, 0x0000000088d00000| Complete 
| 142|0x0000000088e00000, 0x0000000088f00000, 0x0000000088f00000|100%| O|  |TAMS 0x0000000088f00000, 0x0000000088e00000| Untracked 
| 143|0x0000000088f00000, 0x0000000089000000, 0x0000000089000000|100%| O|  |TAMS 0x0000000089000000, 0x0000000088f00000| Untracked 
| 144|0x0000000089000000, 0x0000000089100000, 0x0000000089100000|100%| O|  |TAMS 0x0000000089100000, 0x0000000089000000| Untracked 
| 145|0x0000000089100000, 0x0000000089200000, 0x0000000089200000|100%| O|  |TAMS 0x0000000089200000, 0x0000000089100000| Untracked 
| 146|0x0000000089200000, 0x0000000089300000, 0x0000000089300000|100%| O|  |TAMS 0x0000000089300000, 0x0000000089200000| Untracked 
| 147|0x0000000089300000, 0x0000000089400000, 0x0000000089400000|100%| O|  |TAMS 0x0000000089400000, 0x0000000089300000| Untracked 
| 148|0x0000000089400000, 0x0000000089500000, 0x0000000089500000|100%| O|  |TAMS 0x0000000089500000, 0x0000000089400000| Untracked 
| 149|0x0000000089500000, 0x0000000089600000, 0x0000000089600000|100%| O|  |TAMS 0x0000000089600000, 0x0000000089500000| Untracked 
| 150|0x0000000089600000, 0x0000000089700000, 0x0000000089700000|100%| O|  |TAMS 0x0000000089700000, 0x0000000089600000| Untracked 
| 151|0x0000000089700000, 0x0000000089800000, 0x0000000089800000|100%| O|  |TAMS 0x0000000089800000, 0x0000000089700000| Untracked 
| 152|0x0000000089800000, 0x0000000089900000, 0x0000000089900000|100%| O|  |TAMS 0x0000000089900000, 0x0000000089800000| Untracked 
| 153|0x0000000089900000, 0x0000000089a00000, 0x0000000089a00000|100%| O|  |TAMS 0x0000000089a00000, 0x0000000089900000| Untracked 
| 154|0x0000000089a00000, 0x0000000089b00000, 0x0000000089b00000|100%| O|  |TAMS 0x0000000089b00000, 0x0000000089a00000| Untracked 
| 155|0x0000000089b00000, 0x0000000089c00000, 0x0000000089c00000|100%| O|  |TAMS 0x0000000089c00000, 0x0000000089b00000| Untracked 
| 156|0x0000000089c00000, 0x0000000089d00000, 0x0000000089d00000|100%| O|  |TAMS 0x0000000089d00000, 0x0000000089c00000| Untracked 
| 157|0x0000000089d00000, 0x0000000089e00000, 0x0000000089e00000|100%| O|  |TAMS 0x0000000089e00000, 0x0000000089d00000| Untracked 
| 158|0x0000000089e00000, 0x0000000089f00000, 0x0000000089f00000|100%| O|  |TAMS 0x0000000089f00000, 0x0000000089e00000| Untracked 
| 159|0x0000000089f00000, 0x000000008a000000, 0x000000008a000000|100%| O|  |TAMS 0x000000008a000000, 0x0000000089f00000| Untracked 
| 160|0x000000008a000000, 0x000000008a100000, 0x000000008a100000|100%| O|  |TAMS 0x000000008a100000, 0x000000008a000000| Untracked 
| 161|0x000000008a100000, 0x000000008a200000, 0x000000008a200000|100%| O|  |TAMS 0x000000008a200000, 0x000000008a100000| Untracked 
| 162|0x000000008a200000, 0x000000008a300000, 0x000000008a300000|100%| O|  |TAMS 0x000000008a300000, 0x000000008a200000| Untracked 
| 163|0x000000008a300000, 0x000000008a400000, 0x000000008a400000|100%| O|  |TAMS 0x000000008a400000, 0x000000008a300000| Untracked 
| 164|0x000000008a400000, 0x000000008a500000, 0x000000008a500000|100%| O|  |TAMS 0x000000008a500000, 0x000000008a400000| Untracked 
| 165|0x000000008a500000, 0x000000008a600000, 0x000000008a600000|100%| O|  |TAMS 0x000000008a600000, 0x000000008a500000| Untracked 
| 166|0x000000008a600000, 0x000000008a700000, 0x000000008a700000|100%| O|  |TAMS 0x000000008a700000, 0x000000008a600000| Untracked 
| 167|0x000000008a700000, 0x000000008a800000, 0x000000008a800000|100%| O|  |TAMS 0x000000008a800000, 0x000000008a700000| Untracked 
| 168|0x000000008a800000, 0x000000008a900000, 0x000000008a900000|100%| O|  |TAMS 0x000000008a900000, 0x000000008a800000| Untracked 
| 169|0x000000008a900000, 0x000000008aa00000, 0x000000008aa00000|100%| O|  |TAMS 0x000000008aa00000, 0x000000008a900000| Untracked 
| 170|0x000000008aa00000, 0x000000008ab00000, 0x000000008ab00000|100%| O|  |TAMS 0x000000008ab00000, 0x000000008aa00000| Untracked 
| 171|0x000000008ab00000, 0x000000008ac00000, 0x000000008ac00000|100%| O|  |TAMS 0x000000008ac00000, 0x000000008ab00000| Untracked 
| 172|0x000000008ac00000, 0x000000008ad00000, 0x000000008ad00000|100%| O|  |TAMS 0x000000008ad00000, 0x000000008ac00000| Untracked 
| 173|0x000000008ad00000, 0x000000008ae00000, 0x000000008ae00000|100%| O|  |TAMS 0x000000008ae00000, 0x000000008ad00000| Untracked 
| 174|0x000000008ae00000, 0x000000008af00000, 0x000000008af00000|100%| O|  |TAMS 0x000000008af00000, 0x000000008ae00000| Untracked 
| 175|0x000000008af00000, 0x000000008b000000, 0x000000008b000000|100%| O|  |TAMS 0x000000008b000000, 0x000000008af00000| Untracked 
| 176|0x000000008b000000, 0x000000008b100000, 0x000000008b100000|100%| O|  |TAMS 0x000000008b100000, 0x000000008b000000| Untracked 
| 177|0x000000008b100000, 0x000000008b200000, 0x000000008b200000|100%| O|  |TAMS 0x000000008b200000, 0x000000008b100000| Untracked 
| 178|0x000000008b200000, 0x000000008b300000, 0x000000008b300000|100%| O|  |TAMS 0x000000008b300000, 0x000000008b200000| Untracked 
| 179|0x000000008b300000, 0x000000008b400000, 0x000000008b400000|100%| O|  |TAMS 0x000000008b400000, 0x000000008b300000| Untracked 
| 180|0x000000008b400000, 0x000000008b437a00, 0x000000008b500000| 21%| O|  |TAMS 0x000000008b40ec00, 0x000000008b400000| Untracked 
| 181|0x000000008b500000, 0x000000008b500000, 0x000000008b600000|  0%| F|  |TAMS 0x000000008b500000, 0x000000008b500000| Untracked 
| 182|0x000000008b600000, 0x000000008b600000, 0x000000008b700000|  0%| F|  |TAMS 0x000000008b600000, 0x000000008b600000| Untracked 
| 183|0x000000008b700000, 0x000000008b700000, 0x000000008b800000|  0%| F|  |TAMS 0x000000008b700000, 0x000000008b700000| Untracked 
| 184|0x000000008b800000, 0x000000008b800000, 0x000000008b900000|  0%| F|  |TAMS 0x000000008b800000, 0x000000008b800000| Untracked 
| 185|0x000000008b900000, 0x000000008b900000, 0x000000008ba00000|  0%| F|  |TAMS 0x000000008b900000, 0x000000008b900000| Untracked 
| 186|0x000000008ba00000, 0x000000008ba00000, 0x000000008bb00000|  0%| F|  |TAMS 0x000000008ba00000, 0x000000008ba00000| Untracked 
| 187|0x000000008bb00000, 0x000000008bb00000, 0x000000008bc00000|  0%| F|  |TAMS 0x000000008bb00000, 0x000000008bb00000| Untracked 
| 188|0x000000008bc00000, 0x000000008bc00000, 0x000000008bd00000|  0%| F|  |TAMS 0x000000008bc00000, 0x000000008bc00000| Untracked 
| 189|0x000000008bd00000, 0x000000008bd00000, 0x000000008be00000|  0%| F|  |TAMS 0x000000008bd00000, 0x000000008bd00000| Untracked 
| 190|0x000000008be00000, 0x000000008be00000, 0x000000008bf00000|  0%| F|  |TAMS 0x000000008be00000, 0x000000008be00000| Untracked 
| 191|0x000000008bf00000, 0x000000008bf00000, 0x000000008c000000|  0%| F|  |TAMS 0x000000008bf00000, 0x000000008bf00000| Untracked 
| 192|0x000000008c000000, 0x000000008c000000, 0x000000008c100000|  0%| F|  |TAMS 0x000000008c000000, 0x000000008c000000| Untracked 
| 193|0x000000008c100000, 0x000000008c100000, 0x000000008c200000|  0%| F|  |TAMS 0x000000008c100000, 0x000000008c100000| Untracked 
| 194|0x000000008c200000, 0x000000008c200000, 0x000000008c300000|  0%| F|  |TAMS 0x000000008c200000, 0x000000008c200000| Untracked 
| 195|0x000000008c300000, 0x000000008c300000, 0x000000008c400000|  0%| F|  |TAMS 0x000000008c300000, 0x000000008c300000| Untracked 
| 196|0x000000008c400000, 0x000000008c400000, 0x000000008c500000|  0%| F|  |TAMS 0x000000008c400000, 0x000000008c400000| Untracked 
| 197|0x000000008c500000, 0x000000008c500000, 0x000000008c600000|  0%| F|  |TAMS 0x000000008c500000, 0x000000008c500000| Untracked 
| 198|0x000000008c600000, 0x000000008c600000, 0x000000008c700000|  0%| F|  |TAMS 0x000000008c600000, 0x000000008c600000| Untracked 
| 199|0x000000008c700000, 0x000000008c700000, 0x000000008c800000|  0%| F|  |TAMS 0x000000008c700000, 0x000000008c700000| Untracked 
| 200|0x000000008c800000, 0x000000008c800000, 0x000000008c900000|  0%| F|  |TAMS 0x000000008c800000, 0x000000008c800000| Untracked 
| 201|0x000000008c900000, 0x000000008c900000, 0x000000008ca00000|  0%| F|  |TAMS 0x000000008c900000, 0x000000008c900000| Untracked 
| 202|0x000000008ca00000, 0x000000008ca00000, 0x000000008cb00000|  0%| F|  |TAMS 0x000000008ca00000, 0x000000008ca00000| Untracked 
| 203|0x000000008cb00000, 0x000000008cb15fe0, 0x000000008cc00000|  8%| S|CS|TAMS 0x000000008cb00000, 0x000000008cb00000| Complete 
| 204|0x000000008cc00000, 0x000000008cc00000, 0x000000008cd00000|  0%| F|  |TAMS 0x000000008cc00000, 0x000000008cc00000| Untracked 
| 205|0x000000008cd00000, 0x000000008ce00000, 0x000000008ce00000|100%| S|CS|TAMS 0x000000008cd00000, 0x000000008cd00000| Complete 
| 206|0x000000008ce00000, 0x000000008ce00000, 0x000000008cf00000|  0%| F|  |TAMS 0x000000008ce00000, 0x000000008ce00000| Untracked 
| 207|0x000000008cf00000, 0x000000008cf00000, 0x000000008d000000|  0%| F|  |TAMS 0x000000008cf00000, 0x000000008cf00000| Untracked 
| 208|0x000000008d000000, 0x000000008d000000, 0x000000008d100000|  0%| F|  |TAMS 0x000000008d000000, 0x000000008d000000| Untracked 
| 209|0x000000008d100000, 0x000000008d100000, 0x000000008d200000|  0%| F|  |TAMS 0x000000008d100000, 0x000000008d100000| Untracked 
| 210|0x000000008d200000, 0x000000008d200000, 0x000000008d300000|  0%| F|  |TAMS 0x000000008d200000, 0x000000008d200000| Untracked 
| 211|0x000000008d300000, 0x000000008d300000, 0x000000008d400000|  0%| F|  |TAMS 0x000000008d300000, 0x000000008d300000| Untracked 
| 212|0x000000008d400000, 0x000000008d400000, 0x000000008d500000|  0%| F|  |TAMS 0x000000008d400000, 0x000000008d400000| Untracked 
| 213|0x000000008d500000, 0x000000008d500000, 0x000000008d600000|  0%| F|  |TAMS 0x000000008d500000, 0x000000008d500000| Untracked 
| 214|0x000000008d600000, 0x000000008d635350, 0x000000008d700000| 20%| E|  |TAMS 0x000000008d600000, 0x000000008d600000| Complete 

Card table byte_map: [0x0000025de5cb0000,0x0000025de60b0000] _byte_map_base: 0x0000025de58b0000

Marking Bits (Prev, Next): (CMBitMap*) 0x0000025dd2aa4f58, (CMBitMap*) 0x0000025dd2aa4f90
 Prev Bits: [0x0000025de64b0000, 0x0000025de84b0000)
 Next Bits: [0x0000025de84b0000, 0x0000025dea4b0000)

Polling page: 0x0000025dd0a40000

Metaspace:

Usage:
  Non-class:    108.89 MB capacity,   106.81 MB ( 98%) used,     1.74 MB (  2%) free+waste,   342.88 KB ( <1%) overhead. 
      Class:     16.29 MB capacity,    15.21 MB ( 93%) used,   957.00 KB (  6%) free+waste,   151.69 KB ( <1%) overhead. 
       Both:    125.18 MB capacity,   122.03 MB ( 97%) used,     2.67 MB (  2%) free+waste,   494.56 KB ( <1%) overhead. 

Virtual space:
  Non-class space:      110.00 MB reserved,     109.00 MB (>99%) committed 
      Class space:        1.00 GB reserved,      16.38 MB (  2%) committed 
             Both:        1.11 GB reserved,     125.38 MB ( 11%) committed 

Chunk freelists:
   Non-Class:  0 bytes
       Class:  18.00 KB
        Both:  18.00 KB

MaxMetaspaceSize: 17179869184.00 GB
CompressedClassSpaceSize: 1.00 GB
Initial GC threshold: 20.80 MB
Current GC threshold: 203.96 MB
CDS: off

CodeHeap 'non-profiled nmethods': size=120000Kb used=8931Kb max_used=8931Kb free=111068Kb
 bounds [0x0000025dde050000, 0x0000025dde910000, 0x0000025de5580000]
CodeHeap 'profiled nmethods': size=120000Kb used=32743Kb max_used=32743Kb free=87256Kb
 bounds [0x0000025dd6b20000, 0x0000025dd8b20000, 0x0000025dde050000]
CodeHeap 'non-nmethods': size=5760Kb used=2479Kb max_used=2550Kb free=3280Kb
 bounds [0x0000025dd6580000, 0x0000025dd6810000, 0x0000025dd6b20000]
 total_blobs=15807 nmethods=14796 adapters=923
 compilation: enabled
              stopped_count=0, restarted_count=0
 full_count=0

Compilation events (20 events):
Event: 262.156 Thread 0x0000025ded89c800 nmethod 15038 0x0000025dd8b0e690 code [0x0000025dd8b0e860, 0x0000025dd8b0e9e8]
Event: 262.156 Thread 0x0000025ded89c800 15039       3       java.lang.ProcessEnvironment::put (16 bytes)
Event: 262.157 Thread 0x0000025ded89c800 nmethod 15039 0x0000025dd8b0eb10 code [0x0000025dd8b0ed20, 0x0000025dd8b0f158]
Event: 262.162 Thread 0x0000025ded89c800 15040       3       java.lang.String::format (16 bytes)
Event: 262.164 Thread 0x0000025ded89c800 nmethod 15040 0x0000025dd8b0f310 code [0x0000025dd8b0f580, 0x0000025dd8b0fe88]
Event: 262.166 Thread 0x0000025ded89a000 15041       4       java.util.HashMap::<init> (8 bytes)
Event: 262.167 Thread 0x0000025ded89a000 nmethod 15041 0x0000025dde908910 code [0x0000025dde908aa0, 0x0000025dde908b58]
Event: 262.269 Thread 0x0000025ded89c800 15042       3       org.gradle.internal.work.DefaultWorkerLeaseService$WorkerLeaseLockRegistry::getResourceLock (50 bytes)
Event: 262.284 Thread 0x0000025ded89c800 nmethod 15042 0x0000025dd8b10210 code [0x0000025dd8b105a0, 0x0000025dd8b11e78]
Event: 262.373 Thread 0x0000025ded89c800 15043       3       org.gradle.internal.service.InjectUtil::isPackagePrivate (27 bytes)
Event: 262.374 Thread 0x0000025ded89c800 nmethod 15043 0x0000025dd8b12890 code [0x0000025dd8b12a60, 0x0000025dd8b12e38]
Event: 262.374 Thread 0x0000025ded89c800 15044       3       org.gradle.internal.service.DefaultServiceRegistry::findProviderMethods (203 bytes)
Event: 262.384 Thread 0x0000025ded89a000 15047       4       java.lang.Module::implIsExportedOrOpen (92 bytes)
Event: 262.385 Thread 0x0000025ded89c800 nmethod 15044 0x0000025dd8b12f10 code [0x0000025dd8b134e0, 0x0000025dd8b16a58]
Event: 262.385 Thread 0x0000025ded89c800 15045       3       org.gradle.internal.service.RelevantMethods::getMethods (35 bytes)
Event: 262.386 Thread 0x0000025ded89c800 nmethod 15045 0x0000025dd8b17b90 code [0x0000025dd8b17dc0, 0x0000025dd8b18388]
Event: 262.386 Thread 0x0000025ded89c800 15046       3       org.gradle.internal.service.DefaultServiceRegistry$1::add (24 bytes)
Event: 262.386 Thread 0x0000025ded89c800 nmethod 15046 0x0000025dd8b18610 code [0x0000025dd8b187e0, 0x0000025dd8b18a58]
Event: 262.402 Thread 0x0000025ded89c800 15049       3       org.gradle.internal.event.DefaultListenerManager$EventBroadcast$ListenerDispatch::<init> (16 bytes)
Event: 262.403 Thread 0x0000025ded89c800 nmethod 15049 0x0000025dd8b18c10 code [0x0000025dd8b18de0, 0x0000025dd8b19058]

GC Heap History (20 events):
Event: 55.072 GC heap before
{Heap before GC invocations=126 (full 0):
 garbage-first heap   total 220160K, used 192566K [0x0000000080000000, 0x0000000100000000)
  region size 1024K, 13 young (13312K), 2 survivors (2048K)
 Metaspace       used 119249K, capacity 122163K, committed 122368K, reserved 1155072K
  class space    used 15029K, capacity 16075K, committed 16128K, reserved 1048576K
}
Event: 55.075 GC heap after
{Heap after GC invocations=127 (full 0):
 garbage-first heap   total 220160K, used 182816K [0x0000000080000000, 0x0000000100000000)
  region size 1024K, 2 young (2048K), 2 survivors (2048K)
 Metaspace       used 119249K, capacity 122163K, committed 122368K, reserved 1155072K
  class space    used 15029K, capacity 16075K, committed 16128K, reserved 1048576K
}
Event: 57.227 GC heap before
{Heap before GC invocations=128 (full 0):
 garbage-first heap   total 220160K, used 194080K [0x0000000080000000, 0x0000000100000000)
  region size 1024K, 13 young (13312K), 2 survivors (2048K)
 Metaspace       used 119468K, capacity 122399K, committed 122624K, reserved 1155072K
  class space    used 15049K, capacity 16119K, committed 16128K, reserved 1048576K
}
Event: 57.230 GC heap after
{Heap after GC invocations=129 (full 0):
 garbage-first heap   total 220160K, used 183487K [0x0000000080000000, 0x0000000100000000)
  region size 1024K, 2 young (2048K), 2 survivors (2048K)
 Metaspace       used 119468K, capacity 122399K, committed 122624K, reserved 1155072K
  class space    used 15049K, capacity 16119K, committed 16128K, reserved 1048576K
}
Event: 57.396 GC heap before
{Heap before GC invocations=129 (full 0):
 garbage-first heap   total 220160K, used 193727K [0x0000000080000000, 0x0000000100000000)
  region size 1024K, 12 young (12288K), 2 survivors (2048K)
 Metaspace       used 119770K, capacity 122796K, committed 123008K, reserved 1157120K
  class space    used 15101K, capacity 16139K, committed 16256K, reserved 1048576K
}
Event: 57.401 GC heap after
{Heap after GC invocations=130 (full 0):
 garbage-first heap   total 220160K, used 184435K [0x0000000080000000, 0x0000000100000000)
  region size 1024K, 2 young (2048K), 2 survivors (2048K)
 Metaspace       used 119770K, capacity 122796K, committed 123008K, reserved 1157120K
  class space    used 15101K, capacity 16139K, committed 16256K, reserved 1048576K
}
Event: 57.484 GC heap before
{Heap before GC invocations=130 (full 0):
 garbage-first heap   total 220160K, used 193651K [0x0000000080000000, 0x0000000100000000)
  region size 1024K, 11 young (11264K), 2 survivors (2048K)
 Metaspace       used 119927K, capacity 122956K, committed 123264K, reserved 1157120K
  class space    used 15126K, capacity 16171K, committed 16256K, reserved 1048576K
}
Event: 57.487 GC heap after
{Heap after GC invocations=131 (full 0):
 garbage-first heap   total 220160K, used 184596K [0x0000000080000000, 0x0000000100000000)
  region size 1024K, 1 young (1024K), 1 survivors (1024K)
 Metaspace       used 119927K, capacity 122956K, committed 123264K, reserved 1157120K
  class space    used 15126K, capacity 16171K, committed 16256K, reserved 1048576K
}
Event: 57.525 GC heap before
{Heap before GC invocations=131 (full 0):
 garbage-first heap   total 220160K, used 193812K [0x0000000080000000, 0x0000000100000000)
  region size 1024K, 10 young (10240K), 1 survivors (1024K)
 Metaspace       used 120252K, capacity 123244K, committed 123520K, reserved 1157120K
  class space    used 15156K, capacity 16203K, committed 16256K, reserved 1048576K
}
Event: 57.526 GC heap after
{Heap after GC invocations=132 (full 0):
 garbage-first heap   total 220160K, used 184548K [0x0000000080000000, 0x0000000100000000)
  region size 1024K, 1 young (1024K), 1 survivors (1024K)
 Metaspace       used 120252K, capacity 123244K, committed 123520K, reserved 1157120K
  class space    used 15156K, capacity 16203K, committed 16256K, reserved 1048576K
}
Event: 57.602 GC heap before
{Heap before GC invocations=132 (full 0):
 garbage-first heap   total 220160K, used 193764K [0x0000000080000000, 0x0000000100000000)
  region size 1024K, 10 young (10240K), 1 survivors (1024K)
 Metaspace       used 120542K, capacity 123532K, committed 123776K, reserved 1157120K
  class space    used 15201K, capacity 16235K, committed 16256K, reserved 1048576K
}
Event: 57.603 GC heap after
{Heap after GC invocations=133 (full 0):
 garbage-first heap   total 220160K, used 184499K [0x0000000080000000, 0x0000000100000000)
  region size 1024K, 1 young (1024K), 1 survivors (1024K)
 Metaspace       used 120542K, capacity 123532K, committed 123776K, reserved 1157120K
  class space    used 15201K, capacity 16235K, committed 16256K, reserved 1048576K
}
Event: 57.837 GC heap before
{Heap before GC invocations=134 (full 0):
 garbage-first heap   total 220160K, used 193715K [0x0000000080000000, 0x0000000100000000)
  region size 1024K, 10 young (10240K), 1 survivors (1024K)
 Metaspace       used 120952K, capacity 124010K, committed 124160K, reserved 1157120K
  class space    used 15258K, capacity 16288K, committed 16384K, reserved 1048576K
}
Event: 57.838 GC heap after
{Heap after GC invocations=135 (full 0):
 garbage-first heap   total 220160K, used 184794K [0x0000000080000000, 0x0000000100000000)
  region size 1024K, 1 young (1024K), 1 survivors (1024K)
 Metaspace       used 120952K, capacity 124010K, committed 124160K, reserved 1157120K
  class space    used 15258K, capacity 16288K, committed 16384K, reserved 1048576K
}
Event: 59.472 GC heap before
{Heap before GC invocations=135 (full 0):
 garbage-first heap   total 220160K, used 194010K [0x0000000080000000, 0x0000000100000000)
  region size 1024K, 10 young (10240K), 1 survivors (1024K)
 Metaspace       used 121980K, capacity 125194K, committed 125312K, reserved 1159168K
  class space    used 15370K, capacity 16485K, committed 16512K, reserved 1048576K
}
Event: 59.476 GC heap after
{Heap after GC invocations=136 (full 0):
 garbage-first heap   total 220160K, used 185364K [0x0000000080000000, 0x0000000100000000)
  region size 1024K, 1 young (1024K), 1 survivors (1024K)
 Metaspace       used 121980K, capacity 125194K, committed 125312K, reserved 1159168K
  class space    used 15370K, capacity 16485K, committed 16512K, reserved 1048576K
}
Event: 61.000 GC heap before
{Heap before GC invocations=137 (full 0):
 garbage-first heap   total 220160K, used 193556K [0x0000000080000000, 0x0000000100000000)
  region size 1024K, 10 young (10240K), 1 survivors (1024K)
 Metaspace       used 123881K, capacity 127114K, committed 127232K, reserved 1159168K
  class space    used 15519K, capacity 16613K, committed 16640K, reserved 1048576K
}
Event: 61.002 GC heap after
{Heap after GC invocations=138 (full 0):
 garbage-first heap   total 220160K, used 185242K [0x0000000080000000, 0x0000000100000000)
  region size 1024K, 1 young (1024K), 1 survivors (1024K)
 Metaspace       used 123881K, capacity 127114K, committed 127232K, reserved 1159168K
  class space    used 15519K, capacity 16613K, committed 16640K, reserved 1048576K
}
Event: 262.309 GC heap before
{Heap before GC invocations=138 (full 0):
 garbage-first heap   total 220160K, used 194458K [0x0000000080000000, 0x0000000100000000)
  region size 1024K, 10 young (10240K), 1 survivors (1024K)
 Metaspace       used 124939K, capacity 128183K, committed 128384K, reserved 1161216K
  class space    used 15576K, capacity 16685K, committed 16768K, reserved 1048576K
}
Event: 262.369 GC heap after
{Heap after GC invocations=139 (full 0):
 garbage-first heap   total 220160K, used 184630K [0x0000000080000000, 0x0000000100000000)
  region size 1024K, 2 young (2048K), 2 survivors (2048K)
 Metaspace       used 124939K, capacity 128183K, committed 128384K, reserved 1161216K
  class space    used 15576K, capacity 16685K, committed 16768K, reserved 1048576K
}

Deoptimization events (20 events):
Event: 62.006 Thread 0x0000025def196800 Uncommon trap: trap_request=0xffffff4d fr.pc=0x0000025dde44e3fc relative=0x000000000000069c
Event: 62.006 Thread 0x0000025def196800 Uncommon trap: reason=unstable_if action=reinterpret pc=0x0000025dde44e3fc method=java.lang.AbstractStringBuilder.append(Ljava/lang/String;)Ljava/lang/AbstractStringBuilder; @ 1 c2
Event: 62.006 Thread 0x0000025def196800 DEOPT PACKING pc=0x0000025dde44e3fc sp=0x000000927c9fe660
Event: 62.006 Thread 0x0000025def196800 DEOPT UNPACKING pc=0x0000025dd65885af sp=0x000000927c9fe5e0 mode 2
Event: 172.003 Thread 0x0000025def196800 DEOPT PACKING pc=0x0000025dd8a29f78 sp=0x000000927c9fd250
Event: 172.004 Thread 0x0000025def196800 DEOPT UNPACKING pc=0x0000025dd65c9d0e sp=0x000000927c9fc7b8 mode 0
Event: 183.498 Thread 0x0000025df42d5000 DEOPT PACKING pc=0x0000025dd8a87546 sp=0x0000009203bfdae0
Event: 183.499 Thread 0x0000025df42d5000 DEOPT UNPACKING pc=0x0000025dd65c9d0e sp=0x0000009203bfcfb0 mode 0
Event: 262.189 Thread 0x0000025df42cd800 Uncommon trap: trap_request=0xffffff4d fr.pc=0x0000025dde7ba090 relative=0x0000000000000690
Event: 262.189 Thread 0x0000025df42cd800 Uncommon trap: reason=unstable_if action=reinterpret pc=0x0000025dde7ba090 method=com.esotericsoftware.kryo.io.Input.require(I)I @ 180 c2
Event: 262.189 Thread 0x0000025df42cd800 DEOPT PACKING pc=0x0000025dde7ba090 sp=0x00000092002fee30
Event: 262.189 Thread 0x0000025df42cd800 DEOPT UNPACKING pc=0x0000025dd65885af sp=0x00000092002fed68 mode 2
Event: 262.287 Thread 0x0000025df42c9800 Uncommon trap: trap_request=0xffffff4d fr.pc=0x0000025dde772ab4 relative=0x0000000000000a94
Event: 262.287 Thread 0x0000025df42c9800 Uncommon trap: reason=unstable_if action=reinterpret pc=0x0000025dde772ab4 method=org.gradle.internal.operations.DefaultBuildOperationAncestryTracker.started(Lorg/gradle/internal/operations/BuildOperationDescriptor;Lorg/gradle/internal/operations/Operatio
Event: 262.287 Thread 0x0000025df42c9800 DEOPT PACKING pc=0x0000025dde772ab4 sp=0x00000092005fd4b0
Event: 262.288 Thread 0x0000025df42c9800 DEOPT UNPACKING pc=0x0000025dd65885af sp=0x00000092005fd418 mode 2
Event: 262.292 Thread 0x0000025df42c9800 Uncommon trap: trap_request=0xffffff4d fr.pc=0x0000025dde8f37d4 relative=0x0000000000002f14
Event: 262.292 Thread 0x0000025df42c9800 Uncommon trap: reason=unstable_if action=reinterpret pc=0x0000025dde8f37d4 method=org.gradle.internal.logging.sink.OutputEventTransformer.onOutput(Lorg/gradle/internal/logging/events/OutputEvent;)V @ 84 c2
Event: 262.292 Thread 0x0000025df42c9800 DEOPT PACKING pc=0x0000025dde8f37d4 sp=0x00000092005fd320
Event: 262.293 Thread 0x0000025df42c9800 DEOPT UNPACKING pc=0x0000025dd65885af sp=0x00000092005fd318 mode 2

Classes redefined (0 events):
No events

Internal exceptions (20 events):
Event: 57.348 Thread 0x0000025dee64a000 Exception <a 'java/lang/ClassNotFoundException'{0x000000008d04de18}: java/util/CollectionCustomizer> (0x000000008d04de18) thrown at [./src/hotspot/share/classfile/systemDictionary.cpp, line 231]
Event: 57.357 Thread 0x0000025dee64a000 Exception <a 'java/lang/ClassNotFoundException'{0x000000008d0c8d80}: org/gradle/api/tasks/SourceSetBeanInfo> (0x000000008d0c8d80) thrown at [./src/hotspot/share/classfile/systemDictionary.cpp, line 231]
Event: 57.357 Thread 0x0000025dee64a000 Exception <a 'java/lang/ClassNotFoundException'{0x000000008d0e4f48}: org/gradle/api/tasks/SourceSetCustomizer> (0x000000008d0e4f48) thrown at [./src/hotspot/share/classfile/systemDictionary.cpp, line 231]
Event: 57.360 Thread 0x0000025dee64a000 Exception <a 'java/lang/ClassNotFoundException'{0x000000008cf5f900}: java/util/LinkedHashMapBeanInfo> (0x000000008cf5f900) thrown at [./src/hotspot/share/classfile/systemDictionary.cpp, line 231]
Event: 57.360 Thread 0x0000025dee64a000 Exception <a 'java/lang/ClassNotFoundException'{0x000000008cf682b0}: java/util/HashMapBeanInfo> (0x000000008cf682b0) thrown at [./src/hotspot/share/classfile/systemDictionary.cpp, line 231]
Event: 57.360 Thread 0x0000025dee64a000 Exception <a 'java/lang/ClassNotFoundException'{0x000000008cf71cc0}: java/util/AbstractMapBeanInfo> (0x000000008cf71cc0) thrown at [./src/hotspot/share/classfile/systemDictionary.cpp, line 231]
Event: 57.360 Thread 0x0000025dee64a000 Exception <a 'java/lang/ClassNotFoundException'{0x000000008cf7af90}: java/util/AbstractMapCustomizer> (0x000000008cf7af90) thrown at [./src/hotspot/share/classfile/systemDictionary.cpp, line 231]
Event: 57.361 Thread 0x0000025dee64a000 Exception <a 'java/lang/ClassNotFoundException'{0x000000008cf8df20}: java/util/HashMapCustomizer> (0x000000008cf8df20) thrown at [./src/hotspot/share/classfile/systemDictionary.cpp, line 231]
Event: 57.362 Thread 0x0000025dee64a000 Exception <a 'java/lang/ClassNotFoundException'{0x000000008cfacdb8}: java/util/LinkedHashMapCustomizer> (0x000000008cfacdb8) thrown at [./src/hotspot/share/classfile/systemDictionary.cpp, line 231]
Event: 57.902 Thread 0x0000025def989000 Exception <a 'java/lang/NoSuchMethodError'{0x000000008d4d94c8}: <clinit>> (0x000000008d4d94c8) thrown at [./src/hotspot/share/prims/jni.cpp, line 1366]
Event: 57.903 Thread 0x0000025def989000 Exception <a 'java/lang/NoSuchMethodError'{0x000000008d4eb078}: <clinit>> (0x000000008d4eb078) thrown at [./src/hotspot/share/prims/jni.cpp, line 1366]
Event: 57.908 Thread 0x0000025def989000 Exception <a 'java/lang/NoSuchMethodError'{0x000000008d3054d8}: <clinit>> (0x000000008d3054d8) thrown at [./src/hotspot/share/prims/jni.cpp, line 1366]
Event: 57.914 Thread 0x0000025def989000 Exception <a 'java/lang/NoSuchMethodError'{0x000000008d350020}: <clinit>> (0x000000008d350020) thrown at [./src/hotspot/share/prims/jni.cpp, line 1366]
Event: 57.915 Thread 0x0000025def989000 Exception <a 'java/lang/NoSuchMethodError'{0x000000008d3601b8}: <clinit>> (0x000000008d3601b8) thrown at [./src/hotspot/share/prims/jni.cpp, line 1366]
Event: 57.995 Thread 0x0000025df1f2e800 Exception <a 'sun/nio/fs/WindowsException'{0x000000008d3bec00}> (0x000000008d3bec00) thrown at [./src/hotspot/share/prims/jni.cpp, line 616]
Event: 58.362 Thread 0x0000025dee64a000 Implicit null exception at 0x0000025dde791eaf to 0x0000025dde791efc
Event: 62.006 Thread 0x0000025def196800 Implicit null exception at 0x0000025dde44dd94 to 0x0000025dde44e3e4
Event: 262.056 Thread 0x0000025df42cd800 Exception <a 'java/lang/NoSuchMethodError'{0x000000008ce55b48}: <clinit>> (0x000000008ce55b48) thrown at [./src/hotspot/share/prims/jni.cpp, line 1366]
Event: 262.092 Thread 0x0000025df42cd800 Exception <a 'java/lang/NoSuchMethodError'{0x000000008ce8c430}: <clinit>> (0x000000008ce8c430) thrown at [./src/hotspot/share/prims/jni.cpp, line 1366]
Event: 262.292 Thread 0x0000025df42c9800 Implicit null exception at 0x0000025dde8f0926 to 0x0000025dde8f37bc

Events (20 events):
Event: 262.172 Thread 0x0000025df42cf000 Thread added: 0x0000025df42cf000
Event: 262.187 Executing VM operation: RevokeBias
Event: 262.188 Executing VM operation: RevokeBias done
Event: 262.189 Executing VM operation: RevokeBias
Event: 262.190 Executing VM operation: RevokeBias done
Event: 262.192 Executing VM operation: RevokeBias
Event: 262.195 Executing VM operation: RevokeBias done
Event: 262.195 Thread 0x0000025df42cd800 Thread exited: 0x0000025df42cd800
Event: 262.230 Executing VM operation: RevokeBias
Event: 262.231 Executing VM operation: RevokeBias done
Event: 262.232 Executing VM operation: RevokeBias
Event: 262.232 Executing VM operation: RevokeBias done
Event: 262.296 Executing VM operation: RevokeBias
Event: 262.297 Executing VM operation: RevokeBias done
Event: 262.298 Executing VM operation: RevokeBias
Event: 262.298 Executing VM operation: RevokeBias done
Event: 262.308 Executing VM operation: G1CollectForAllocation
Event: 262.369 Executing VM operation: G1CollectForAllocation done
Event: 262.394 Executing VM operation: RevokeBias
Event: 262.400 Executing VM operation: RevokeBias done


Dynamic libraries:
0x00007ff72f530000 - 0x00007ff72f53a000 	C:\Program Files\Android\Android Studio\jre\bin\java.exe
0x00007ffca4500000 - 0x00007ffca4709000 	C:\WINDOWS\SYSTEM32\ntdll.dll
0x00007ffca41f0000 - 0x00007ffca42ad000 	C:\WINDOWS\System32\KERNEL32.DLL
0x00007ffca1e70000 - 0x00007ffca21eb000 	C:\WINDOWS\System32\KERNELBASE.dll
0x00007ffca2260000 - 0x00007ffca2371000 	C:\WINDOWS\System32\ucrtbase.dll
0x00007ffc85290000 - 0x00007ffc852a9000 	C:\Program Files\Android\Android Studio\jre\bin\jli.dll
0x00007ffc7e6e0000 - 0x00007ffc7e6f7000 	C:\Program Files\Android\Android Studio\jre\bin\VCRUNTIME140.dll
0x00007ffca4310000 - 0x00007ffca44bd000 	C:\WINDOWS\System32\USER32.dll
0x00007ffc8eca0000 - 0x00007ffc8ef45000 	C:\WINDOWS\WinSxS\amd64_microsoft.windows.common-controls_6595b64144ccf1df_6.0.22000.120_none_9d947278b86cc467\COMCTL32.dll
0x00007ffca1d20000 - 0x00007ffca1d46000 	C:\WINDOWS\System32\win32u.dll
0x00007ffca3890000 - 0x00007ffca3933000 	C:\WINDOWS\System32\msvcrt.dll
0x00007ffca27f0000 - 0x00007ffca2819000 	C:\WINDOWS\System32\GDI32.dll
0x00007ffca1d50000 - 0x00007ffca1e68000 	C:\WINDOWS\System32\gdi32full.dll
0x00007ffca1b40000 - 0x00007ffca1bdd000 	C:\WINDOWS\System32\msvcp_win.dll
0x00007ffca3850000 - 0x00007ffca3881000 	C:\WINDOWS\System32\IMM32.DLL
0x00007ffc7e640000 - 0x00007ffc7e6dd000 	C:\Program Files\Android\Android Studio\jre\bin\msvcp140.dll
0x00007ffc5eb50000 - 0x00007ffc5f652000 	C:\Program Files\Android\Android Studio\jre\bin\server\jvm.dll
0x00007ffca2880000 - 0x00007ffca292e000 	C:\WINDOWS\System32\ADVAPI32.dll
0x00007ffca4150000 - 0x00007ffca41ee000 	C:\WINDOWS\System32\sechost.dll
0x00007ffca2930000 - 0x00007ffca2a50000 	C:\WINDOWS\System32\RPCRT4.dll
0x00007ffca32f0000 - 0x00007ffca32f8000 	C:\WINDOWS\System32\PSAPI.DLL
0x00007ffc83270000 - 0x00007ffc83279000 	C:\WINDOWS\SYSTEM32\WSOCK32.dll
0x00007ffc9b760000 - 0x00007ffc9b793000 	C:\WINDOWS\SYSTEM32\WINMM.dll
0x00007ffc9ae00000 - 0x00007ffc9ae0a000 	C:\WINDOWS\SYSTEM32\VERSION.dll
0x00007ffca3210000 - 0x00007ffca327f000 	C:\WINDOWS\System32\WS2_32.dll
0x00007ffca0b40000 - 0x00007ffca0b58000 	C:\WINDOWS\SYSTEM32\kernel.appcore.dll
0x00007ffc9da70000 - 0x00007ffc9da81000 	C:\Program Files\Android\Android Studio\jre\bin\verify.dll
0x00007ffc9f060000 - 0x00007ffc9f281000 	C:\WINDOWS\SYSTEM32\DBGHELP.DLL
0x00007ffc8fa90000 - 0x00007ffc8fac1000 	C:\WINDOWS\SYSTEM32\dbgcore.DLL
0x00007ffca1ca0000 - 0x00007ffca1d1f000 	C:\WINDOWS\System32\bcryptPrimitives.dll
0x00007ffc85740000 - 0x00007ffc85769000 	C:\Program Files\Android\Android Studio\jre\bin\java.dll
0x00007ffc9db40000 - 0x00007ffc9db4b000 	C:\Program Files\Android\Android Studio\jre\bin\jimage.dll
0x00007ffc88e60000 - 0x00007ffc88e78000 	C:\Program Files\Android\Android Studio\jre\bin\zip.dll
0x00007ffca2a50000 - 0x00007ffca3208000 	C:\WINDOWS\System32\SHELL32.dll
0x00007ffc9fad0000 - 0x00007ffca0335000 	C:\WINDOWS\SYSTEM32\windows.storage.dll
0x00007ffca3a30000 - 0x00007ffca3da7000 	C:\WINDOWS\System32\combase.dll
0x00007ffc9f960000 - 0x00007ffc9fac6000 	C:\WINDOWS\SYSTEM32\wintypes.dll
0x00007ffca3e10000 - 0x00007ffca3efa000 	C:\WINDOWS\System32\SHCORE.dll
0x00007ffca2820000 - 0x00007ffca287d000 	C:\WINDOWS\System32\shlwapi.dll
0x00007ffca1900000 - 0x00007ffca1921000 	C:\WINDOWS\SYSTEM32\profapi.dll
0x00007ffc85720000 - 0x00007ffc8573a000 	C:\Program Files\Android\Android Studio\jre\bin\net.dll
0x00007ffc9c550000 - 0x00007ffc9c65c000 	C:\WINDOWS\SYSTEM32\WINHTTP.dll
0x00007ffca0fe0000 - 0x00007ffca1047000 	C:\WINDOWS\system32\mswsock.dll
0x00007ffc85700000 - 0x00007ffc85714000 	C:\Program Files\Android\Android Studio\jre\bin\nio.dll
0x00007ffc7e700000 - 0x00007ffc7e727000 	E:\BUS APP\Android Payment Gateway APK\Android_Non-Seamless_Version.1.0\Non-Seamless\NonSeamless-Simple\native\e1d6ef7f7dcc3fd88c89a11ec53ec762bb8ba0a96d01ffa2cd45eb1d1d8dd5c5\windows-amd64\native-platform.dll
0x00007ffc70130000 - 0x00007ffc70274000 	E:\BUS APP\Android Payment Gateway APK\Android_Non-Seamless_Version.1.0\Non-Seamless\NonSeamless-Simple\native\0d407fdbe67a94daf76414ababcb853783967236a71b16ec16e742cd7a986fd3\windows-amd64\native-platform-file-events.dll
0x00007ffc9db10000 - 0x00007ffc9db1a000 	C:\Program Files\Android\Android Studio\jre\bin\management.dll
0x00007ffc9da60000 - 0x00007ffc9da6d000 	C:\Program Files\Android\Android Studio\jre\bin\management_ext.dll
0x00007ffca1230000 - 0x00007ffca1248000 	C:\WINDOWS\SYSTEM32\CRYPTSP.dll
0x00007ffca0aa0000 - 0x00007ffca0ad5000 	C:\WINDOWS\system32\rsaenh.dll
0x00007ffca10d0000 - 0x00007ffca10f9000 	C:\WINDOWS\SYSTEM32\USERENV.dll
0x00007ffca13b0000 - 0x00007ffca13d7000 	C:\WINDOWS\SYSTEM32\bcrypt.dll
0x00007ffca1220000 - 0x00007ffca122c000 	C:\WINDOWS\SYSTEM32\CRYPTBASE.dll
0x00007ffca0670000 - 0x00007ffca069d000 	C:\WINDOWS\SYSTEM32\IPHLPAPI.DLL
0x00007ffca3720000 - 0x00007ffca3729000 	C:\WINDOWS\System32\NSI.dll
0x00007ffc9bc20000 - 0x00007ffc9bc39000 	C:\WINDOWS\SYSTEM32\dhcpcsvc6.DLL
0x00007ffc9bdc0000 - 0x00007ffc9bdde000 	C:\WINDOWS\SYSTEM32\dhcpcsvc.DLL
0x00007ffca06a0000 - 0x00007ffca0788000 	C:\WINDOWS\SYSTEM32\DNSAPI.dll
0x00007ffc851d0000 - 0x00007ffc851f7000 	C:\Program Files\Android\Android Studio\jre\bin\sunec.dll
0x00007ffc96390000 - 0x00007ffc9639a000 	C:\Windows\System32\rasadhlp.dll
0x00007ffc9a780000 - 0x00007ffc9a801000 	C:\WINDOWS\System32\fwpuclnt.dll

dbghelp: loaded successfully - version: 4.0.5 - missing functions: none
symbol engine: initialized successfully - sym options: 0x614 - pdb path: .;C:\Program Files\Android\Android Studio\jre\bin;C:\WINDOWS\SYSTEM32;C:\WINDOWS\WinSxS\amd64_microsoft.windows.common-controls_6595b64144ccf1df_6.0.22000.120_none_9d947278b86cc467;C:\Program Files\Android\Android Studio\jre\bin\server;E:\BUS APP\Android Payment Gateway APK\Android_Non-Seamless_Version.1.0\Non-Seamless\NonSeamless-Simple\native\e1d6ef7f7dcc3fd88c89a11ec53ec762bb8ba0a96d01ffa2cd45eb1d1d8dd5c5\windows-amd64;E:\BUS APP\Android Payment Gateway APK\Android_Non-Seamless_Version.1.0\Non-Seamless\NonSeamless-Simple\native\0d407fdbe67a94daf76414ababcb853783967236a71b16ec16e742cd7a986fd3\windows-amd64

VM Arguments:
jvm_args: --add-opens=java.base/java.util=ALL-UNNAMED --add-opens=java.base/java.lang=ALL-UNNAMED --add-opens=java.base/java.lang.invoke=ALL-UNNAMED --add-opens=java.base/java.util=ALL-UNNAMED --add-opens=java.prefs/java.util.prefs=ALL-UNNAMED --add-opens=java.prefs/java.util.prefs=ALL-UNNAMED --add-opens=java.base/java.nio.charset=ALL-UNNAMED --add-opens=java.base/java.net=ALL-UNNAMED --add-opens=java.base/java.util.concurrent.atomic=ALL-UNNAMED -Xmx2048m -Dfile.encoding=UTF-8 -Duser.country=IN -Duser.language=en -Duser.variant 
java_command: org.gradle.launcher.daemon.bootstrap.GradleDaemon 7.4
java_class_path (initial): E:\BUS APP\Android Payment Gateway APK\Android_Non-Seamless_Version.1.0\Non-Seamless\NonSeamless-Simple\wrapper\dists\gradle-7.4-bin\c0gwcg53nkjbqw7r0h0umtfvt\gradle-7.4\lib\gradle-launcher-7.4.jar
Launcher Type: SUN_STANDARD

[Global flags]
     intx CICompilerCount                          = 4                                         {product} {ergonomic}
     uint ConcGCThreads                            = 2                                         {product} {ergonomic}
     uint G1ConcRefinementThreads                  = 8                                         {product} {ergonomic}
   size_t G1HeapRegionSize                         = 1048576                                   {product} {ergonomic}
    uintx GCDrainStackTargetSize                   = 64                                        {product} {ergonomic}
   size_t InitialHeapSize                          = 130023424                                 {product} {ergonomic}
   size_t MarkStackSize                            = 4194304                                   {product} {ergonomic}
   size_t MaxHeapSize                              = 2147483648                                {product} {command line}
   size_t MaxNewSize                               = 1287651328                                {product} {ergonomic}
   size_t MinHeapDeltaBytes                        = 1048576                                   {product} {ergonomic}
    uintx NonNMethodCodeHeapSize                   = 5836300                                {pd product} {ergonomic}
    uintx NonProfiledCodeHeapSize                  = 122910970                              {pd product} {ergonomic}
    uintx ProfiledCodeHeapSize                     = 122910970                              {pd product} {ergonomic}
    uintx ReservedCodeCacheSize                    = 251658240                              {pd product} {ergonomic}
     bool SegmentedCodeCache                       = true                                      {product} {ergonomic}
     bool UseCompressedClassPointers               = true                                 {lp64_product} {ergonomic}
     bool UseCompressedOops                        = true                                 {lp64_product} {ergonomic}
     bool UseG1GC                                  = true                                      {product} {ergonomic}
     bool UseLargePagesIndividualAllocation        = false                                  {pd product} {ergonomic}

Logging:
Log output configuration:
 #0: stdout all=warning uptime,level,tags
 #1: stderr all=off uptime,level,tags

Environment Variables:
PATH=C:\Program Files (x86)\VMware\VMware Workstation\bin\;C:\oraclexe\app\oracle\product\11.2.0\server\bin;C:\Windows\system32;C:\Windows;C:\Windows\System32\Wbem;C:\Windows\System32\WindowsPowerShell\v1.0\;C:\Windows\System32\OpenSSH\;C:\Program Files\NVIDIA Corporation\NVIDIA NvDLISR;C:\Program Files (x86)\NVIDIA Corporation\PhysX\Common;C:\Program Files\dotnet\;C:\WINDOWS\system32;C:\WINDOWS;C:\WINDOWS\System32\Wbem;C:\WINDOWS\System32\WindowsPowerShell\v1.0\;C:\WINDOWS\System32\OpenSSH\;C:\Program Files\Git\cmd;C:\src\flutter\bin;C:\src\flutter\bin;C:\Program Files\Java\jdk1.8.0_202\bin;C:\Users\DELL\AppData\Local\Microsoft\WindowsApps;C:\Users\DELL\AppData\Local\atom\bin;C:\Users\DELL\AppData\Local\Programs\Microsoft VS Code\bin;
USERNAME=DELL
OS=Windows_NT
PROCESSOR_IDENTIFIER=Intel64 Family 6 Model 140 Stepping 1, GenuineIntel



---------------  S Y S T E M  ---------------

OS: Windows 11 , 64 bit Build 22000 (10.0.22000.708)
OS uptime: 0 days 5:36 hours
Hyper-V role detected

CPU:total 8 (initial active 8) (4 cores per cpu, 2 threads per core) family 6 model 140 stepping 1 microcode 0xa4, cmov, cx8, fxsr, mmx, sse, sse2, sse3, ssse3, sse4.1, sse4.2, popcnt, avx, avx2, aes, clmul, erms, 3dnowpref, lzcnt, ht, tsc, tscinvbit, bmi1, bmi2, adx, evex, sha, fma

Memory: 4k page, system-wide physical 7914M (352M free)
TotalPageFile size 29966M (AvailPageFile size 0M)
current process WorkingSet (physical memory assigned to process): 92M, peak: 611M
current process commit charge ("private bytes"): 542M, peak: 663M

vm_info: OpenJDK 64-Bit Server VM (11.0.13+0-b1751.21-8125866) for windows-amd64 JRE (11.0.13+0-b1751.21-8125866), built on Feb  2 2022 03:00:22 by "builder" with MS VC++ 14.0 (VS2015)

END.
